<?xml version="1.0" encoding="utf-8"?>
<CoverageSession xmlns:xsd="http://www.w3.org/2001/XMLSchema" xmlns:xsi="http://www.w3.org/2001/XMLSchema-instance" Version="4.6.0.0">
  <Summary numSequencePoints="637" visitedSequencePoints="145" numBranchPoints="324" visitedBranchPoints="57" sequenceCoverage="22.76" branchCoverage="17.59" maxCyclomaticComplexity="12" minCyclomaticComplexity="1" maxCrapScore="90" minCrapScore="1" visitedClasses="16" numClasses="41" visitedMethods="36" numMethods="146" />
  <Modules>
    <Module hash="49-96-98-29-A0-5F-9B-C9-4C-0F-21-26-C8-59-62-7F-49-E7-3D-98">
      <Summary numSequencePoints="3" visitedSequencePoints="2" numBranchPoints="1" visitedBranchPoints="1" sequenceCoverage="66.67" branchCoverage="100" maxCyclomaticComplexity="1" minCyclomaticComplexity="1" maxCrapScore="2" minCrapScore="1.04" visitedClasses="1" numClasses="1" visitedMethods="1" numMethods="1" />
      <ModulePath>C:\USERS\CRISTIAN\APPDATA\LOCAL\MICROSOFT\VISUALSTUDIO\15.0_51D1747F\EXTENSIONS\I5HAIWAC.DBC\AxoCover.Host-x86.exe</ModulePath>
      <ModuleTime>2020-06-26T20:53:05.5161585Z</ModuleTime>
      <ModuleName>AxoCover.Host-x86</ModuleName>
      <Files>
        <File uid="1" fullPath="C:\projects\axotools\AxoCover.Host-x86\Program.cs" />
      </Files>
      <Classes>
        <Class>
          <Summary numSequencePoints="3" visitedSequencePoints="2" numBranchPoints="1" visitedBranchPoints="1" sequenceCoverage="66.67" branchCoverage="100" maxCyclomaticComplexity="1" minCyclomaticComplexity="1" maxCrapScore="2" minCrapScore="1.04" visitedClasses="1" numClasses="1" visitedMethods="1" numMethods="1" />
          <FullName>AxoCover.Host.x86.Program</FullName>
          <Methods>
            <Method visited="true" cyclomaticComplexity="1" nPathComplexity="0" sequenceCoverage="66.67" branchCoverage="100" crapScore="1.04" isConstructor="false" isStatic="true" isGetter="false" isSetter="false">
              <Summary numSequencePoints="3" visitedSequencePoints="2" numBranchPoints="1" visitedBranchPoints="1" sequenceCoverage="66.67" branchCoverage="100" maxCyclomaticComplexity="1" minCyclomaticComplexity="1" maxCrapScore="1.04" minCrapScore="1.04" visitedClasses="0" numClasses="0" visitedMethods="1" numMethods="1" />
              <MetadataToken>100663297</MetadataToken>
              <Name>System.Void AxoCover.Host.x86.Program::Main(System.String[])</Name>
              <FileRef uid="1" />
              <SequencePoints>
                <SequencePoint vc="1" uspid="1" ordinal="0" offset="0" sl="10" sc="7" el="10" ec="65" bec="0" bev="0" fileid="1" />
                <SequencePoint vc="1" uspid="2" ordinal="1" offset="10" sl="11" sc="7" el="11" ec="80" bec="0" bev="0" fileid="1" />
                <SequencePoint vc="0" uspid="3" ordinal="2" offset="36" sl="12" sc="5" el="12" ec="6" bec="0" bev="0" fileid="1" />
              </SequencePoints>
              <BranchPoints />
              <MethodPoint xsi:type="SequencePoint" vc="1" uspid="1" ordinal="0" offset="0" sl="10" sc="7" el="10" ec="65" bec="0" bev="0" fileid="1" />
            </Method>
            <Method visited="false" cyclomaticComplexity="1" nPathComplexity="0" sequenceCoverage="0" branchCoverage="0" crapScore="2" isConstructor="true" isStatic="false" isGetter="false" isSetter="false">
              <Summary numSequencePoints="0" visitedSequencePoints="0" numBranchPoints="0" visitedBranchPoints="0" sequenceCoverage="0" branchCoverage="0" maxCyclomaticComplexity="1" minCyclomaticComplexity="1" maxCrapScore="2" minCrapScore="2" visitedClasses="0" numClasses="0" visitedMethods="0" numMethods="0" />
              <MetadataToken>100663298</MetadataToken>
              <Name>System.Void AxoCover.Host.x86.Program::.ctor()</Name>
              <SequencePoints />
              <BranchPoints />
              <MethodPoint vc="0" uspid="4" ordinal="0" offset="0" />
            </Method>
          </Methods>
        </Class>
      </Classes>
    </Module>
    <Module hash="30-BE-68-11-32-67-61-39-E3-3C-21-E3-31-89-9E-5E-B7-C6-63-C6">
      <Summary numSequencePoints="375" visitedSequencePoints="104" numBranchPoints="162" visitedBranchPoints="40" sequenceCoverage="27.73" branchCoverage="24.69" maxCyclomaticComplexity="12" minCyclomaticComplexity="1" maxCrapScore="72.75" minCrapScore="1" visitedClasses="10" numClasses="23" visitedMethods="25" numMethods="88" />
      <ModulePath>C:\USERS\CRISTIAN\APPDATA\LOCAL\MICROSOFT\VISUALSTUDIO\15.0_51D1747F\EXTENSIONS\I5HAIWAC.DBC\AxoCover.Runner.exe</ModulePath>
      <ModuleTime>2020-06-26T20:53:05.5380977Z</ModuleTime>
      <ModuleName>AxoCover.Runner</ModuleName>
      <Files>
        <File uid="3" fullPath="C:\projects\axotools\AxoCover.Runner\NativeServices.cs" />
        <File uid="5" fullPath="C:\projects\axotools\AxoCover.Runner\ConversionExtensions.cs" />
        <File uid="8" fullPath="C:\projects\axotools\AxoCover.Runner\Extensions.cs" />
        <File uid="10" fullPath="C:\projects\axotools\AxoCover.Runner\TestDiscoveryContext.cs" />
        <File uid="11" fullPath="C:\projects\axotools\AxoCover.Runner\TestDiscoveryService.cs" />
        <File uid="13" fullPath="C:\projects\axotools\AxoCover.Runner\Program.cs" />
        <File uid="16" fullPath="C:\projects\axotools\AxoCover.Runner\TestExecutionService.cs" />
        <File uid="20" fullPath="C:\projects\axotools\AxoCover.Runner\TestExecutionContext.cs" />
        <File uid="23" fullPath="C:\projects\axotools\AxoCover.Runner\Settings\RunConfiguration.cs" />
        <File uid="24" fullPath="C:\projects\axotools\AxoCover.Runner\Settings\RunSettings.cs" />
        <File uid="25" fullPath="C:\projects\axotools\AxoCover.Runner\Properties\Resources.Designer.cs" />
      </Files>
      <Classes>
        <Class>
          <Summary numSequencePoints="42" visitedSequencePoints="0" numBranchPoints="21" visitedBranchPoints="0" sequenceCoverage="0" branchCoverage="0" maxCyclomaticComplexity="6" minCyclomaticComplexity="1" maxCrapScore="42" minCrapScore="2" visitedClasses="0" numClasses="1" visitedMethods="0" numMethods="3" />
          <FullName>AxoCover.Runner.NativeServices</FullName>
          <Methods>
            <Method visited="false" cyclomaticComplexity="3" nPathComplexity="4" sequenceCoverage="0" branchCoverage="0" crapScore="12" isConstructor="false" isStatic="true" isGetter="false" isSetter="false">
              <Summary numSequencePoints="4" visitedSequencePoints="0" numBranchPoints="5" visitedBranchPoints="0" sequenceCoverage="0" branchCoverage="0" maxCyclomaticComplexity="3" minCyclomaticComplexity="3" maxCrapScore="12" minCrapScore="12" visitedClasses="0" numClasses="0" visitedMethods="0" numMethods="1" />
              <MetadataToken>100663297</MetadataToken>
              <Name>System.Void AxoCover.Runner.NativeServices::ExecuteWithFileRedirection(AxoCover.Common.Runner.TestAdapterOptions,System.Action,System.Action`2&lt;AxoCover.Common.Models.TestMessageLevel,System.String&gt;)</Name>
              <FileRef uid="3" />
              <SequencePoints>
                <SequencePoint vc="0" uspid="5" ordinal="0" offset="27" sl="18" sc="7" el="18" ec="143" bec="3" bev="0" fileid="3" />
                <SequencePoint vc="0" uspid="6" ordinal="1" offset="65" sl="20" sc="9" el="20" ec="87" bec="0" bev="0" fileid="3" />
                <SequencePoint vc="0" uspid="7" ordinal="2" offset="82" sl="21" sc="9" el="21" ec="18" bec="0" bev="0" fileid="3" />
                <SequencePoint vc="0" uspid="8" ordinal="3" offset="93" sl="23" sc="5" el="23" ec="6" bec="0" bev="0" fileid="3" />
              </SequencePoints>
              <BranchPoints>
                <BranchPoint vc="0" uspid="9" ordinal="0" offset="38" sl="18" path="0" offsetend="40" fileid="3" />
                <BranchPoint vc="0" uspid="10" ordinal="1" offset="38" sl="18" path="1" offsetend="65" fileid="3" />
                <BranchPoint vc="0" uspid="11" ordinal="2" offset="63" sl="18" path="0" offsetend="65" fileid="3" />
                <BranchPoint vc="0" uspid="12" ordinal="3" offset="63" sl="18" path="1" offsetend="93" fileid="3" />
              </BranchPoints>
              <MethodPoint vc="0" uspid="13" ordinal="0" offset="0" />
            </Method>
            <Method visited="false" cyclomaticComplexity="5" nPathComplexity="8" sequenceCoverage="0" branchCoverage="0" crapScore="30" isConstructor="false" isStatic="true" isGetter="false" isSetter="false">
              <Summary numSequencePoints="14" visitedSequencePoints="0" numBranchPoints="7" visitedBranchPoints="0" sequenceCoverage="0" branchCoverage="0" maxCyclomaticComplexity="5" minCyclomaticComplexity="5" maxCrapScore="30" minCrapScore="30" visitedClasses="0" numClasses="0" visitedMethods="0" numMethods="1" />
              <MetadataToken>100663298</MetadataToken>
              <Name>System.Boolean AxoCover.Runner.NativeServices::ExecuteCall(System.Action,System.Action`2&lt;AxoCover.Common.Models.TestMessageLevel,System.String&gt;)</Name>
              <FileRef uid="3" />
              <SequencePoints>
                <SequencePoint vc="0" uspid="14" ordinal="0" offset="0" sl="27" sc="7" el="27" ec="26" bec="2" bev="0" fileid="3" />
                <SequencePoint vc="0" uspid="15" ordinal="1" offset="7" sl="29" sc="9" el="29" ec="31" bec="0" bev="0" fileid="3" />
                <SequencePoint vc="0" uspid="16" ordinal="2" offset="13" sl="32" sc="11" el="32" ec="82" bec="0" bev="0" fileid="3" />
                <SequencePoint vc="0" uspid="17" ordinal="3" offset="28" sl="33" sc="11" el="33" ec="116" bec="2" bev="0" fileid="3" />
                <SequencePoint vc="0" uspid="18" ordinal="4" offset="63" sl="34" sc="11" el="34" ec="31" bec="0" bev="0" fileid="3" />
                <SequencePoint vc="0" uspid="19" ordinal="5" offset="69" sl="35" sc="9" el="35" ec="10" bec="0" bev="0" fileid="3" />
                <SequencePoint vc="0" uspid="20" ordinal="6" offset="71" sl="36" sc="9" el="36" ec="14" bec="0" bev="0" fileid="3" />
                <SequencePoint vc="0" uspid="21" ordinal="7" offset="72" sl="38" sc="11" el="38" ec="32" bec="0" bev="0" fileid="3" />
                <SequencePoint vc="0" uspid="22" ordinal="8" offset="78" sl="39" sc="9" el="39" ec="10" bec="0" bev="0" fileid="3" />
                <SequencePoint vc="0" uspid="23" ordinal="9" offset="80" sl="42" sc="7" el="42" ec="23" bec="2" bev="0" fileid="3" />
                <SequencePoint vc="0" uspid="24" ordinal="10" offset="87" sl="44" sc="9" el="44" ec="18" bec="0" bev="0" fileid="3" />
                <SequencePoint vc="0" uspid="25" ordinal="11" offset="93" sl="45" sc="9" el="45" ec="21" bec="0" bev="0" fileid="3" />
                <SequencePoint vc="0" uspid="26" ordinal="12" offset="95" sl="49" sc="9" el="49" ec="255" bec="0" bev="0" fileid="3" />
                <SequencePoint vc="0" uspid="27" ordinal="13" offset="107" sl="50" sc="9" el="50" ec="22" bec="0" bev="0" fileid="3" />
              </SequencePoints>
              <BranchPoints>
                <BranchPoint vc="0" uspid="28" ordinal="0" offset="5" sl="27" path="0" offsetend="7" fileid="3" />
                <BranchPoint vc="0" uspid="29" ordinal="1" offset="5" sl="27" path="1" offsetend="80" fileid="3" />
                <BranchPoint vc="0" uspid="30" ordinal="2" offset="33" sl="33" path="0" offsetend="35" fileid="3" />
                <BranchPoint vc="0" uspid="31" ordinal="3" offset="33" sl="33" path="1" offsetend="42" fileid="3" />
                <BranchPoint vc="0" uspid="32" ordinal="4" offset="85" sl="42" path="0" offsetend="87" fileid="3" />
                <BranchPoint vc="0" uspid="33" ordinal="5" offset="85" sl="42" path="1" offsetend="95" fileid="3" />
              </BranchPoints>
              <MethodPoint xsi:type="SequencePoint" vc="0" uspid="14" ordinal="0" offset="0" sl="27" sc="7" el="27" ec="26" bec="2" bev="0" fileid="3" />
            </Method>
            <Method visited="false" cyclomaticComplexity="6" nPathComplexity="16" sequenceCoverage="0" branchCoverage="0" crapScore="42" isConstructor="false" isStatic="true" isGetter="false" isSetter="false">
              <Summary numSequencePoints="24" visitedSequencePoints="0" numBranchPoints="9" visitedBranchPoints="0" sequenceCoverage="0" branchCoverage="0" maxCyclomaticComplexity="6" minCyclomaticComplexity="6" maxCrapScore="42" minCrapScore="42" visitedClasses="0" numClasses="0" visitedMethods="0" numMethods="1" />
              <MetadataToken>100663299</MetadataToken>
              <Name>System.Void AxoCover.Runner.NativeServices::ExecuteWithFileRedirectionInternal(AxoCover.Common.Runner.TestAdapterOptions,System.Action,System.Action`2&lt;AxoCover.Common.Models.TestMessageLevel,System.String&gt;)</Name>
              <FileRef uid="3" />
              <SequencePoints>
                <SequencePoint vc="0" uspid="34" ordinal="0" offset="0" sl="58" sc="9" el="58" ec="52" bec="2" bev="0" fileid="3" />
                <SequencePoint vc="0" uspid="35" ordinal="1" offset="8" sl="60" sc="11" el="60" ec="103" bec="0" bev="0" fileid="3" />
                <SequencePoint vc="0" uspid="36" ordinal="2" offset="20" sl="61" sc="32" el="61" ec="67" bec="0" bev="0" fileid="3" />
                <SequencePoint vc="0" uspid="37" ordinal="3" offset="31" sl="61" sc="20" el="61" ec="28" bec="0" bev="0" fileid="3" />
                <SequencePoint vc="0" uspid="38" ordinal="4" offset="35" sl="63" sc="13" el="63" ec="55" bec="0" bev="0" fileid="3" />
                <SequencePoint vc="0" uspid="39" ordinal="5" offset="47" sl="61" sc="29" el="61" ec="31" bec="0" bev="0" fileid="3" />
                <SequencePoint vc="0" uspid="40" ordinal="6" offset="53" sl="65" sc="9" el="65" ec="10" bec="0" bev="0" fileid="3" />
                <SequencePoint vc="0" uspid="41" ordinal="7" offset="55" sl="68" sc="11" el="68" ec="80" bec="0" bev="0" fileid="3" />
                <SequencePoint vc="0" uspid="42" ordinal="8" offset="67" sl="71" sc="9" el="71" ec="52" bec="2" bev="0" fileid="3" />
                <SequencePoint vc="0" uspid="43" ordinal="9" offset="78" sl="73" sc="11" el="73" ec="87" bec="0" bev="0" fileid="3" />
                <SequencePoint vc="0" uspid="44" ordinal="10" offset="90" sl="74" sc="11" el="74" ec="82" bec="2" bev="0" fileid="3" />
                <SequencePoint vc="0" uspid="45" ordinal="11" offset="103" sl="76" sc="13" el="76" ec="88" bec="0" bev="0" fileid="3" />
                <SequencePoint vc="0" uspid="46" ordinal="12" offset="115" sl="77" sc="11" el="77" ec="12" bec="0" bev="0" fileid="3" />
                <SequencePoint vc="0" uspid="47" ordinal="13" offset="117" sl="80" sc="13" el="80" ec="77" bec="0" bev="0" fileid="3" />
                <SequencePoint vc="0" uspid="48" ordinal="14" offset="129" sl="83" sc="11" el="83" ec="152" bec="0" bev="0" fileid="3" />
                <SequencePoint vc="0" uspid="49" ordinal="15" offset="156" sl="84" sc="11" el="84" ec="140" bec="0" bev="0" fileid="3" />
                <SequencePoint vc="0" uspid="50" ordinal="16" offset="183" sl="85" sc="11" el="85" ec="134" bec="0" bev="0" fileid="3" />
                <SequencePoint vc="0" uspid="51" ordinal="17" offset="210" sl="88" sc="9" el="88" ec="18" bec="0" bev="0" fileid="3" />
                <SequencePoint vc="0" uspid="52" ordinal="18" offset="216" sl="89" sc="7" el="89" ec="8" bec="0" bev="0" fileid="3" />
                <SequencePoint vc="0" uspid="53" ordinal="19" offset="218" sl="92" sc="9" el="92" ec="52" bec="2" bev="0" fileid="3" />
                <SequencePoint vc="0" uspid="54" ordinal="20" offset="226" sl="94" sc="11" el="94" ec="56" bec="0" bev="0" fileid="3" />
                <SequencePoint vc="0" uspid="55" ordinal="21" offset="238" sl="95" sc="11" el="95" ec="86" bec="0" bev="0" fileid="3" />
                <SequencePoint vc="0" uspid="56" ordinal="22" offset="250" sl="97" sc="7" el="97" ec="8" bec="0" bev="0" fileid="3" />
                <SequencePoint vc="0" uspid="57" ordinal="23" offset="251" sl="98" sc="5" el="98" ec="6" bec="0" bev="0" fileid="3" />
              </SequencePoints>
              <BranchPoints>
                <BranchPoint vc="0" uspid="58" ordinal="0" offset="6" sl="58" path="0" offsetend="8" fileid="3" />
                <BranchPoint vc="0" uspid="59" ordinal="1" offset="6" sl="58" path="1" offsetend="55" fileid="3" />
                <BranchPoint vc="0" uspid="62" ordinal="4" offset="73" sl="71" path="0" offsetend="78" fileid="3" />
                <BranchPoint vc="0" uspid="63" ordinal="5" offset="73" sl="71" path="1" offsetend="210" fileid="3" />
                <BranchPoint vc="0" uspid="64" ordinal="6" offset="101" sl="74" path="0" offsetend="103" fileid="3" />
                <BranchPoint vc="0" uspid="65" ordinal="7" offset="101" sl="74" path="1" offsetend="117" fileid="3" />
                <BranchPoint vc="0" uspid="66" ordinal="8" offset="224" sl="92" path="0" offsetend="226" fileid="3" />
                <BranchPoint vc="0" uspid="67" ordinal="9" offset="224" sl="92" path="1" offsetend="250" fileid="3" />
              </BranchPoints>
              <MethodPoint xsi:type="SequencePoint" vc="0" uspid="34" ordinal="0" offset="0" sl="58" sc="9" el="58" ec="52" bec="2" bev="0" fileid="3" />
            </Method>
            <Method visited="false" cyclomaticComplexity="1" nPathComplexity="0" sequenceCoverage="0" branchCoverage="0" crapScore="2" isConstructor="true" isStatic="true" isGetter="false" isSetter="false">
              <Summary numSequencePoints="0" visitedSequencePoints="0" numBranchPoints="0" visitedBranchPoints="0" sequenceCoverage="0" branchCoverage="0" maxCyclomaticComplexity="1" minCyclomaticComplexity="1" maxCrapScore="2" minCrapScore="2" visitedClasses="0" numClasses="0" visitedMethods="0" numMethods="0" />
              <MetadataToken>100663300</MetadataToken>
              <Name>System.Void AxoCover.Runner.NativeServices::.cctor()</Name>
              <SequencePoints />
              <BranchPoints />
              <MethodPoint vc="0" uspid="68" ordinal="0" offset="0" />
            </Method>
          </Methods>
        </Class>
        <Class>
          <Summary numSequencePoints="1" visitedSequencePoints="0" numBranchPoints="1" visitedBranchPoints="0" sequenceCoverage="0" branchCoverage="0" maxCyclomaticComplexity="1" minCyclomaticComplexity="1" maxCrapScore="2" minCrapScore="2" visitedClasses="0" numClasses="1" visitedMethods="0" numMethods="1" />
          <FullName>AxoCover.Runner.NativeServices/&lt;&gt;c__DisplayClass2_0</FullName>
          <Methods>
            <Method visited="false" cyclomaticComplexity="1" nPathComplexity="0" sequenceCoverage="0" branchCoverage="0" crapScore="2" isConstructor="true" isStatic="false" isGetter="false" isSetter="false">
              <Summary numSequencePoints="0" visitedSequencePoints="0" numBranchPoints="0" visitedBranchPoints="0" sequenceCoverage="0" branchCoverage="0" maxCyclomaticComplexity="1" minCyclomaticComplexity="1" maxCrapScore="2" minCrapScore="2" visitedClasses="0" numClasses="0" visitedMethods="0" numMethods="0" />
              <MetadataToken>100663381</MetadataToken>
              <Name>System.Void AxoCover.Runner.NativeServices/&lt;&gt;c__DisplayClass2_0::.ctor()</Name>
              <SequencePoints />
              <BranchPoints />
              <MethodPoint vc="0" uspid="69" ordinal="0" offset="0" />
            </Method>
            <Method visited="false" cyclomaticComplexity="1" nPathComplexity="0" sequenceCoverage="0" branchCoverage="0" crapScore="2" isConstructor="false" isStatic="false" isGetter="false" isSetter="false">
              <Summary numSequencePoints="1" visitedSequencePoints="0" numBranchPoints="1" visitedBranchPoints="0" sequenceCoverage="0" branchCoverage="0" maxCyclomaticComplexity="1" minCyclomaticComplexity="1" maxCrapScore="2" minCrapScore="2" visitedClasses="0" numClasses="0" visitedMethods="0" numMethods="1" />
              <MetadataToken>100663382</MetadataToken>
              <Name>System.Void AxoCover.Runner.NativeServices/&lt;&gt;c__DisplayClass2_0::&lt;ExecuteWithFileRedirection&gt;b__0()</Name>
              <FileRef uid="3" />
              <SequencePoints>
                <SequencePoint vc="0" uspid="70" ordinal="0" offset="0" sl="18" sc="73" el="18" ec="136" bec="0" bev="0" fileid="3" />
              </SequencePoints>
              <BranchPoints />
              <MethodPoint xsi:type="SequencePoint" vc="0" uspid="70" ordinal="0" offset="0" sl="18" sc="73" el="18" ec="136" bec="0" bev="0" fileid="3" />
            </Method>
          </Methods>
        </Class>
        <Class>
          <Summary numSequencePoints="33" visitedSequencePoints="0" numBranchPoints="22" visitedBranchPoints="0" sequenceCoverage="0" branchCoverage="0" maxCyclomaticComplexity="4" minCyclomaticComplexity="1" maxCrapScore="20" minCrapScore="2" visitedClasses="0" numClasses="1" visitedMethods="0" numMethods="14" />
          <FullName>AxoCover.Runner.ConversionExtensions</FullName>
          <Methods>
            <Method visited="false" cyclomaticComplexity="1" nPathComplexity="0" sequenceCoverage="0" branchCoverage="0" crapScore="2" isConstructor="false" isStatic="true" isGetter="false" isSetter="false">
              <Summary numSequencePoints="1" visitedSequencePoints="0" numBranchPoints="1" visitedBranchPoints="0" sequenceCoverage="0" branchCoverage="0" maxCyclomaticComplexity="1" minCyclomaticComplexity="1" maxCrapScore="2" minCrapScore="2" visitedClasses="0" numClasses="0" visitedMethods="0" numMethods="1" />
              <MetadataToken>100663301</MetadataToken>
              <Name>AxoCover.Common.Models.TestMessageLevel AxoCover.Runner.ConversionExtensions::Convert(Microsoft.VisualStudio.TestPlatform.ObjectModel.Logging.TestMessageLevel)</Name>
              <FileRef uid="5" />
              <SequencePoints>
                <SequencePoint vc="0" uspid="71" ordinal="0" offset="0" sl="20" sc="7" el="20" ec="63" bec="0" bev="0" fileid="5" />
              </SequencePoints>
              <BranchPoints />
              <MethodPoint xsi:type="SequencePoint" vc="0" uspid="71" ordinal="0" offset="0" sl="20" sc="7" el="20" ec="63" bec="0" bev="0" fileid="5" />
            </Method>
            <Method visited="false" cyclomaticComplexity="1" nPathComplexity="0" sequenceCoverage="0" branchCoverage="0" crapScore="2" isConstructor="false" isStatic="true" isGetter="false" isSetter="false">
              <Summary numSequencePoints="1" visitedSequencePoints="0" numBranchPoints="1" visitedBranchPoints="0" sequenceCoverage="0" branchCoverage="0" maxCyclomaticComplexity="1" minCyclomaticComplexity="1" maxCrapScore="2" minCrapScore="2" visitedClasses="0" numClasses="0" visitedMethods="0" numMethods="1" />
              <MetadataToken>100663302</MetadataToken>
              <Name>AxoCover.Common.Models.TestCase[] AxoCover.Runner.ConversionExtensions::Convert(System.Collections.Generic.IEnumerable`1&lt;Microsoft.VisualStudio.TestPlatform.ObjectModel.TestCase&gt;)</Name>
              <FileRef uid="5" />
              <SequencePoints>
                <SequencePoint vc="0" uspid="72" ordinal="0" offset="0" sl="25" sc="7" el="25" ec="50" bec="0" bev="0" fileid="5" />
              </SequencePoints>
              <BranchPoints />
              <MethodPoint xsi:type="SequencePoint" vc="0" uspid="72" ordinal="0" offset="0" sl="25" sc="7" el="25" ec="50" bec="0" bev="0" fileid="5" />
            </Method>
            <Method visited="false" cyclomaticComplexity="2" nPathComplexity="0" sequenceCoverage="0" branchCoverage="0" crapScore="6" isConstructor="false" isStatic="true" isGetter="false" isSetter="false">
              <Summary numSequencePoints="1" visitedSequencePoints="0" numBranchPoints="1" visitedBranchPoints="0" sequenceCoverage="0" branchCoverage="0" maxCyclomaticComplexity="2" minCyclomaticComplexity="2" maxCrapScore="6" minCrapScore="6" visitedClasses="0" numClasses="0" visitedMethods="0" numMethods="1" />
              <MetadataToken>100663303</MetadataToken>
              <Name>AxoCover.Common.Models.TestCase AxoCover.Runner.ConversionExtensions::Convert(Microsoft.VisualStudio.TestPlatform.ObjectModel.TestCase)</Name>
              <FileRef uid="5" />
              <SequencePoints>
                <SequencePoint vc="0" uspid="73" ordinal="0" offset="13" sl="30" sc="7" el="43" ec="9" bec="0" bev="0" fileid="5" />
              </SequencePoints>
              <BranchPoints />
              <MethodPoint vc="0" uspid="76" ordinal="0" offset="0" />
            </Method>
            <Method visited="false" cyclomaticComplexity="2" nPathComplexity="0" sequenceCoverage="0" branchCoverage="0" crapScore="6" isConstructor="false" isStatic="true" isGetter="false" isSetter="false">
              <Summary numSequencePoints="1" visitedSequencePoints="0" numBranchPoints="1" visitedBranchPoints="0" sequenceCoverage="0" branchCoverage="0" maxCyclomaticComplexity="2" minCyclomaticComplexity="2" maxCrapScore="6" minCrapScore="6" visitedClasses="0" numClasses="0" visitedMethods="0" numMethods="1" />
              <MetadataToken>100663304</MetadataToken>
              <Name>AxoCover.Common.Models.TestProperty AxoCover.Runner.ConversionExtensions::Convert(Microsoft.VisualStudio.TestPlatform.ObjectModel.TestProperty,System.Object)</Name>
              <FileRef uid="5" />
              <SequencePoints>
                <SequencePoint vc="0" uspid="77" ordinal="0" offset="0" sl="48" sc="7" el="57" ec="9" bec="0" bev="0" fileid="5" />
              </SequencePoints>
              <BranchPoints />
              <MethodPoint xsi:type="SequencePoint" vc="0" uspid="77" ordinal="0" offset="0" sl="48" sc="7" el="57" ec="9" bec="0" bev="0" fileid="5" />
            </Method>
            <Method visited="false" cyclomaticComplexity="3" nPathComplexity="4" sequenceCoverage="0" branchCoverage="0" crapScore="12" isConstructor="false" isStatic="true" isGetter="false" isSetter="false">
              <Summary numSequencePoints="9" visitedSequencePoints="0" numBranchPoints="5" visitedBranchPoints="0" sequenceCoverage="0" branchCoverage="0" maxCyclomaticComplexity="3" minCyclomaticComplexity="3" maxCrapScore="12" minCrapScore="12" visitedClasses="0" numClasses="0" visitedMethods="0" numMethods="1" />
              <MetadataToken>100663305</MetadataToken>
              <Name>Microsoft.VisualStudio.TestPlatform.ObjectModel.TestProperty AxoCover.Runner.ConversionExtensions::Convert(AxoCover.Common.Models.TestProperty)</Name>
              <FileRef uid="5" />
              <SequencePoints>
                <SequencePoint vc="0" uspid="80" ordinal="0" offset="0" sl="62" sc="7" el="62" ec="55" bec="0" bev="0" fileid="5" />
                <SequencePoint vc="0" uspid="81" ordinal="1" offset="12" sl="63" sc="7" el="63" ec="26" bec="2" bev="0" fileid="5" />
                <SequencePoint vc="0" uspid="82" ordinal="2" offset="15" sl="65" sc="9" el="65" ec="52" bec="0" bev="0" fileid="5" />
                <SequencePoint vc="0" uspid="83" ordinal="3" offset="27" sl="66" sc="9" el="66" ec="26" bec="2" bev="0" fileid="5" />
                <SequencePoint vc="0" uspid="84" ordinal="4" offset="36" sl="66" sc="27" el="66" ec="39" bec="0" bev="0" fileid="5" />
                <SequencePoint vc="0" uspid="85" ordinal="5" offset="38" sl="68" sc="9" el="68" ec="148" bec="0" bev="0" fileid="5" />
                <SequencePoint vc="0" uspid="86" ordinal="6" offset="78" sl="69" sc="9" el="69" ec="55" bec="0" bev="0" fileid="5" />
                <SequencePoint vc="0" uspid="87" ordinal="7" offset="90" sl="70" sc="9" el="70" ec="49" bec="0" bev="0" fileid="5" />
                <SequencePoint vc="0" uspid="88" ordinal="8" offset="102" sl="72" sc="7" el="72" ec="21" bec="0" bev="0" fileid="5" />
              </SequencePoints>
              <BranchPoints>
                <BranchPoint vc="0" uspid="89" ordinal="0" offset="13" sl="63" path="0" offsetend="15" fileid="5" />
                <BranchPoint vc="0" uspid="90" ordinal="1" offset="13" sl="63" path="1" offsetend="102" fileid="5" />
                <BranchPoint vc="0" uspid="91" ordinal="2" offset="34" sl="66" path="0" offsetend="36" fileid="5" />
                <BranchPoint vc="0" uspid="92" ordinal="3" offset="34" sl="66" path="1" offsetend="38" fileid="5" />
              </BranchPoints>
              <MethodPoint xsi:type="SequencePoint" vc="0" uspid="80" ordinal="0" offset="0" sl="62" sc="7" el="62" ec="55" bec="0" bev="0" fileid="5" />
            </Method>
            <Method visited="false" cyclomaticComplexity="4" nPathComplexity="2" sequenceCoverage="0" branchCoverage="0" crapScore="20" isConstructor="false" isStatic="true" isGetter="false" isSetter="false">
              <Summary numSequencePoints="4" visitedSequencePoints="0" numBranchPoints="3" visitedBranchPoints="0" sequenceCoverage="0" branchCoverage="0" maxCyclomaticComplexity="4" minCyclomaticComplexity="4" maxCrapScore="20" minCrapScore="20" visitedClasses="0" numClasses="0" visitedMethods="0" numMethods="1" />
              <MetadataToken>100663306</MetadataToken>
              <Name>System.Type AxoCover.Runner.ConversionExtensions::GetType(System.String)</Name>
              <FileRef uid="5" />
              <SequencePoints>
                <SequencePoint vc="0" uspid="93" ordinal="0" offset="0" sl="78" sc="7" el="78" ec="56" bec="2" bev="0" fileid="5" />
                <SequencePoint vc="0" uspid="94" ordinal="1" offset="15" sl="80" sc="9" el="80" ec="23" bec="0" bev="0" fileid="5" />
                <SequencePoint vc="0" uspid="95" ordinal="2" offset="17" sl="84" sc="9" el="84" ec="144" bec="0" bev="0" fileid="5" />
                <SequencePoint vc="0" uspid="96" ordinal="3" offset="76" sl="85" sc="9" el="85" ec="23" bec="0" bev="0" fileid="5" />
              </SequencePoints>
              <BranchPoints>
                <BranchPoint vc="0" uspid="97" ordinal="0" offset="13" sl="78" path="0" offsetend="15" fileid="5" />
                <BranchPoint vc="0" uspid="98" ordinal="1" offset="13" sl="78" path="1" offsetend="17" fileid="5" />
              </BranchPoints>
              <MethodPoint xsi:type="SequencePoint" vc="0" uspid="93" ordinal="0" offset="0" sl="78" sc="7" el="78" ec="56" bec="2" bev="0" fileid="5" />
            </Method>
            <Method visited="false" cyclomaticComplexity="1" nPathComplexity="0" sequenceCoverage="0" branchCoverage="0" crapScore="2" isConstructor="false" isStatic="true" isGetter="false" isSetter="false">
              <Summary numSequencePoints="1" visitedSequencePoints="0" numBranchPoints="1" visitedBranchPoints="0" sequenceCoverage="0" branchCoverage="0" maxCyclomaticComplexity="1" minCyclomaticComplexity="1" maxCrapScore="2" minCrapScore="2" visitedClasses="0" numClasses="0" visitedMethods="0" numMethods="1" />
              <MetadataToken>100663307</MetadataToken>
              <Name>AxoCover.Common.Models.TestPropertyAttributes AxoCover.Runner.ConversionExtensions::Convert(Microsoft.VisualStudio.TestPlatform.ObjectModel.TestPropertyAttributes)</Name>
              <FileRef uid="5" />
              <SequencePoints>
                <SequencePoint vc="0" uspid="103" ordinal="0" offset="0" sl="91" sc="7" el="91" ec="75" bec="0" bev="0" fileid="5" />
              </SequencePoints>
              <BranchPoints />
              <MethodPoint xsi:type="SequencePoint" vc="0" uspid="103" ordinal="0" offset="0" sl="91" sc="7" el="91" ec="75" bec="0" bev="0" fileid="5" />
            </Method>
            <Method visited="false" cyclomaticComplexity="1" nPathComplexity="0" sequenceCoverage="0" branchCoverage="0" crapScore="2" isConstructor="false" isStatic="true" isGetter="false" isSetter="false">
              <Summary numSequencePoints="1" visitedSequencePoints="0" numBranchPoints="1" visitedBranchPoints="0" sequenceCoverage="0" branchCoverage="0" maxCyclomaticComplexity="1" minCyclomaticComplexity="1" maxCrapScore="2" minCrapScore="2" visitedClasses="0" numClasses="0" visitedMethods="0" numMethods="1" />
              <MetadataToken>100663308</MetadataToken>
              <Name>Microsoft.VisualStudio.TestPlatform.ObjectModel.TestPropertyAttributes AxoCover.Runner.ConversionExtensions::Convert(AxoCover.Common.Models.TestPropertyAttributes)</Name>
              <FileRef uid="5" />
              <SequencePoints>
                <SequencePoint vc="0" uspid="104" ordinal="0" offset="0" sl="96" sc="7" el="96" ec="61" bec="0" bev="0" fileid="5" />
              </SequencePoints>
              <BranchPoints />
              <MethodPoint xsi:type="SequencePoint" vc="0" uspid="104" ordinal="0" offset="0" sl="96" sc="7" el="96" ec="61" bec="0" bev="0" fileid="5" />
            </Method>
            <Method visited="false" cyclomaticComplexity="1" nPathComplexity="0" sequenceCoverage="0" branchCoverage="0" crapScore="2" isConstructor="false" isStatic="true" isGetter="false" isSetter="false">
              <Summary numSequencePoints="1" visitedSequencePoints="0" numBranchPoints="1" visitedBranchPoints="0" sequenceCoverage="0" branchCoverage="0" maxCyclomaticComplexity="1" minCyclomaticComplexity="1" maxCrapScore="2" minCrapScore="2" visitedClasses="0" numClasses="0" visitedMethods="0" numMethods="1" />
              <MetadataToken>100663309</MetadataToken>
              <Name>Microsoft.VisualStudio.TestPlatform.ObjectModel.TestCase[] AxoCover.Runner.ConversionExtensions::Convert(System.Collections.Generic.IEnumerable`1&lt;AxoCover.Common.Models.TestCase&gt;)</Name>
              <FileRef uid="5" />
              <SequencePoints>
                <SequencePoint vc="0" uspid="105" ordinal="0" offset="0" sl="101" sc="7" el="101" ec="50" bec="0" bev="0" fileid="5" />
              </SequencePoints>
              <BranchPoints />
              <MethodPoint xsi:type="SequencePoint" vc="0" uspid="105" ordinal="0" offset="0" sl="101" sc="7" el="101" ec="50" bec="0" bev="0" fileid="5" />
            </Method>
            <Method visited="false" cyclomaticComplexity="3" nPathComplexity="2" sequenceCoverage="0" branchCoverage="0" crapScore="12" isConstructor="false" isStatic="true" isGetter="false" isSetter="false">
              <Summary numSequencePoints="8" visitedSequencePoints="0" numBranchPoints="3" visitedBranchPoints="0" sequenceCoverage="0" branchCoverage="0" maxCyclomaticComplexity="3" minCyclomaticComplexity="3" maxCrapScore="12" minCrapScore="12" visitedClasses="0" numClasses="0" visitedMethods="0" numMethods="1" />
              <MetadataToken>100663310</MetadataToken>
              <Name>Microsoft.VisualStudio.TestPlatform.ObjectModel.TestCase AxoCover.Runner.ConversionExtensions::Convert(AxoCover.Common.Models.TestCase)</Name>
              <FileRef uid="5" />
              <SequencePoints>
                <SequencePoint vc="0" uspid="106" ordinal="0" offset="0" sl="106" sc="7" el="114" ec="9" bec="0" bev="0" fileid="5" />
                <SequencePoint vc="0" uspid="107" ordinal="1" offset="96" sl="116" sc="32" el="116" ec="61" bec="0" bev="0" fileid="5" />
                <SequencePoint vc="0" uspid="108" ordinal="2" offset="110" sl="116" sc="16" el="116" ec="28" bec="0" bev="0" fileid="5" />
                <SequencePoint vc="0" uspid="109" ordinal="3" offset="118" sl="118" sc="9" el="118" ec="54" bec="0" bev="0" fileid="5" />
                <SequencePoint vc="0" uspid="110" ordinal="4" offset="125" sl="119" sc="9" el="119" ec="41" bec="2" bev="0" fileid="5" />
                <SequencePoint vc="0" uspid="111" ordinal="5" offset="128" sl="120" sc="9" el="120" ec="130" bec="0" bev="0" fileid="5" />
                <SequencePoint vc="0" uspid="112" ordinal="6" offset="157" sl="116" sc="29" el="116" ec="31" bec="0" bev="0" fileid="5" />
                <SequencePoint vc="0" uspid="113" ordinal="7" offset="182" sl="123" sc="7" el="123" ec="21" bec="0" bev="0" fileid="5" />
              </SequencePoints>
              <BranchPoints>
                <BranchPoint vc="0" uspid="114" ordinal="0" offset="126" sl="119" path="0" offsetend="128" fileid="5" />
                <BranchPoint vc="0" uspid="115" ordinal="1" offset="126" sl="119" path="1" offsetend="157" fileid="5" />
              </BranchPoints>
              <MethodPoint xsi:type="SequencePoint" vc="0" uspid="106" ordinal="0" offset="0" sl="106" sc="7" el="114" ec="9" bec="0" bev="0" fileid="5" />
            </Method>
            <Method visited="false" cyclomaticComplexity="1" nPathComplexity="0" sequenceCoverage="0" branchCoverage="0" crapScore="2" isConstructor="false" isStatic="true" isGetter="false" isSetter="false">
              <Summary numSequencePoints="1" visitedSequencePoints="0" numBranchPoints="1" visitedBranchPoints="0" sequenceCoverage="0" branchCoverage="0" maxCyclomaticComplexity="1" minCyclomaticComplexity="1" maxCrapScore="2" minCrapScore="2" visitedClasses="0" numClasses="0" visitedMethods="0" numMethods="1" />
              <MetadataToken>100663311</MetadataToken>
              <Name>AxoCover.Common.Models.TestOutcome AxoCover.Runner.ConversionExtensions::Convert(Microsoft.VisualStudio.TestPlatform.ObjectModel.TestOutcome)</Name>
              <FileRef uid="5" />
              <SequencePoints>
                <SequencePoint vc="0" uspid="118" ordinal="0" offset="0" sl="128" sc="7" el="128" ec="53" bec="0" bev="0" fileid="5" />
              </SequencePoints>
              <BranchPoints />
              <MethodPoint xsi:type="SequencePoint" vc="0" uspid="118" ordinal="0" offset="0" sl="128" sc="7" el="128" ec="53" bec="0" bev="0" fileid="5" />
            </Method>
            <Method visited="false" cyclomaticComplexity="2" nPathComplexity="0" sequenceCoverage="0" branchCoverage="0" crapScore="6" isConstructor="false" isStatic="true" isGetter="false" isSetter="false">
              <Summary numSequencePoints="1" visitedSequencePoints="0" numBranchPoints="1" visitedBranchPoints="0" sequenceCoverage="0" branchCoverage="0" maxCyclomaticComplexity="2" minCyclomaticComplexity="2" maxCrapScore="6" minCrapScore="6" visitedClasses="0" numClasses="0" visitedMethods="0" numMethods="1" />
              <MetadataToken>100663312</MetadataToken>
              <Name>AxoCover.Common.Models.TestResult AxoCover.Runner.ConversionExtensions::Convert(Microsoft.VisualStudio.TestPlatform.ObjectModel.TestResult)</Name>
              <FileRef uid="5" />
              <SequencePoints>
                <SequencePoint vc="0" uspid="119" ordinal="0" offset="0" sl="133" sc="7" el="147" ec="9" bec="0" bev="0" fileid="5" />
              </SequencePoints>
              <BranchPoints />
              <MethodPoint xsi:type="SequencePoint" vc="0" uspid="119" ordinal="0" offset="0" sl="133" sc="7" el="147" ec="9" bec="0" bev="0" fileid="5" />
            </Method>
            <Method visited="false" cyclomaticComplexity="1" nPathComplexity="0" sequenceCoverage="0" branchCoverage="0" crapScore="2" isConstructor="false" isStatic="true" isGetter="false" isSetter="false">
              <Summary numSequencePoints="1" visitedSequencePoints="0" numBranchPoints="1" visitedBranchPoints="0" sequenceCoverage="0" branchCoverage="0" maxCyclomaticComplexity="1" minCyclomaticComplexity="1" maxCrapScore="2" minCrapScore="2" visitedClasses="0" numClasses="0" visitedMethods="0" numMethods="1" />
              <MetadataToken>100663313</MetadataToken>
              <Name>AxoCover.Common.Models.TestResultMessage AxoCover.Runner.ConversionExtensions::Convert(Microsoft.VisualStudio.TestPlatform.ObjectModel.TestResultMessage)</Name>
              <FileRef uid="5" />
              <SequencePoints>
                <SequencePoint vc="0" uspid="122" ordinal="0" offset="0" sl="152" sc="7" el="156" ec="9" bec="0" bev="0" fileid="5" />
              </SequencePoints>
              <BranchPoints />
              <MethodPoint xsi:type="SequencePoint" vc="0" uspid="122" ordinal="0" offset="0" sl="152" sc="7" el="156" ec="9" bec="0" bev="0" fileid="5" />
            </Method>
            <Method visited="false" cyclomaticComplexity="1" nPathComplexity="0" sequenceCoverage="0" branchCoverage="0" crapScore="2" isConstructor="true" isStatic="true" isGetter="false" isSetter="false">
              <Summary numSequencePoints="2" visitedSequencePoints="0" numBranchPoints="1" visitedBranchPoints="0" sequenceCoverage="0" branchCoverage="0" maxCyclomaticComplexity="1" minCyclomaticComplexity="1" maxCrapScore="2" minCrapScore="2" visitedClasses="0" numClasses="0" visitedMethods="0" numMethods="1" />
              <MetadataToken>100663314</MetadataToken>
              <Name>System.Void AxoCover.Runner.ConversionExtensions::.cctor()</Name>
              <FileRef uid="5" />
              <SequencePoints>
                <SequencePoint vc="0" uspid="123" ordinal="0" offset="0" sl="13" sc="5" el="14" ec="133" bec="0" bev="0" fileid="5" />
                <SequencePoint vc="0" uspid="124" ordinal="1" offset="65" sl="16" sc="5" el="16" ec="118" bec="0" bev="0" fileid="5" />
              </SequencePoints>
              <BranchPoints />
              <MethodPoint xsi:type="SequencePoint" vc="0" uspid="123" ordinal="0" offset="0" sl="13" sc="5" el="14" ec="133" bec="0" bev="0" fileid="5" />
            </Method>
          </Methods>
        </Class>
        <Class>
          <Summary numSequencePoints="1" visitedSequencePoints="0" numBranchPoints="1" visitedBranchPoints="0" sequenceCoverage="0" branchCoverage="0" maxCyclomaticComplexity="1" minCyclomaticComplexity="1" maxCrapScore="2" minCrapScore="2" visitedClasses="0" numClasses="1" visitedMethods="0" numMethods="1" />
          <FullName>AxoCover.Runner.ConversionExtensions/&lt;&gt;c__DisplayClass4_0</FullName>
          <Methods>
            <Method visited="false" cyclomaticComplexity="1" nPathComplexity="0" sequenceCoverage="0" branchCoverage="0" crapScore="2" isConstructor="true" isStatic="false" isGetter="false" isSetter="false">
              <Summary numSequencePoints="0" visitedSequencePoints="0" numBranchPoints="0" visitedBranchPoints="0" sequenceCoverage="0" branchCoverage="0" maxCyclomaticComplexity="1" minCyclomaticComplexity="1" maxCrapScore="2" minCrapScore="2" visitedClasses="0" numClasses="0" visitedMethods="0" numMethods="0" />
              <MetadataToken>100663383</MetadataToken>
              <Name>System.Void AxoCover.Runner.ConversionExtensions/&lt;&gt;c__DisplayClass4_0::.ctor()</Name>
              <SequencePoints />
              <BranchPoints />
              <MethodPoint vc="0" uspid="125" ordinal="0" offset="0" />
            </Method>
            <Method visited="false" cyclomaticComplexity="1" nPathComplexity="0" sequenceCoverage="0" branchCoverage="0" crapScore="2" isConstructor="false" isStatic="false" isGetter="false" isSetter="false">
              <Summary numSequencePoints="1" visitedSequencePoints="0" numBranchPoints="1" visitedBranchPoints="0" sequenceCoverage="0" branchCoverage="0" maxCyclomaticComplexity="1" minCyclomaticComplexity="1" maxCrapScore="2" minCrapScore="2" visitedClasses="0" numClasses="0" visitedMethods="0" numMethods="1" />
              <MetadataToken>100663384</MetadataToken>
              <Name>AxoCover.Common.Models.TestProperty AxoCover.Runner.ConversionExtensions/&lt;&gt;c__DisplayClass4_0::&lt;Convert&gt;b__1(Microsoft.VisualStudio.TestPlatform.ObjectModel.TestProperty)</Name>
              <FileRef uid="5" />
              <SequencePoints>
                <SequencePoint vc="0" uspid="126" ordinal="0" offset="0" sl="41" sc="24" el="41" ec="63" bec="0" bev="0" fileid="5" />
              </SequencePoints>
              <BranchPoints />
              <MethodPoint xsi:type="SequencePoint" vc="0" uspid="126" ordinal="0" offset="0" sl="41" sc="24" el="41" ec="63" bec="0" bev="0" fileid="5" />
            </Method>
          </Methods>
        </Class>
        <Class>
          <Summary numSequencePoints="3" visitedSequencePoints="0" numBranchPoints="3" visitedBranchPoints="0" sequenceCoverage="0" branchCoverage="0" maxCyclomaticComplexity="1" minCyclomaticComplexity="1" maxCrapScore="2" minCrapScore="2" visitedClasses="0" numClasses="1" visitedMethods="0" numMethods="3" />
          <FullName>AxoCover.Runner.ConversionExtensions/&lt;&gt;c</FullName>
          <Methods>
            <Method visited="false" cyclomaticComplexity="1" nPathComplexity="0" sequenceCoverage="0" branchCoverage="0" crapScore="2" isConstructor="true" isStatic="true" isGetter="false" isSetter="false">
              <Summary numSequencePoints="0" visitedSequencePoints="0" numBranchPoints="0" visitedBranchPoints="0" sequenceCoverage="0" branchCoverage="0" maxCyclomaticComplexity="1" minCyclomaticComplexity="1" maxCrapScore="2" minCrapScore="2" visitedClasses="0" numClasses="0" visitedMethods="0" numMethods="0" />
              <MetadataToken>100663385</MetadataToken>
              <Name>System.Void AxoCover.Runner.ConversionExtensions/&lt;&gt;c::.cctor()</Name>
              <SequencePoints />
              <BranchPoints />
              <MethodPoint vc="0" uspid="127" ordinal="0" offset="0" />
            </Method>
            <Method visited="false" cyclomaticComplexity="1" nPathComplexity="0" sequenceCoverage="0" branchCoverage="0" crapScore="2" isConstructor="true" isStatic="false" isGetter="false" isSetter="false">
              <Summary numSequencePoints="0" visitedSequencePoints="0" numBranchPoints="0" visitedBranchPoints="0" sequenceCoverage="0" branchCoverage="0" maxCyclomaticComplexity="1" minCyclomaticComplexity="1" maxCrapScore="2" minCrapScore="2" visitedClasses="0" numClasses="0" visitedMethods="0" numMethods="0" />
              <MetadataToken>100663386</MetadataToken>
              <Name>System.Void AxoCover.Runner.ConversionExtensions/&lt;&gt;c::.ctor()</Name>
              <SequencePoints />
              <BranchPoints />
              <MethodPoint vc="0" uspid="128" ordinal="0" offset="0" />
            </Method>
            <Method visited="false" cyclomaticComplexity="1" nPathComplexity="0" sequenceCoverage="0" branchCoverage="0" crapScore="2" isConstructor="false" isStatic="false" isGetter="false" isSetter="false">
              <Summary numSequencePoints="1" visitedSequencePoints="0" numBranchPoints="1" visitedBranchPoints="0" sequenceCoverage="0" branchCoverage="0" maxCyclomaticComplexity="1" minCyclomaticComplexity="1" maxCrapScore="2" minCrapScore="2" visitedClasses="0" numClasses="0" visitedMethods="0" numMethods="1" />
              <MetadataToken>100663387</MetadataToken>
              <Name>System.Boolean AxoCover.Runner.ConversionExtensions/&lt;&gt;c::&lt;Convert&gt;b__4_0(Microsoft.VisualStudio.TestPlatform.ObjectModel.TestProperty)</Name>
              <FileRef uid="5" />
              <SequencePoints>
                <SequencePoint vc="0" uspid="129" ordinal="0" offset="0" sl="40" sc="23" el="40" ec="65" bec="0" bev="0" fileid="5" />
              </SequencePoints>
              <BranchPoints />
              <MethodPoint xsi:type="SequencePoint" vc="0" uspid="129" ordinal="0" offset="0" sl="40" sc="23" el="40" ec="65" bec="0" bev="0" fileid="5" />
            </Method>
            <Method visited="false" cyclomaticComplexity="1" nPathComplexity="0" sequenceCoverage="0" branchCoverage="0" crapScore="2" isConstructor="false" isStatic="false" isGetter="false" isSetter="false">
              <Summary numSequencePoints="1" visitedSequencePoints="0" numBranchPoints="1" visitedBranchPoints="0" sequenceCoverage="0" branchCoverage="0" maxCyclomaticComplexity="1" minCyclomaticComplexity="1" maxCrapScore="2" minCrapScore="2" visitedClasses="0" numClasses="0" visitedMethods="0" numMethods="1" />
              <MetadataToken>100663388</MetadataToken>
              <Name>AxoCover.Common.Models.TestResultMessage AxoCover.Runner.ConversionExtensions/&lt;&gt;c::&lt;Convert&gt;b__13_0(Microsoft.VisualStudio.TestPlatform.ObjectModel.TestResultMessage)</Name>
              <FileRef uid="5" />
              <SequencePoints>
                <SequencePoint vc="0" uspid="130" ordinal="0" offset="0" sl="145" sc="24" el="145" ec="35" bec="0" bev="0" fileid="5" />
              </SequencePoints>
              <BranchPoints />
              <MethodPoint xsi:type="SequencePoint" vc="0" uspid="130" ordinal="0" offset="0" sl="145" sc="24" el="145" ec="35" bec="0" bev="0" fileid="5" />
            </Method>
            <Method visited="false" cyclomaticComplexity="1" nPathComplexity="0" sequenceCoverage="0" branchCoverage="0" crapScore="2" isConstructor="false" isStatic="false" isGetter="false" isSetter="false">
              <Summary numSequencePoints="1" visitedSequencePoints="0" numBranchPoints="1" visitedBranchPoints="0" sequenceCoverage="0" branchCoverage="0" maxCyclomaticComplexity="1" minCyclomaticComplexity="1" maxCrapScore="2" minCrapScore="2" visitedClasses="0" numClasses="0" visitedMethods="0" numMethods="1" />
              <MetadataToken>100663389</MetadataToken>
              <Name>System.String AxoCover.Runner.ConversionExtensions/&lt;&gt;c::&lt;.cctor&gt;b__15_0(System.Reflection.PropertyInfo)</Name>
              <FileRef uid="5" />
              <SequencePoints>
                <SequencePoint vc="0" uspid="131" ordinal="0" offset="0" sl="14" sc="72" el="14" ec="92" bec="0" bev="0" fileid="5" />
              </SequencePoints>
              <BranchPoints />
              <MethodPoint xsi:type="SequencePoint" vc="0" uspid="131" ordinal="0" offset="0" sl="14" sc="72" el="14" ec="92" bec="0" bev="0" fileid="5" />
            </Method>
          </Methods>
        </Class>
        <Class>
          <Summary numSequencePoints="1" visitedSequencePoints="0" numBranchPoints="1" visitedBranchPoints="0" sequenceCoverage="0" branchCoverage="0" maxCyclomaticComplexity="1" minCyclomaticComplexity="1" maxCrapScore="2" minCrapScore="2" visitedClasses="0" numClasses="1" visitedMethods="0" numMethods="1" />
          <FullName>AxoCover.Runner.Extensions</FullName>
          <Methods>
            <Method visited="false" cyclomaticComplexity="1" nPathComplexity="0" sequenceCoverage="0" branchCoverage="0" crapScore="2" isConstructor="false" isStatic="true" isGetter="false" isSetter="false">
              <Summary numSequencePoints="1" visitedSequencePoints="0" numBranchPoints="1" visitedBranchPoints="0" sequenceCoverage="0" branchCoverage="0" maxCyclomaticComplexity="1" minCyclomaticComplexity="1" maxCrapScore="2" minCrapScore="2" visitedClasses="0" numClasses="0" visitedMethods="0" numMethods="1" />
              <MetadataToken>100663315</MetadataToken>
              <Name>System.String AxoCover.Runner.Extensions::PadLinesLeft(System.String,System.String)</Name>
              <FileRef uid="8" />
              <SequencePoints>
                <SequencePoint vc="0" uspid="132" ordinal="0" offset="13" sl="10" sc="7" el="12" ec="35" bec="0" bev="0" fileid="8" />
              </SequencePoints>
              <BranchPoints />
              <MethodPoint vc="0" uspid="133" ordinal="0" offset="0" />
            </Method>
          </Methods>
        </Class>
        <Class>
          <Summary numSequencePoints="1" visitedSequencePoints="0" numBranchPoints="1" visitedBranchPoints="0" sequenceCoverage="0" branchCoverage="0" maxCyclomaticComplexity="1" minCyclomaticComplexity="1" maxCrapScore="2" minCrapScore="2" visitedClasses="0" numClasses="1" visitedMethods="0" numMethods="1" />
          <FullName>AxoCover.Runner.Extensions/&lt;&gt;c__DisplayClass0_0</FullName>
          <Methods>
            <Method visited="false" cyclomaticComplexity="1" nPathComplexity="0" sequenceCoverage="0" branchCoverage="0" crapScore="2" isConstructor="true" isStatic="false" isGetter="false" isSetter="false">
              <Summary numSequencePoints="0" visitedSequencePoints="0" numBranchPoints="0" visitedBranchPoints="0" sequenceCoverage="0" branchCoverage="0" maxCyclomaticComplexity="1" minCyclomaticComplexity="1" maxCrapScore="2" minCrapScore="2" visitedClasses="0" numClasses="0" visitedMethods="0" numMethods="0" />
              <MetadataToken>100663390</MetadataToken>
              <Name>System.Void AxoCover.Runner.Extensions/&lt;&gt;c__DisplayClass0_0::.ctor()</Name>
              <SequencePoints />
              <BranchPoints />
              <MethodPoint vc="0" uspid="134" ordinal="0" offset="0" />
            </Method>
            <Method visited="false" cyclomaticComplexity="1" nPathComplexity="0" sequenceCoverage="0" branchCoverage="0" crapScore="2" isConstructor="false" isStatic="false" isGetter="false" isSetter="false">
              <Summary numSequencePoints="1" visitedSequencePoints="0" numBranchPoints="1" visitedBranchPoints="0" sequenceCoverage="0" branchCoverage="0" maxCyclomaticComplexity="1" minCyclomaticComplexity="1" maxCrapScore="2" minCrapScore="2" visitedClasses="0" numClasses="0" visitedMethods="0" numMethods="1" />
              <MetadataToken>100663391</MetadataToken>
              <Name>System.String AxoCover.Runner.Extensions/&lt;&gt;c__DisplayClass0_0::&lt;PadLinesLeft&gt;b__0(System.String)</Name>
              <FileRef uid="8" />
              <SequencePoints>
                <SequencePoint vc="0" uspid="135" ordinal="0" offset="0" sl="12" sc="22" el="12" ec="32" bec="0" bev="0" fileid="8" />
              </SequencePoints>
              <BranchPoints />
              <MethodPoint xsi:type="SequencePoint" vc="0" uspid="135" ordinal="0" offset="0" sl="12" sc="22" el="12" ec="32" bec="0" bev="0" fileid="8" />
            </Method>
          </Methods>
        </Class>
        <Class>
          <Summary numSequencePoints="10" visitedSequencePoints="0" numBranchPoints="6" visitedBranchPoints="0" sequenceCoverage="0" branchCoverage="0" maxCyclomaticComplexity="2" minCyclomaticComplexity="1" maxCrapScore="6" minCrapScore="2" visitedClasses="0" numClasses="1" visitedMethods="0" numMethods="4" />
          <FullName>AxoCover.Runner.TestDiscoveryContext</FullName>
          <Methods>
            <Method skippedDueTo="AutoImplementedProperty" visited="false" cyclomaticComplexity="1" nPathComplexity="0" sequenceCoverage="0" branchCoverage="0" crapScore="0" isConstructor="false" isStatic="false" isGetter="true" isSetter="false">
              <MetadataToken>100663316</MetadataToken>
              <Name>Microsoft.VisualStudio.TestPlatform.ObjectModel.Adapter.IRunSettings AxoCover.Runner.TestDiscoveryContext::get_RunSettings()</Name>
              <FileRef uid="10" />
              <SequencePoints />
              <BranchPoints />
            </Method>
            <Method skippedDueTo="AutoImplementedProperty" visited="false" cyclomaticComplexity="1" nPathComplexity="0" sequenceCoverage="0" branchCoverage="0" crapScore="0" isConstructor="false" isStatic="false" isGetter="false" isSetter="true">
              <MetadataToken>100663317</MetadataToken>
              <Name>System.Void AxoCover.Runner.TestDiscoveryContext::set_RunSettings(Microsoft.VisualStudio.TestPlatform.ObjectModel.Adapter.IRunSettings)</Name>
              <FileRef uid="10" />
              <SequencePoints />
              <BranchPoints />
            </Method>
            <Method visited="false" cyclomaticComplexity="1" nPathComplexity="0" sequenceCoverage="0" branchCoverage="0" crapScore="2" isConstructor="false" isStatic="false" isGetter="true" isSetter="false">
              <Summary numSequencePoints="1" visitedSequencePoints="0" numBranchPoints="1" visitedBranchPoints="0" sequenceCoverage="0" branchCoverage="0" maxCyclomaticComplexity="1" minCyclomaticComplexity="1" maxCrapScore="2" minCrapScore="2" visitedClasses="0" numClasses="0" visitedMethods="0" numMethods="1" />
              <MetadataToken>100663318</MetadataToken>
              <Name>Microsoft.VisualStudio.TestPlatform.ObjectModel.TestCase[] AxoCover.Runner.TestDiscoveryContext::get_TestCases()</Name>
              <FileRef uid="10" />
              <SequencePoints>
                <SequencePoint vc="0" uspid="136" ordinal="0" offset="0" sl="24" sc="9" el="24" ec="37" bec="0" bev="0" fileid="10" />
              </SequencePoints>
              <BranchPoints />
              <MethodPoint xsi:type="SequencePoint" vc="0" uspid="136" ordinal="0" offset="0" sl="24" sc="9" el="24" ec="37" bec="0" bev="0" fileid="10" />
            </Method>
            <Method visited="false" cyclomaticComplexity="2" nPathComplexity="2" sequenceCoverage="0" branchCoverage="0" crapScore="6" isConstructor="true" isStatic="false" isGetter="false" isSetter="false">
              <Summary numSequencePoints="5" visitedSequencePoints="0" numBranchPoints="3" visitedBranchPoints="0" sequenceCoverage="0" branchCoverage="0" maxCyclomaticComplexity="2" minCyclomaticComplexity="2" maxCrapScore="6" minCrapScore="6" visitedClasses="0" numClasses="0" visitedMethods="0" numMethods="1" />
              <MetadataToken>100663319</MetadataToken>
              <Name>System.Void AxoCover.Runner.TestDiscoveryContext::.ctor(AxoCover.Common.Runner.ITestDiscoveryMonitor,AxoCover.Runner.Settings.RunSettings)</Name>
              <FileRef uid="10" />
              <SequencePoints>
                <SequencePoint vc="0" uspid="137" ordinal="0" offset="0" sl="16" sc="5" el="16" ec="89" bec="0" bev="0" fileid="10" />
                <SequencePoint vc="0" uspid="138" ordinal="1" offset="11" sl="28" sc="5" el="28" ec="95" bec="0" bev="0" fileid="10" />
                <SequencePoint vc="0" uspid="139" ordinal="2" offset="17" sl="30" sc="7" el="30" ec="26" bec="0" bev="0" fileid="10" />
                <SequencePoint vc="0" uspid="140" ordinal="3" offset="24" sl="31" sc="7" el="31" ec="54" bec="2" bev="0" fileid="10" />
                <SequencePoint vc="0" uspid="141" ordinal="4" offset="40" sl="32" sc="5" el="32" ec="6" bec="0" bev="0" fileid="10" />
              </SequencePoints>
              <BranchPoints>
                <BranchPoint vc="0" uspid="142" ordinal="0" offset="27" sl="31" path="0" offsetend="29" fileid="10" />
                <BranchPoint vc="0" uspid="143" ordinal="1" offset="27" sl="31" path="1" offsetend="35" fileid="10" />
              </BranchPoints>
              <MethodPoint xsi:type="SequencePoint" vc="0" uspid="137" ordinal="0" offset="0" sl="16" sc="5" el="16" ec="89" bec="0" bev="0" fileid="10" />
            </Method>
            <Method visited="false" cyclomaticComplexity="1" nPathComplexity="0" sequenceCoverage="0" branchCoverage="0" crapScore="2" isConstructor="false" isStatic="false" isGetter="false" isSetter="false">
              <Summary numSequencePoints="2" visitedSequencePoints="0" numBranchPoints="1" visitedBranchPoints="0" sequenceCoverage="0" branchCoverage="0" maxCyclomaticComplexity="1" minCyclomaticComplexity="1" maxCrapScore="2" minCrapScore="2" visitedClasses="0" numClasses="0" visitedMethods="0" numMethods="1" />
              <MetadataToken>100663320</MetadataToken>
              <Name>System.Void AxoCover.Runner.TestDiscoveryContext::SendTestCase(Microsoft.VisualStudio.TestPlatform.ObjectModel.TestCase)</Name>
              <FileRef uid="10" />
              <SequencePoints>
                <SequencePoint vc="0" uspid="144" ordinal="0" offset="0" sl="36" sc="7" el="36" ec="38" bec="0" bev="0" fileid="10" />
                <SequencePoint vc="0" uspid="145" ordinal="1" offset="12" sl="37" sc="5" el="37" ec="6" bec="0" bev="0" fileid="10" />
              </SequencePoints>
              <BranchPoints />
              <MethodPoint xsi:type="SequencePoint" vc="0" uspid="144" ordinal="0" offset="0" sl="36" sc="7" el="36" ec="38" bec="0" bev="0" fileid="10" />
            </Method>
            <Method visited="false" cyclomaticComplexity="1" nPathComplexity="0" sequenceCoverage="0" branchCoverage="0" crapScore="2" isConstructor="false" isStatic="false" isGetter="false" isSetter="false">
              <Summary numSequencePoints="2" visitedSequencePoints="0" numBranchPoints="1" visitedBranchPoints="0" sequenceCoverage="0" branchCoverage="0" maxCyclomaticComplexity="1" minCyclomaticComplexity="1" maxCrapScore="2" minCrapScore="2" visitedClasses="0" numClasses="0" visitedMethods="0" numMethods="1" />
              <MetadataToken>100663321</MetadataToken>
              <Name>System.Void AxoCover.Runner.TestDiscoveryContext::SendMessage(Microsoft.VisualStudio.TestPlatform.ObjectModel.Logging.TestMessageLevel,System.String)</Name>
              <FileRef uid="10" />
              <SequencePoints>
                <SequencePoint vc="0" uspid="146" ordinal="0" offset="0" sl="41" sc="7" el="41" ec="87" bec="0" bev="0" fileid="10" />
                <SequencePoint vc="0" uspid="147" ordinal="1" offset="28" sl="42" sc="5" el="42" ec="6" bec="0" bev="0" fileid="10" />
              </SequencePoints>
              <BranchPoints />
              <MethodPoint xsi:type="SequencePoint" vc="0" uspid="146" ordinal="0" offset="0" sl="41" sc="7" el="41" ec="87" bec="0" bev="0" fileid="10" />
            </Method>
          </Methods>
        </Class>
        <Class>
          <Summary numSequencePoints="45" visitedSequencePoints="0" numBranchPoints="11" visitedBranchPoints="0" sequenceCoverage="0" branchCoverage="0" maxCyclomaticComplexity="6" minCyclomaticComplexity="1" maxCrapScore="42" minCrapScore="2" visitedClasses="0" numClasses="1" visitedMethods="0" numMethods="5" />
          <FullName>AxoCover.Runner.TestDiscoveryService</FullName>
          <Methods>
            <Method visited="false" cyclomaticComplexity="1" nPathComplexity="0" sequenceCoverage="0" branchCoverage="0" crapScore="2" isConstructor="false" isStatic="false" isGetter="false" isSetter="false">
              <Summary numSequencePoints="2" visitedSequencePoints="0" numBranchPoints="1" visitedBranchPoints="0" sequenceCoverage="0" branchCoverage="0" maxCyclomaticComplexity="1" minCyclomaticComplexity="1" maxCrapScore="2" minCrapScore="2" visitedClasses="0" numClasses="0" visitedMethods="0" numMethods="1" />
              <MetadataToken>100663322</MetadataToken>
              <Name>System.Int32 AxoCover.Runner.TestDiscoveryService::Initialize()</Name>
              <FileRef uid="11" />
              <SequencePoints>
                <SequencePoint vc="0" uspid="148" ordinal="0" offset="0" sl="28" sc="7" el="28" ec="87" bec="0" bev="0" fileid="11" />
                <SequencePoint vc="0" uspid="149" ordinal="1" offset="16" sl="29" sc="7" el="29" ec="45" bec="0" bev="0" fileid="11" />
              </SequencePoints>
              <BranchPoints />
              <MethodPoint xsi:type="SequencePoint" vc="0" uspid="148" ordinal="0" offset="0" sl="28" sc="7" el="28" ec="87" bec="0" bev="0" fileid="11" />
            </Method>
            <Method visited="false" cyclomaticComplexity="3" nPathComplexity="0" sequenceCoverage="0" branchCoverage="0" crapScore="12" isConstructor="false" isStatic="false" isGetter="false" isSetter="false">
              <Summary numSequencePoints="20" visitedSequencePoints="0" numBranchPoints="1" visitedBranchPoints="0" sequenceCoverage="0" branchCoverage="0" maxCyclomaticComplexity="3" minCyclomaticComplexity="3" maxCrapScore="12" minCrapScore="12" visitedClasses="0" numClasses="0" visitedMethods="0" numMethods="1" />
              <MetadataToken>100663323</MetadataToken>
              <Name>Microsoft.VisualStudio.TestPlatform.ObjectModel.Adapter.ITestDiscoverer[] AxoCover.Runner.TestDiscoveryService::LoadDiscoverers(System.String)</Name>
              <FileRef uid="11" />
              <SequencePoints>
                <SequencePoint vc="0" uspid="150" ordinal="0" offset="0" sl="34" sc="7" el="34" ec="57" bec="0" bev="0" fileid="11" />
                <SequencePoint vc="0" uspid="151" ordinal="1" offset="6" sl="37" sc="9" el="37" ec="112" bec="0" bev="0" fileid="11" />
                <SequencePoint vc="0" uspid="152" ordinal="2" offset="29" sl="38" sc="9" el="38" ec="83" bec="0" bev="0" fileid="11" />
                <SequencePoint vc="0" uspid="153" ordinal="3" offset="40" sl="39" sc="9" el="39" ec="73" bec="0" bev="0" fileid="11" />
                <SequencePoint vc="0" uspid="154" ordinal="4" offset="45" sl="40" sc="37" el="40" ec="49" bec="0" bev="0" fileid="11" />
                <SequencePoint vc="0" uspid="155" ordinal="5" offset="53" sl="40" sc="18" el="40" ec="33" bec="0" bev="0" fileid="11" />
                <SequencePoint vc="0" uspid="156" ordinal="6" offset="60" sl="44" sc="13" el="44" ec="91" bec="0" bev="0" fileid="11" />
                <SequencePoint vc="0" uspid="157" ordinal="7" offset="72" sl="45" sc="13" el="45" ec="49" bec="0" bev="0" fileid="11" />
                <SequencePoint vc="0" uspid="158" ordinal="8" offset="79" sl="47" sc="13" el="47" ec="118" bec="0" bev="0" fileid="11" />
                <SequencePoint vc="0" uspid="159" ordinal="9" offset="107" sl="48" sc="11" el="48" ec="12" bec="0" bev="0" fileid="11" />
                <SequencePoint vc="0" uspid="160" ordinal="10" offset="109" sl="49" sc="11" el="49" ec="30" bec="0" bev="0" fileid="11" />
                <SequencePoint vc="0" uspid="161" ordinal="11" offset="111" sl="51" sc="13" el="51" ec="163" bec="0" bev="0" fileid="11" />
                <SequencePoint vc="0" uspid="162" ordinal="12" offset="156" sl="52" sc="11" el="52" ec="12" bec="0" bev="0" fileid="11" />
                <SequencePoint vc="0" uspid="163" ordinal="13" offset="158" sl="40" sc="34" el="40" ec="36" bec="0" bev="0" fileid="11" />
                <SequencePoint vc="0" uspid="164" ordinal="14" offset="178" sl="55" sc="9" el="55" ec="88" bec="0" bev="0" fileid="11" />
                <SequencePoint vc="0" uspid="165" ordinal="15" offset="195" sl="56" sc="7" el="56" ec="8" bec="0" bev="0" fileid="11" />
                <SequencePoint vc="0" uspid="166" ordinal="16" offset="197" sl="57" sc="7" el="57" ec="26" bec="0" bev="0" fileid="11" />
                <SequencePoint vc="0" uspid="167" ordinal="17" offset="199" sl="59" sc="9" el="59" ec="148" bec="0" bev="0" fileid="11" />
                <SequencePoint vc="0" uspid="168" ordinal="18" offset="239" sl="60" sc="7" el="60" ec="8" bec="0" bev="0" fileid="11" />
                <SequencePoint vc="0" uspid="169" ordinal="19" offset="241" sl="61" sc="7" el="61" ec="40" bec="0" bev="0" fileid="11" />
              </SequencePoints>
              <BranchPoints />
              <MethodPoint xsi:type="SequencePoint" vc="0" uspid="150" ordinal="0" offset="0" sl="34" sc="7" el="34" ec="57" bec="0" bev="0" fileid="11" />
            </Method>
            <Method visited="false" cyclomaticComplexity="6" nPathComplexity="8" sequenceCoverage="0" branchCoverage="0" crapScore="42" isConstructor="false" isStatic="false" isGetter="false" isSetter="false">
              <Summary numSequencePoints="20" visitedSequencePoints="0" numBranchPoints="7" visitedBranchPoints="0" sequenceCoverage="0" branchCoverage="0" maxCyclomaticComplexity="6" minCyclomaticComplexity="6" maxCrapScore="42" minCrapScore="42" visitedClasses="0" numClasses="0" visitedMethods="0" numMethods="1" />
              <MetadataToken>100663324</MetadataToken>
              <Name>AxoCover.Common.Models.TestCase[] AxoCover.Runner.TestDiscoveryService::DiscoverTests(AxoCover.Common.Runner.TestDiscoveryTask[],System.String)</Name>
              <FileRef uid="11" />
              <SequencePoints>
                <SequencePoint vc="0" uspid="172" ordinal="0" offset="0" sl="66" sc="7" el="66" ec="82" bec="0" bev="0" fileid="11" />
                <SequencePoint vc="0" uspid="173" ordinal="1" offset="17" sl="68" sc="7" el="68" ec="53" bec="0" bev="0" fileid="11" />
                <SequencePoint vc="0" uspid="174" ordinal="2" offset="32" sl="69" sc="7" el="69" ec="48" bec="0" bev="0" fileid="11" />
                <SequencePoint vc="0" uspid="175" ordinal="3" offset="43" sl="71" sc="7" el="71" ec="89" bec="0" bev="0" fileid="11" />
                <SequencePoint vc="0" uspid="176" ordinal="4" offset="60" sl="72" sc="7" el="72" ec="139" bec="0" bev="0" fileid="11" />
                <SequencePoint vc="0" uspid="177" ordinal="5" offset="97" sl="73" sc="7" el="73" ec="135" bec="2" bev="0" fileid="11" />
                <SequencePoint vc="0" uspid="178" ordinal="6" offset="138" sl="74" sc="7" el="74" ec="50" bec="2" bev="0" fileid="11" />
                <SequencePoint vc="0" uspid="179" ordinal="7" offset="146" sl="76" sc="9" el="76" ec="109" bec="0" bev="0" fileid="11" />
                <SequencePoint vc="0" uspid="180" ordinal="8" offset="183" sl="81" sc="9" el="81" ec="125" bec="2" bev="0" fileid="11" />
                <SequencePoint vc="0" uspid="181" ordinal="9" offset="206" sl="82" sc="9" el="82" ec="71" bec="0" bev="0" fileid="11" />
                <SequencePoint vc="0" uspid="182" ordinal="10" offset="224" sl="84" sc="38" el="84" ec="52" bec="0" bev="0" fileid="11" />
                <SequencePoint vc="0" uspid="183" ordinal="11" offset="245" sl="84" sc="17" el="84" ec="34" bec="0" bev="0" fileid="11" />
                <SequencePoint vc="0" uspid="184" ordinal="12" offset="255" sl="86" sc="11" el="107" ec="81" bec="0" bev="0" fileid="11" />
                <SequencePoint vc="0" uspid="185" ordinal="13" offset="301" sl="84" sc="35" el="84" ec="37" bec="0" bev="0" fileid="11" />
                <SequencePoint vc="0" uspid="186" ordinal="14" offset="307" sl="110" sc="9" el="110" ec="95" bec="0" bev="0" fileid="11" />
                <SequencePoint vc="0" uspid="187" ordinal="15" offset="324" sl="111" sc="9" el="111" ec="44" bec="0" bev="0" fileid="11" />
                <SequencePoint vc="0" uspid="188" ordinal="16" offset="344" sl="113" sc="7" el="113" ec="26" bec="0" bev="0" fileid="11" />
                <SequencePoint vc="0" uspid="189" ordinal="17" offset="346" sl="115" sc="9" el="115" ec="131" bec="0" bev="0" fileid="11" />
                <SequencePoint vc="0" uspid="190" ordinal="18" offset="385" sl="116" sc="9" el="116" ec="32" bec="0" bev="0" fileid="11" />
                <SequencePoint vc="0" uspid="191" ordinal="19" offset="395" sl="118" sc="5" el="118" ec="6" bec="0" bev="0" fileid="11" />
              </SequencePoints>
              <BranchPoints>
                <BranchPoint vc="0" uspid="192" ordinal="0" offset="114" sl="73" path="0" offsetend="116" fileid="11" />
                <BranchPoint vc="0" uspid="193" ordinal="1" offset="114" sl="73" path="1" offsetend="123" fileid="11" />
                <BranchPoint vc="0" uspid="194" ordinal="2" offset="144" sl="74" path="0" offsetend="146" fileid="11" />
                <BranchPoint vc="0" uspid="195" ordinal="3" offset="144" sl="74" path="1" offsetend="169" fileid="11" />
                <BranchPoint vc="0" uspid="196" ordinal="4" offset="189" sl="81" path="0" offsetend="191" fileid="11" />
                <BranchPoint vc="0" uspid="197" ordinal="5" offset="189" sl="81" path="1" offsetend="199" fileid="11" />
              </BranchPoints>
              <MethodPoint xsi:type="SequencePoint" vc="0" uspid="172" ordinal="0" offset="0" sl="66" sc="7" el="66" ec="82" bec="0" bev="0" fileid="11" />
            </Method>
            <Method visited="false" cyclomaticComplexity="1" nPathComplexity="0" sequenceCoverage="0" branchCoverage="0" crapScore="2" isConstructor="false" isStatic="false" isGetter="false" isSetter="false">
              <Summary numSequencePoints="2" visitedSequencePoints="0" numBranchPoints="1" visitedBranchPoints="0" sequenceCoverage="0" branchCoverage="0" maxCyclomaticComplexity="1" minCyclomaticComplexity="1" maxCrapScore="2" minCrapScore="2" visitedClasses="0" numClasses="0" visitedMethods="0" numMethods="1" />
              <MetadataToken>100663325</MetadataToken>
              <Name>System.Void AxoCover.Runner.TestDiscoveryService::Shutdown()</Name>
              <FileRef uid="11" />
              <SequencePoints>
                <SequencePoint vc="0" uspid="200" ordinal="0" offset="0" sl="122" sc="7" el="122" ec="22" bec="0" bev="0" fileid="11" />
                <SequencePoint vc="0" uspid="201" ordinal="1" offset="5" sl="123" sc="5" el="123" ec="6" bec="0" bev="0" fileid="11" />
              </SequencePoints>
              <BranchPoints />
              <MethodPoint xsi:type="SequencePoint" vc="0" uspid="200" ordinal="0" offset="0" sl="122" sc="7" el="122" ec="22" bec="0" bev="0" fileid="11" />
            </Method>
            <Method visited="false" cyclomaticComplexity="1" nPathComplexity="0" sequenceCoverage="0" branchCoverage="0" crapScore="2" isConstructor="true" isStatic="false" isGetter="false" isSetter="false">
              <Summary numSequencePoints="0" visitedSequencePoints="0" numBranchPoints="0" visitedBranchPoints="0" sequenceCoverage="0" branchCoverage="0" maxCyclomaticComplexity="1" minCyclomaticComplexity="1" maxCrapScore="2" minCrapScore="2" visitedClasses="0" numClasses="0" visitedMethods="0" numMethods="0" />
              <MetadataToken>100663326</MetadataToken>
              <Name>System.Void AxoCover.Runner.TestDiscoveryService::.ctor()</Name>
              <SequencePoints />
              <BranchPoints />
              <MethodPoint vc="0" uspid="202" ordinal="0" offset="0" />
            </Method>
            <Method visited="false" cyclomaticComplexity="1" nPathComplexity="0" sequenceCoverage="0" branchCoverage="0" crapScore="2" isConstructor="false" isStatic="false" isGetter="false" isSetter="false">
              <Summary numSequencePoints="1" visitedSequencePoints="0" numBranchPoints="1" visitedBranchPoints="0" sequenceCoverage="0" branchCoverage="0" maxCyclomaticComplexity="1" minCyclomaticComplexity="1" maxCrapScore="2" minCrapScore="2" visitedClasses="0" numClasses="0" visitedMethods="0" numMethods="1" />
              <MetadataToken>100663327</MetadataToken>
              <Name>System.Void AxoCover.Runner.TestDiscoveryService::&lt;DiscoverTests&gt;b__3_1(AxoCover.Common.Models.TestMessageLevel,System.String)</Name>
              <FileRef uid="11" />
              <SequencePoints>
                <SequencePoint vc="0" uspid="203" ordinal="0" offset="0" sl="107" sc="34" el="107" ec="79" bec="0" bev="0" fileid="11" />
              </SequencePoints>
              <BranchPoints />
              <MethodPoint xsi:type="SequencePoint" vc="0" uspid="203" ordinal="0" offset="0" sl="107" sc="34" el="107" ec="79" bec="0" bev="0" fileid="11" />
            </Method>
          </Methods>
        </Class>
        <Class>
          <Summary numSequencePoints="16" visitedSequencePoints="0" numBranchPoints="1" visitedBranchPoints="0" sequenceCoverage="0" branchCoverage="0" maxCyclomaticComplexity="3" minCyclomaticComplexity="1" maxCrapScore="12" minCrapScore="2" visitedClasses="0" numClasses="1" visitedMethods="0" numMethods="1" />
          <FullName>AxoCover.Runner.TestDiscoveryService/&lt;&gt;c__DisplayClass3_0</FullName>
          <Methods>
            <Method visited="false" cyclomaticComplexity="1" nPathComplexity="0" sequenceCoverage="0" branchCoverage="0" crapScore="2" isConstructor="true" isStatic="false" isGetter="false" isSetter="false">
              <Summary numSequencePoints="0" visitedSequencePoints="0" numBranchPoints="0" visitedBranchPoints="0" sequenceCoverage="0" branchCoverage="0" maxCyclomaticComplexity="1" minCyclomaticComplexity="1" maxCrapScore="2" minCrapScore="2" visitedClasses="0" numClasses="0" visitedMethods="0" numMethods="0" />
              <MetadataToken>100663392</MetadataToken>
              <Name>System.Void AxoCover.Runner.TestDiscoveryService/&lt;&gt;c__DisplayClass3_0::.ctor()</Name>
              <SequencePoints />
              <BranchPoints />
              <MethodPoint vc="0" uspid="204" ordinal="0" offset="0" />
            </Method>
            <Method visited="false" cyclomaticComplexity="3" nPathComplexity="0" sequenceCoverage="0" branchCoverage="0" crapScore="12" isConstructor="false" isStatic="false" isGetter="false" isSetter="false">
              <Summary numSequencePoints="16" visitedSequencePoints="0" numBranchPoints="1" visitedBranchPoints="0" sequenceCoverage="0" branchCoverage="0" maxCyclomaticComplexity="3" minCyclomaticComplexity="3" maxCrapScore="12" minCrapScore="12" visitedClasses="0" numClasses="0" visitedMethods="0" numMethods="1" />
              <MetadataToken>100663393</MetadataToken>
              <Name>System.Void AxoCover.Runner.TestDiscoveryService/&lt;&gt;c__DisplayClass3_0::&lt;DiscoverTests&gt;b__0()</Name>
              <FileRef uid="11" />
              <SequencePoints>
                <SequencePoint vc="0" uspid="205" ordinal="0" offset="0" sl="88" sc="13" el="88" ec="98" bec="0" bev="0" fileid="11" />
                <SequencePoint vc="0" uspid="206" ordinal="1" offset="32" sl="90" sc="44" el="90" ec="59" bec="0" bev="0" fileid="11" />
                <SequencePoint vc="0" uspid="207" ordinal="2" offset="40" sl="90" sc="22" el="90" ec="40" bec="0" bev="0" fileid="11" />
                <SequencePoint vc="0" uspid="208" ordinal="3" offset="44" sl="92" sc="15" el="92" ec="136" bec="0" bev="0" fileid="11" />
                <SequencePoint vc="0" uspid="209" ordinal="4" offset="87" sl="93" sc="46" el="93" ec="77" bec="0" bev="0" fileid="11" />
                <SequencePoint vc="0" uspid="210" ordinal="5" offset="107" sl="93" sc="24" el="93" ec="42" bec="0" bev="0" fileid="11" />
                <SequencePoint vc="0" uspid="211" ordinal="6" offset="113" sl="95" sc="17" el="95" ec="108" bec="0" bev="0" fileid="11" />
                <SequencePoint vc="0" uspid="212" ordinal="7" offset="147" sl="98" sc="19" el="98" ec="101" bec="0" bev="0" fileid="11" />
                <SequencePoint vc="0" uspid="213" ordinal="8" offset="197" sl="99" sc="17" el="99" ec="18" bec="0" bev="0" fileid="11" />
                <SequencePoint vc="0" uspid="214" ordinal="9" offset="199" sl="100" sc="17" el="100" ec="36" bec="0" bev="0" fileid="11" />
                <SequencePoint vc="0" uspid="215" ordinal="10" offset="201" sl="102" sc="19" el="102" ec="88" bec="0" bev="0" fileid="11" />
                <SequencePoint vc="0" uspid="216" ordinal="11" offset="230" sl="103" sc="17" el="103" ec="18" bec="0" bev="0" fileid="11" />
                <SequencePoint vc="0" uspid="217" ordinal="12" offset="238" sl="93" sc="43" el="93" ec="45" bec="0" bev="0" fileid="11" />
                <SequencePoint vc="0" uspid="218" ordinal="13" offset="248" sl="105" sc="15" el="105" ec="98" bec="0" bev="0" fileid="11" />
                <SequencePoint vc="0" uspid="219" ordinal="14" offset="279" sl="90" sc="41" el="90" ec="43" bec="0" bev="0" fileid="11" />
                <SequencePoint vc="0" uspid="220" ordinal="15" offset="288" sl="107" sc="11" el="107" ec="12" bec="0" bev="0" fileid="11" />
              </SequencePoints>
              <BranchPoints />
              <MethodPoint xsi:type="SequencePoint" vc="0" uspid="205" ordinal="0" offset="0" sl="88" sc="13" el="88" ec="98" bec="0" bev="0" fileid="11" />
            </Method>
          </Methods>
        </Class>
        <Class>
          <Summary numSequencePoints="0" visitedSequencePoints="0" numBranchPoints="0" visitedBranchPoints="0" sequenceCoverage="0" branchCoverage="0" maxCyclomaticComplexity="1" minCyclomaticComplexity="1" maxCrapScore="2" minCrapScore="2" visitedClasses="0" numClasses="0" visitedMethods="0" numMethods="0" />
          <FullName>AxoCover.Runner.TestDiscoveryService/&lt;&gt;c__DisplayClass3_1</FullName>
          <Methods>
            <Method visited="false" cyclomaticComplexity="1" nPathComplexity="0" sequenceCoverage="0" branchCoverage="0" crapScore="2" isConstructor="true" isStatic="false" isGetter="false" isSetter="false">
              <Summary numSequencePoints="0" visitedSequencePoints="0" numBranchPoints="0" visitedBranchPoints="0" sequenceCoverage="0" branchCoverage="0" maxCyclomaticComplexity="1" minCyclomaticComplexity="1" maxCrapScore="2" minCrapScore="2" visitedClasses="0" numClasses="0" visitedMethods="0" numMethods="0" />
              <MetadataToken>100663394</MetadataToken>
              <Name>System.Void AxoCover.Runner.TestDiscoveryService/&lt;&gt;c__DisplayClass3_1::.ctor()</Name>
              <SequencePoints />
              <BranchPoints />
[...]
              <MetadataToken>100663474</MetadataToken>
              <Name>System.Uri AxoCover.Common.Extensions.NetworkingExtensions::GetTcpAddress(System.Int32,System.Int32)</Name>
              <FileRef uid="68" />
              <SequencePoints>
                <SequencePoint vc="1" uspid="899" ordinal="0" offset="0" sl="74" sc="7" el="74" ec="69" bec="0" bev="0" fileid="68" />
                <SequencePoint vc="1" uspid="900" ordinal="1" offset="6" sl="76" sc="7" el="76" ec="39" bec="0" bev="0" fileid="68" />
                <SequencePoint vc="1" uspid="901" ordinal="2" offset="12" sl="77" sc="7" el="79" ec="45" bec="0" bev="0" fileid="68" />
                <SequencePoint vc="1" uspid="902" ordinal="3" offset="60" sl="80" sc="7" el="82" ec="31" bec="0" bev="0" fileid="68" />
                <SequencePoint vc="1" uspid="903" ordinal="4" offset="108" sl="84" sc="7" el="84" ec="33" bec="0" bev="0" fileid="68" />
                <SequencePoint vc="1" uspid="904" ordinal="5" offset="113" sl="85" sc="7" el="85" ec="41" bec="0" bev="0" fileid="68" />
                <SequencePoint vc="1" uspid="905" ordinal="6" offset="117" sl="86" sc="7" el="86" ec="54" bec="0" bev="0" fileid="68" />
                <SequencePoint vc="1" uspid="906" ordinal="7" offset="125" sl="87" sc="12" el="87" ec="29" bec="0" bev="0" fileid="68" />
                <SequencePoint vc="1" uspid="907" ordinal="8" offset="130" sl="89" sc="9" el="89" ec="34" bec="2" bev="1" fileid="68" />
                <SequencePoint vc="0" uspid="908" ordinal="9" offset="134" sl="91" sc="11" el="91" ec="32" bec="0" bev="0" fileid="68" />
                <SequencePoint vc="1" uspid="909" ordinal="10" offset="136" sl="94" sc="9" el="94" ec="44" bec="2" bev="1" fileid="68" />
                <SequencePoint vc="1" uspid="910" ordinal="11" offset="146" sl="98" sc="11" el="98" ec="77" bec="0" bev="0" fileid="68" />
                <SequencePoint vc="1" uspid="911" ordinal="12" offset="157" sl="99" sc="11" el="99" ec="31" bec="0" bev="0" fileid="68" />
                <SequencePoint vc="1" uspid="912" ordinal="13" offset="163" sl="100" sc="11" el="100" ec="30" bec="0" bev="0" fileid="68" />
                <SequencePoint vc="1" uspid="913" ordinal="14" offset="168" sl="101" sc="11" el="101" ec="74" bec="0" bev="0" fileid="68" />
                <SequencePoint vc="0" uspid="914" ordinal="15" offset="198" sl="103" sc="9" el="103" ec="14" bec="0" bev="0" fileid="68" />
                <SequencePoint vc="0" uspid="915" ordinal="16" offset="199" sl="106" sc="9" el="106" ec="10" bec="0" bev="0" fileid="68" />
                <SequencePoint vc="0" uspid="916" ordinal="17" offset="201" sl="87" sc="54" el="87" ec="65" bec="0" bev="0" fileid="68" />
                <SequencePoint vc="0" uspid="917" ordinal="18" offset="207" sl="87" sc="67" el="87" ec="79" bec="0" bev="0" fileid="68" />
                <SequencePoint vc="1" uspid="918" ordinal="19" offset="211" sl="87" sc="31" el="87" ec="52" bec="2" bev="1" fileid="68" />
                <SequencePoint vc="0" uspid="919" ordinal="20" offset="216" sl="109" sc="7" el="109" ec="77" bec="0" bev="0" fileid="68" />
                <SequencePoint vc="1" uspid="920" ordinal="21" offset="227" sl="110" sc="5" el="110" ec="6" bec="0" bev="0" fileid="68" />
              </SequencePoints>
              <BranchPoints>
                <BranchPoint vc="0" uspid="925" ordinal="4" offset="132" sl="89" path="0" offsetend="134" fileid="68" />
                <BranchPoint vc="1" uspid="926" ordinal="5" offset="132" sl="89" path="1" offsetend="136" fileid="68" />
                <BranchPoint vc="1" uspid="927" ordinal="6" offset="143" sl="94" path="0" offsetend="145" fileid="68" />
                <BranchPoint vc="0" uspid="928" ordinal="7" offset="143" sl="94" path="1" offsetend="201" fileid="68" />
                <BranchPoint vc="0" uspid="929" ordinal="8" offset="214" sl="87" path="0" offsetend="216" fileid="68" />
                <BranchPoint vc="1" uspid="930" ordinal="9" offset="214" sl="87" path="1" offsetend="130" fileid="68" />
              </BranchPoints>
              <MethodPoint xsi:type="SequencePoint" vc="1" uspid="899" ordinal="0" offset="0" sl="74" sc="7" el="74" ec="69" bec="0" bev="0" fileid="68" />
            </Method>
            <Method visited="false" cyclomaticComplexity="1" nPathComplexity="0" sequenceCoverage="0" branchCoverage="0" crapScore="2" isConstructor="false" isStatic="true" isGetter="false" isSetter="false">
              <Summary numSequencePoints="1" visitedSequencePoints="0" numBranchPoints="1" visitedBranchPoints="0" sequenceCoverage="0" branchCoverage="0" maxCyclomaticComplexity="1" minCyclomaticComplexity="1" maxCrapScore="2" minCrapScore="2" visitedClasses="0" numClasses="0" visitedMethods="0" numMethods="1" />
              <MetadataToken>100663475</MetadataToken>
              <Name>System.Uri AxoCover.Common.Extensions.NetworkingExtensions::GetMemoryTypeAddress()</Name>
              <FileRef uid="68" />
              <SequencePoints>
                <SequencePoint vc="0" uspid="931" ordinal="0" offset="0" sl="114" sc="7" el="114" ec="92" bec="0" bev="0" fileid="68" />
              </SequencePoints>
              <BranchPoints />
              <MethodPoint xsi:type="SequencePoint" vc="0" uspid="931" ordinal="0" offset="0" sl="114" sc="7" el="114" ec="92" bec="0" bev="0" fileid="68" />
            </Method>
            <Method visited="true" cyclomaticComplexity="1" nPathComplexity="0" sequenceCoverage="100" branchCoverage="100" crapScore="1" isConstructor="true" isStatic="true" isGetter="false" isSetter="false">
              <Summary numSequencePoints="2" visitedSequencePoints="2" numBranchPoints="1" visitedBranchPoints="1" sequenceCoverage="100" branchCoverage="100" maxCyclomaticComplexity="1" minCyclomaticComplexity="1" maxCrapScore="1" minCrapScore="1" visitedClasses="0" numClasses="0" visitedMethods="1" numMethods="1" />
              <MetadataToken>100663476</MetadataToken>
              <Name>System.Void AxoCover.Common.Extensions.NetworkingExtensions::.cctor()</Name>
              <FileRef uid="68" />
              <SequencePoints>
                <SequencePoint vc="1" uspid="932" ordinal="0" offset="0" sl="14" sc="5" el="14" ec="72" bec="0" bev="0" fileid="68" />
                <SequencePoint vc="1" uspid="933" ordinal="1" offset="10" sl="15" sc="5" el="15" ec="72" bec="0" bev="0" fileid="68" />
              </SequencePoints>
              <BranchPoints />
              <MethodPoint xsi:type="SequencePoint" vc="1" uspid="932" ordinal="0" offset="0" sl="14" sc="5" el="14" ec="72" bec="0" bev="0" fileid="68" />
            </Method>
          </Methods>
        </Class>
        <Class>
          <Summary numSequencePoints="2" visitedSequencePoints="2" numBranchPoints="2" visitedBranchPoints="2" sequenceCoverage="100" branchCoverage="100" maxCyclomaticComplexity="1" minCyclomaticComplexity="1" maxCrapScore="2" minCrapScore="1" visitedClasses="1" numClasses="1" visitedMethods="2" numMethods="2" />
          <FullName>AxoCover.Common.Extensions.NetworkingExtensions/&lt;&gt;c</FullName>
          <Methods>
            <Method visited="false" cyclomaticComplexity="1" nPathComplexity="0" sequenceCoverage="0" branchCoverage="0" crapScore="2" isConstructor="true" isStatic="true" isGetter="false" isSetter="false">
              <Summary numSequencePoints="0" visitedSequencePoints="0" numBranchPoints="0" visitedBranchPoints="0" sequenceCoverage="0" branchCoverage="0" maxCyclomaticComplexity="1" minCyclomaticComplexity="1" maxCrapScore="2" minCrapScore="2" visitedClasses="0" numClasses="0" visitedMethods="0" numMethods="0" />
              <MetadataToken>100663504</MetadataToken>
              <Name>System.Void AxoCover.Common.Extensions.NetworkingExtensions/&lt;&gt;c::.cctor()</Name>
              <SequencePoints />
              <BranchPoints />
              <MethodPoint vc="0" uspid="934" ordinal="0" offset="0" />
            </Method>
            <Method visited="false" cyclomaticComplexity="1" nPathComplexity="0" sequenceCoverage="0" branchCoverage="0" crapScore="2" isConstructor="true" isStatic="false" isGetter="false" isSetter="false">
              <Summary numSequencePoints="0" visitedSequencePoints="0" numBranchPoints="0" visitedBranchPoints="0" sequenceCoverage="0" branchCoverage="0" maxCyclomaticComplexity="1" minCyclomaticComplexity="1" maxCrapScore="2" minCrapScore="2" visitedClasses="0" numClasses="0" visitedMethods="0" numMethods="0" />
              <MetadataToken>100663505</MetadataToken>
              <Name>System.Void AxoCover.Common.Extensions.NetworkingExtensions/&lt;&gt;c::.ctor()</Name>
              <SequencePoints />
              <BranchPoints />
              <MethodPoint vc="0" uspid="935" ordinal="0" offset="0" />
            </Method>
            <Method visited="true" cyclomaticComplexity="1" nPathComplexity="0" sequenceCoverage="100" branchCoverage="100" crapScore="1" isConstructor="false" isStatic="false" isGetter="false" isSetter="false">
              <Summary numSequencePoints="1" visitedSequencePoints="1" numBranchPoints="1" visitedBranchPoints="1" sequenceCoverage="100" branchCoverage="100" maxCyclomaticComplexity="1" minCyclomaticComplexity="1" maxCrapScore="1" minCrapScore="1" visitedClasses="0" numClasses="0" visitedMethods="1" numMethods="1" />
              <MetadataToken>100663506</MetadataToken>
              <Name>System.Int32 AxoCover.Common.Extensions.NetworkingExtensions/&lt;&gt;c::&lt;GetTcpAddress&gt;b__6_0(System.Net.NetworkInformation.TcpConnectionInformation)</Name>
              <FileRef uid="68" />
              <SequencePoints>
                <SequencePoint vc="34" uspid="936" ordinal="0" offset="0" sl="79" sc="22" el="79" ec="42" bec="0" bev="0" fileid="68" />
              </SequencePoints>
              <BranchPoints />
              <MethodPoint xsi:type="SequencePoint" vc="34" uspid="936" ordinal="0" offset="0" sl="79" sc="22" el="79" ec="42" bec="0" bev="0" fileid="68" />
            </Method>
            <Method visited="true" cyclomaticComplexity="1" nPathComplexity="0" sequenceCoverage="100" branchCoverage="100" crapScore="1" isConstructor="false" isStatic="false" isGetter="false" isSetter="false">
              <Summary numSequencePoints="1" visitedSequencePoints="1" numBranchPoints="1" visitedBranchPoints="1" sequenceCoverage="100" branchCoverage="100" maxCyclomaticComplexity="1" minCyclomaticComplexity="1" maxCrapScore="1" minCrapScore="1" visitedClasses="0" numClasses="0" visitedMethods="1" numMethods="1" />
              <MetadataToken>100663507</MetadataToken>
              <Name>System.Int32 AxoCover.Common.Extensions.NetworkingExtensions/&lt;&gt;c::&lt;GetTcpAddress&gt;b__6_1(System.Net.IPEndPoint)</Name>
              <FileRef uid="68" />
              <SequencePoints>
                <SequencePoint vc="35" uspid="937" ordinal="0" offset="0" sl="82" sc="22" el="82" ec="28" bec="0" bev="0" fileid="68" />
              </SequencePoints>
              <BranchPoints />
              <MethodPoint xsi:type="SequencePoint" vc="35" uspid="937" ordinal="0" offset="0" sl="82" sc="22" el="82" ec="28" bec="0" bev="0" fileid="68" />
            </Method>
          </Methods>
        </Class>
        <Class>
          <Summary numSequencePoints="4" visitedSequencePoints="0" numBranchPoints="3" visitedBranchPoints="0" sequenceCoverage="0" branchCoverage="0" maxCyclomaticComplexity="3" minCyclomaticComplexity="3" maxCrapScore="12" minCrapScore="12" visitedClasses="0" numClasses="1" visitedMethods="0" numMethods="1" />
          <FullName>AxoCover.Common.Extensions.ProcessHostExtensions</FullName>
          <Methods>
            <Method visited="false" cyclomaticComplexity="3" nPathComplexity="2" sequenceCoverage="0" branchCoverage="0" crapScore="12" isConstructor="false" isStatic="true" isGetter="false" isSetter="false">
              <Summary numSequencePoints="4" visitedSequencePoints="0" numBranchPoints="3" visitedBranchPoints="0" sequenceCoverage="0" branchCoverage="0" maxCyclomaticComplexity="3" minCyclomaticComplexity="3" maxCrapScore="12" minCrapScore="12" visitedClasses="0" numClasses="0" visitedMethods="0" numMethods="1" />
              <MetadataToken>100663477</MetadataToken>
              <Name>AxoCover.Common.ProcessHost.IProcessInfo AxoCover.Common.Extensions.ProcessHostExtensions::Embed(AxoCover.Common.ProcessHost.IHostProcessInfo,AxoCover.Common.ProcessHost.IProcessInfo)</Name>
              <FileRef uid="70" />
              <SequencePoints>
                <SequencePoint vc="0" uspid="938" ordinal="0" offset="0" sl="10" sc="7" el="10" ec="24" bec="2" bev="0" fileid="70" />
                <SequencePoint vc="0" uspid="939" ordinal="1" offset="3" sl="12" sc="9" el="12" ec="22" bec="0" bev="0" fileid="70" />
                <SequencePoint vc="0" uspid="940" ordinal="2" offset="5" sl="16" sc="9" el="16" ec="95" bec="0" bev="0" fileid="70" />
                <SequencePoint vc="0" uspid="941" ordinal="3" offset="54" sl="17" sc="9" el="17" ec="21" bec="0" bev="0" fileid="70" />
              </SequencePoints>
              <BranchPoints>
                <BranchPoint vc="0" uspid="942" ordinal="0" offset="1" sl="10" path="0" offsetend="3" fileid="70" />
                <BranchPoint vc="0" uspid="943" ordinal="1" offset="1" sl="10" path="1" offsetend="5" fileid="70" />
              </BranchPoints>
              <MethodPoint xsi:type="SequencePoint" vc="0" uspid="938" ordinal="0" offset="0" sl="10" sc="7" el="10" ec="24" bec="2" bev="0" fileid="70" />
            </Method>
          </Methods>
        </Class>
        <Class>
          <Summary numSequencePoints="1" visitedSequencePoints="0" numBranchPoints="1" visitedBranchPoints="0" sequenceCoverage="0" branchCoverage="0" maxCyclomaticComplexity="1" minCyclomaticComplexity="1" maxCrapScore="2" minCrapScore="2" visitedClasses="0" numClasses="1" visitedMethods="0" numMethods="1" />
          <FullName>AxoCover.Common.Extensions.ProcessHostExtensions/&lt;&gt;c</FullName>
          <Methods>
            <Method visited="false" cyclomaticComplexity="1" nPathComplexity="0" sequenceCoverage="0" branchCoverage="0" crapScore="2" isConstructor="true" isStatic="true" isGetter="false" isSetter="false">
              <Summary numSequencePoints="0" visitedSequencePoints="0" numBranchPoints="0" visitedBranchPoints="0" sequenceCoverage="0" branchCoverage="0" maxCyclomaticComplexity="1" minCyclomaticComplexity="1" maxCrapScore="2" minCrapScore="2" visitedClasses="0" numClasses="0" visitedMethods="0" numMethods="0" />
              <MetadataToken>100663508</MetadataToken>
              <Name>System.Void AxoCover.Common.Extensions.ProcessHostExtensions/&lt;&gt;c::.cctor()</Name>
              <SequencePoints />
              <BranchPoints />
              <MethodPoint vc="0" uspid="946" ordinal="0" offset="0" />
            </Method>
            <Method visited="false" cyclomaticComplexity="1" nPathComplexity="0" sequenceCoverage="0" branchCoverage="0" crapScore="2" isConstructor="true" isStatic="false" isGetter="false" isSetter="false">
              <Summary numSequencePoints="0" visitedSequencePoints="0" numBranchPoints="0" visitedBranchPoints="0" sequenceCoverage="0" branchCoverage="0" maxCyclomaticComplexity="1" minCyclomaticComplexity="1" maxCrapScore="2" minCrapScore="2" visitedClasses="0" numClasses="0" visitedMethods="0" numMethods="0" />
              <MetadataToken>100663509</MetadataToken>
              <Name>System.Void AxoCover.Common.Extensions.ProcessHostExtensions/&lt;&gt;c::.ctor()</Name>
              <SequencePoints />
              <BranchPoints />
              <MethodPoint vc="0" uspid="947" ordinal="0" offset="0" />
            </Method>
            <Method visited="false" cyclomaticComplexity="1" nPathComplexity="0" sequenceCoverage="0" branchCoverage="0" crapScore="2" isConstructor="false" isStatic="false" isGetter="false" isSetter="false">
              <Summary numSequencePoints="1" visitedSequencePoints="0" numBranchPoints="1" visitedBranchPoints="0" sequenceCoverage="0" branchCoverage="0" maxCyclomaticComplexity="1" minCyclomaticComplexity="1" maxCrapScore="2" minCrapScore="2" visitedClasses="0" numClasses="0" visitedMethods="0" numMethods="1" />
              <MetadataToken>100663510</MetadataToken>
              <Name>AxoCover.Common.ProcessHost.IHostProcessInfo AxoCover.Common.Extensions.ProcessHostExtensions/&lt;&gt;c::&lt;Embed&gt;b__0_0(AxoCover.Common.ProcessHost.IHostProcessInfo)</Name>
              <FileRef uid="70" />
              <SequencePoints>
                <SequencePoint vc="0" uspid="948" ordinal="0" offset="0" sl="16" sc="25" el="16" ec="59" bec="0" bev="0" fileid="70" />
              </SequencePoints>
              <BranchPoints />
              <MethodPoint xsi:type="SequencePoint" vc="0" uspid="948" ordinal="0" offset="0" sl="16" sc="25" el="16" ec="59" bec="0" bev="0" fileid="70" />
            </Method>
          </Methods>
        </Class>
        <Class>
          <Summary numSequencePoints="3" visitedSequencePoints="0" numBranchPoints="1" visitedBranchPoints="0" sequenceCoverage="0" branchCoverage="0" maxCyclomaticComplexity="1" minCyclomaticComplexity="1" maxCrapScore="2" minCrapScore="2" visitedClasses="0" numClasses="1" visitedMethods="0" numMethods="1" />
          <FullName>AxoCover.Common.Events.EventArgs`1</FullName>
          <Methods>
            <Method skippedDueTo="AutoImplementedProperty" visited="false" cyclomaticComplexity="1" nPathComplexity="0" sequenceCoverage="0" branchCoverage="0" crapScore="0" isConstructor="false" isStatic="false" isGetter="true" isSetter="false">
              <MetadataToken>100663478</MetadataToken>
              <Name>T AxoCover.Common.Events.EventArgs`1::get_Value()</Name>
              <FileRef uid="72" />
              <SequencePoints />
              <BranchPoints />
            </Method>
            <Method skippedDueTo="AutoImplementedProperty" visited="false" cyclomaticComplexity="1" nPathComplexity="0" sequenceCoverage="0" branchCoverage="0" crapScore="0" isConstructor="false" isStatic="false" isGetter="false" isSetter="true">
              <MetadataToken>100663479</MetadataToken>
              <Name>System.Void AxoCover.Common.Events.EventArgs`1::set_Value(T)</Name>
              <FileRef uid="72" />
              <SequencePoints />
              <BranchPoints />
            </Method>
            <Method visited="false" cyclomaticComplexity="1" nPathComplexity="0" sequenceCoverage="0" branchCoverage="0" crapScore="2" isConstructor="true" isStatic="false" isGetter="false" isSetter="false">
              <Summary numSequencePoints="3" visitedSequencePoints="0" numBranchPoints="1" visitedBranchPoints="0" sequenceCoverage="0" branchCoverage="0" maxCyclomaticComplexity="1" minCyclomaticComplexity="1" maxCrapScore="2" minCrapScore="2" visitedClasses="0" numClasses="0" visitedMethods="0" numMethods="1" />
              <MetadataToken>100663480</MetadataToken>
              <Name>System.Void AxoCover.Common.Events.EventArgs`1::.ctor(T)</Name>
              <FileRef uid="72" />
              <SequencePoints>
                <SequencePoint vc="0" uspid="949" ordinal="0" offset="0" sl="9" sc="5" el="9" ec="30" bec="0" bev="0" fileid="72" />
                <SequencePoint vc="0" uspid="950" ordinal="1" offset="6" sl="11" sc="7" el="11" ec="21" bec="0" bev="0" fileid="72" />
                <SequencePoint vc="0" uspid="951" ordinal="2" offset="13" sl="12" sc="5" el="12" ec="6" bec="0" bev="0" fileid="72" />
              </SequencePoints>
              <BranchPoints />
              <MethodPoint xsi:type="SequencePoint" vc="0" uspid="949" ordinal="0" offset="0" sl="9" sc="5" el="9" ec="30" bec="0" bev="0" fileid="72" />
            </Method>
          </Methods>
        </Class>
      </Classes>
    </Module>
  </Modules>
</CoverageSession>