<?xml version="1.0" encoding="utf-8"?>
<CoverageSession xmlns:xsd="http://www.w3.org/2001/XMLSchema" xmlns:xsi="http://www.w3.org/2001/XMLSchema-instance" Version="4.6.0.0">
  <Summary numSequencePoints="1474" visitedSequencePoints="9" numBranchPoints="378" visitedBranchPoints="3" sequenceCoverage="0.61" branchCoverage="0.79" maxCyclomaticComplexity="11" minCyclomaticComplexity="1" maxCrapScore="132" minCrapScore="1" visitedClasses="1" numClasses="28" visitedMethods="3" numMethods="230" />
  <Modules>
    <Module hash="05-BC-72-E4-D8-D6-08-01-33-D8-56-B4-AE-2C-8A-ED-76-A3-D3-58">
      <Summary numSequencePoints="15" visitedSequencePoints="9" numBranchPoints="4" visitedBranchPoints="3" sequenceCoverage="60" branchCoverage="75" maxCyclomaticComplexity="1" minCyclomaticComplexity="1" maxCrapScore="2" minCrapScore="1" visitedClasses="1" numClasses="1" visitedMethods="3" numMethods="4" />
      <ModulePath>C:\Users\Cristian\source\repos\VS2017\Calendar\Calendar.Tests\bin\Debug\Calendar.Tests.dll</ModulePath>
      <ModuleTime>2020-06-26T21:58:04.3640981Z</ModuleTime>
      <ModuleName>Calendar.Tests</ModuleName>
      <Files>
        <File uid="1" fullPath="C:\Users\Cristian\source\repos\VS2017\Calendar\Calendar.Tests\AppointmentControllerTests.cs" />
      </Files>
      <Classes>
        <Class>
          <Summary numSequencePoints="15" visitedSequencePoints="9" numBranchPoints="4" visitedBranchPoints="3" sequenceCoverage="60" branchCoverage="75" maxCyclomaticComplexity="1" minCyclomaticComplexity="1" maxCrapScore="2" minCrapScore="1" visitedClasses="1" numClasses="1" visitedMethods="3" numMethods="4" />
          <FullName>Calendar.Test.AppointmentControllerTests</FullName>
          <Methods>
            <Method visited="true" cyclomaticComplexity="1" nPathComplexity="0" sequenceCoverage="100" branchCoverage="100" crapScore="1" isConstructor="false" isStatic="false" isGetter="false" isSetter="false">
              <Summary numSequencePoints="2" visitedSequencePoints="2" numBranchPoints="1" visitedBranchPoints="1" sequenceCoverage="100" branchCoverage="100" maxCyclomaticComplexity="1" minCyclomaticComplexity="1" maxCrapScore="1" minCrapScore="1" visitedClasses="0" numClasses="0" visitedMethods="1" numMethods="1" />
              <MetadataToken>100663297</MetadataToken>
              <Name>System.Void Calendar.Test.AppointmentControllerTests::Setup()</Name>
              <FileRef uid="1" />
              <SequencePoints>
                <SequencePoint vc="1" uspid="1" ordinal="0" offset="0" sl="16" sc="9" el="16" ec="10" bec="0" bev="0" fileid="1" />
                <SequencePoint vc="1" uspid="2" ordinal="1" offset="1" sl="17" sc="9" el="17" ec="10" bec="0" bev="0" fileid="1" />
              </SequencePoints>
              <BranchPoints />
              <MethodPoint xsi:type="SequencePoint" vc="1" uspid="1" ordinal="0" offset="0" sl="16" sc="9" el="16" ec="10" bec="0" bev="0" fileid="1" />
            </Method>
            <Method visited="true" cyclomaticComplexity="1" nPathComplexity="0" sequenceCoverage="100" branchCoverage="100" crapScore="1" isConstructor="false" isStatic="false" isGetter="false" isSetter="false">
              <Summary numSequencePoints="4" visitedSequencePoints="4" numBranchPoints="1" visitedBranchPoints="1" sequenceCoverage="100" branchCoverage="100" maxCyclomaticComplexity="1" minCyclomaticComplexity="1" maxCrapScore="1" minCrapScore="1" visitedClasses="0" numClasses="0" visitedMethods="1" numMethods="1" />
              <MetadataToken>100663298</MetadataToken>
              <Name>System.Void Calendar.Test.AppointmentControllerTests::TearDown()</Name>
              <FileRef uid="1" />
              <SequencePoints>
                <SequencePoint vc="1" uspid="3" ordinal="0" offset="0" sl="21" sc="9" el="21" ec="10" bec="0" bev="0" fileid="1">
                  <TrackedMethodRefs>
                    <TrackedMethodRef uid="2" vc="1" />
                  </TrackedMethodRefs>
                </SequencePoint>
                <SequencePoint vc="1" uspid="4" ordinal="1" offset="1" sl="22" sc="13" el="22" ec="36" bec="0" bev="0" fileid="1">
                  <TrackedMethodRefs>
                    <TrackedMethodRef uid="2" vc="1" />
                  </TrackedMethodRefs>
                </SequencePoint>
                <SequencePoint vc="1" uspid="5" ordinal="2" offset="8" sl="23" sc="13" el="23" ec="42" bec="0" bev="0" fileid="1">
                  <TrackedMethodRefs>
                    <TrackedMethodRef uid="2" vc="1" />
                  </TrackedMethodRefs>
                </SequencePoint>
                <SequencePoint vc="1" uspid="6" ordinal="3" offset="15" sl="24" sc="9" el="24" ec="10" bec="0" bev="0" fileid="1">
                  <TrackedMethodRefs>
                    <TrackedMethodRef uid="2" vc="1" />
                  </TrackedMethodRefs>
                </SequencePoint>
              </SequencePoints>
              <BranchPoints />
              <MethodPoint xsi:type="SequencePoint" vc="1" uspid="3" ordinal="0" offset="0" sl="21" sc="9" el="21" ec="10" bec="0" bev="0" fileid="1">
                <TrackedMethodRefs>
                  <TrackedMethodRef uid="2" vc="1" />
                </TrackedMethodRefs>
              </MethodPoint>
            </Method>
            <Method visited="false" cyclomaticComplexity="1" nPathComplexity="0" sequenceCoverage="0" branchCoverage="0" crapScore="2" isConstructor="false" isStatic="false" isGetter="false" isSetter="false">
              <Summary numSequencePoints="3" visitedSequencePoints="0" numBranchPoints="1" visitedBranchPoints="0" sequenceCoverage="0" branchCoverage="0" maxCyclomaticComplexity="1" minCyclomaticComplexity="1" maxCrapScore="2" minCrapScore="2" visitedClasses="0" numClasses="0" visitedMethods="0" numMethods="1" />
              <MetadataToken>100663299</MetadataToken>
              <Name>System.Void Calendar.Test.AppointmentControllerTests::RefreshPermissions_NullCurrentUserAtSessionController_hasOwnerPermissionsPropertyIsFalse()</Name>
              <FileRef uid="1" />
              <SequencePoints>
                <SequencePoint vc="0" uspid="7" ordinal="0" offset="0" sl="28" sc="9" el="28" ec="10" bec="0" bev="0" fileid="1" />
                <SequencePoint vc="0" uspid="8" ordinal="1" offset="1" sl="36" sc="13" el="36" ec="27" bec="0" bev="0" fileid="1" />
                <SequencePoint vc="0" uspid="9" ordinal="2" offset="7" sl="37" sc="9" el="37" ec="10" bec="0" bev="0" fileid="1" />
              </SequencePoints>
              <BranchPoints />
              <MethodPoint xsi:type="SequencePoint" vc="0" uspid="7" ordinal="0" offset="0" sl="28" sc="9" el="28" ec="10" bec="0" bev="0" fileid="1" />
            </Method>
            <Method visited="true" cyclomaticComplexity="1" nPathComplexity="0" sequenceCoverage="50" branchCoverage="100" crapScore="1.12" isConstructor="false" isStatic="false" isGetter="false" isSetter="false">
              <Summary numSequencePoints="6" visitedSequencePoints="3" numBranchPoints="1" visitedBranchPoints="1" sequenceCoverage="50" branchCoverage="100" maxCyclomaticComplexity="1" minCyclomaticComplexity="1" maxCrapScore="1.12" minCrapScore="1.12" visitedClasses="0" numClasses="0" visitedMethods="1" numMethods="1" />
              <MetadataToken>100663300</MetadataToken>
              <Name>System.Void Calendar.Test.AppointmentControllerTests::IsEditingExistingAppointment_NewSourceAppointment_ReturnsFalse()</Name>
              <FileRef uid="1" />
              <SequencePoints>
                <SequencePoint vc="1" uspid="10" ordinal="0" offset="0" sl="41" sc="9" el="41" ec="10" bec="0" bev="0" fileid="1">
                  <TrackedMethodRefs>
                    <TrackedMethodRef uid="2" vc="1" />
                  </TrackedMethodRefs>
                </SequencePoint>
                <SequencePoint vc="1" uspid="11" ordinal="1" offset="1" sl="44" sc="13" el="44" ec="79" bec="0" bev="0" fileid="1">
                  <TrackedMethodRefs>
                    <TrackedMethodRef uid="2" vc="1" />
                  </TrackedMethodRefs>
                </SequencePoint>
                <SequencePoint vc="1" uspid="12" ordinal="2" offset="7" sl="45" sc="13" el="45" ec="106" bec="0" bev="0" fileid="1">
                  <TrackedMethodRefs>
                    <TrackedMethodRef uid="2" vc="1" />
                  </TrackedMethodRefs>
                </SequencePoint>
                <SequencePoint vc="0" uspid="13" ordinal="3" offset="81" sl="46" sc="13" el="46" ec="93" bec="0" bev="0" fileid="1" />
                <SequencePoint vc="0" uspid="14" ordinal="4" offset="98" sl="49" sc="13" el="49" ec="82" bec="0" bev="0" fileid="1" />
                <SequencePoint vc="0" uspid="15" ordinal="5" offset="115" sl="50" sc="9" el="50" ec="10" bec="0" bev="0" fileid="1" />
              </SequencePoints>
              <BranchPoints />
              <MethodPoint xsi:type="SequencePoint" vc="1" uspid="10" ordinal="0" offset="0" sl="41" sc="9" el="41" ec="10" bec="0" bev="0" fileid="1">
                <TrackedMethodRefs>
                  <TrackedMethodRef uid="2" vc="1" />
                </TrackedMethodRefs>
              </MethodPoint>
            </Method>
            <Method visited="false" cyclomaticComplexity="1" nPathComplexity="0" sequenceCoverage="0" branchCoverage="0" crapScore="2" isConstructor="true" isStatic="false" isGetter="false" isSetter="false">
              <Summary numSequencePoints="0" visitedSequencePoints="0" numBranchPoints="0" visitedBranchPoints="0" sequenceCoverage="0" branchCoverage="0" maxCyclomaticComplexity="1" minCyclomaticComplexity="1" maxCrapScore="2" minCrapScore="2" visitedClasses="0" numClasses="0" visitedMethods="0" numMethods="0" />
              <MetadataToken>100663301</MetadataToken>
              <Name>System.Void Calendar.Test.AppointmentControllerTests::.ctor()</Name>
              <SequencePoints />
              <BranchPoints />
              <MethodPoint vc="0" uspid="16" ordinal="0" offset="0" />
            </Method>
          </Methods>
        </Class>
        <Class>
          <Summary numSequencePoints="0" visitedSequencePoints="0" numBranchPoints="0" visitedBranchPoints="0" sequenceCoverage="0" branchCoverage="0" maxCyclomaticComplexity="1" minCyclomaticComplexity="1" maxCrapScore="2" minCrapScore="2" visitedClasses="0" numClasses="0" visitedMethods="0" numMethods="0" />
          <FullName>Calendar.Test.AppointmentControllerTests/&lt;&gt;c</FullName>
          <Methods>
            <Method visited="false" cyclomaticComplexity="1" nPathComplexity="0" sequenceCoverage="0" branchCoverage="0" crapScore="2" isConstructor="true" isStatic="true" isGetter="false" isSetter="false">
              <Summary numSequencePoints="0" visitedSequencePoints="0" numBranchPoints="0" visitedBranchPoints="0" sequenceCoverage="0" branchCoverage="0" maxCyclomaticComplexity="1" minCyclomaticComplexity="1" maxCrapScore="2" minCrapScore="2" visitedClasses="0" numClasses="0" visitedMethods="0" numMethods="0" />
              <MetadataToken>100663302</MetadataToken>
              <Name>System.Void Calendar.Test.AppointmentControllerTests/&lt;&gt;c::.cctor()</Name>
              <SequencePoints />
              <BranchPoints />
              <MethodPoint vc="0" uspid="17" ordinal="0" offset="0" />
            </Method>
            <Method visited="false" cyclomaticComplexity="1" nPathComplexity="0" sequenceCoverage="0" branchCoverage="0" crapScore="2" isConstructor="true" isStatic="false" isGetter="false" isSetter="false">
              <Summary numSequencePoints="0" visitedSequencePoints="0" numBranchPoints="0" visitedBranchPoints="0" sequenceCoverage="0" branchCoverage="0" maxCyclomaticComplexity="1" minCyclomaticComplexity="1" maxCrapScore="2" minCrapScore="2" visitedClasses="0" numClasses="0" visitedMethods="0" numMethods="0" />
              <MetadataToken>100663303</MetadataToken>
              <Name>System.Void Calendar.Test.AppointmentControllerTests/&lt;&gt;c::.ctor()</Name>
              <SequencePoints />
              <BranchPoints />
              <MethodPoint vc="0" uspid="18" ordinal="0" offset="0" />
            </Method>
          </Methods>
        </Class>
      </Classes>
      <TrackedMethods>
        <TrackedMethod uid="1" token="100663299" name="System.Void Calendar.Test.AppointmentControllerTests::RefreshPermissions_NullCurrentUserAtSessionController_hasOwnerPermissionsPropertyIsFalse()" strategy="NUnitTest" />
        <TrackedMethod uid="2" token="100663300" name="System.Void Calendar.Test.AppointmentControllerTests::IsEditingExistingAppointment_NewSourceAppointment_ReturnsFalse()" strategy="NUnitTest" />
      </TrackedMethods>
    </Module>
    <Module hash="77-15-E9-33-2B-89-AF-D8-B9-B5-24-39-B2-21-41-B7-64-B3-B0-47">
      <Summary numSequencePoints="1459" visitedSequencePoints="0" numBranchPoints="374" visitedBranchPoints="0" sequenceCoverage="0" branchCoverage="0" maxCyclomaticComplexity="11" minCyclomaticComplexity="1" maxCrapScore="132" minCrapScore="2" visitedClasses="0" numClasses="27" visitedMethods="0" numMethods="226" />
      <ModulePath>C:\Users\Cristian\source\repos\VS2017\Calendar\Calendar.Tests\bin\Debug\Calendar.exe</ModulePath>
      <ModuleTime>2020-06-26T21:58:03.6609138Z</ModuleTime>
      <ModuleName>Calendar</ModuleName>
      <Files>
        <File uid="3" fullPath="C:\Users\Cristian\source\repos\VS2017\Calendar\Calendar\View\AppointmentWindow.xaml.cs" />
        <File uid="4" fullPath="C:\Users\Cristian\source\repos\VS2017\Calendar\Calendar\View\AppointmentWindow.xaml" />
        <File uid="7" fullPath="C:\Users\Cristian\source\repos\VS2017\Calendar\Calendar\View\CalendarLayout.xaml.cs" />
        <File uid="8" fullPath="C:\Users\Cristian\source\repos\VS2017\Calendar\Calendar\View\CalendarLayout.xaml" />
        <File uid="9" fullPath="C:\Users\Cristian\source\repos\VS2017\Calendar\Calendar\View\CalendarNavbar.xaml.cs" />
        <File uid="10" fullPath="C:\Users\Cristian\source\repos\VS2017\Calendar\Calendar\View\CalendarNavbar.xaml" />
        <File uid="11" fullPath="C:\Users\Cristian\source\repos\VS2017\Calendar\Calendar\View\LogOnForm.xaml.cs" />
        <File uid="12" fullPath="C:\Users\Cristian\source\repos\VS2017\Calendar\Calendar\View\LogOnForm.xaml" />
        <File uid="13" fullPath="C:\Users\Cristian\source\repos\VS2017\Calendar\Calendar\View\MonthBody.xaml.cs" />
        <File uid="14" fullPath="C:\Users\Cristian\source\repos\VS2017\Calendar\Calendar\View\MonthBody.xaml" />
        <File uid="15" fullPath="C:\Users\Cristian\source\repos\VS2017\Calendar\Calendar\View\MonthDayElement.xaml.cs" />
        <File uid="16" fullPath="C:\Users\Cristian\source\repos\VS2017\Calendar\Calendar\View\MonthDayElement.xaml" />
        <File uid="17" fullPath="C:\Users\Cristian\source\repos\VS2017\Calendar\Calendar\View\WeekBody.xaml.cs" />
        <File uid="18" fullPath="C:\Users\Cristian\source\repos\VS2017\Calendar\Calendar\View\WeekBody.xaml" />
        <File uid="19" fullPath="C:\Users\Cristian\source\repos\VS2017\Calendar\Calendar\View\WeekColumn.xaml.cs" />
        <File uid="20" fullPath="C:\Users\Cristian\source\repos\VS2017\Calendar\Calendar\View\WeekColumn.xaml" />
        <File uid="24" fullPath="C:\Users\Cristian\source\repos\VS2017\Calendar\Calendar\View\WeekHoursColumn.xaml.cs" />
        <File uid="25" fullPath="C:\Users\Cristian\source\repos\VS2017\Calendar\Calendar\obj\Debug\View\WeekHoursColumn.g.cs" />
        <File uid="27" fullPath="C:\Users\Cristian\source\repos\VS2017\Calendar\Calendar\obj\Debug\App.g.cs" />
        <File uid="29" fullPath="C:\Users\Cristian\source\repos\VS2017\Calendar\Calendar\Controller\DistinctUserComparer.cs" />
        <File uid="30" fullPath="C:\Users\Cristian\source\repos\VS2017\Calendar\Calendar\Controller\SessionController.cs" />
        <File uid="31" fullPath="C:\Users\Cristian\source\repos\VS2017\Calendar\Calendar\Controller\Utilities.cs" />
        <File uid="32" fullPath="C:\Users\Cristian\source\repos\VS2017\Calendar\Calendar\MainWindow.xaml.cs" />
        <File uid="33" fullPath="C:\Users\Cristian\source\repos\VS2017\Calendar\Calendar\MainWindow.xaml" />
        <File uid="34" fullPath="C:\Users\Cristian\source\repos\VS2017\Calendar\Calendar\Properties\Resources.Designer.cs" />
        <File uid="35" fullPath="C:\Users\Cristian\source\repos\VS2017\Calendar\Calendar\Properties\Settings.Designer.cs" />
        <File uid="36" fullPath="C:\Users\Cristian\source\repos\VS2017\Calendar\Calendar\Model\Appointment.cs" />
        <File uid="38" fullPath="C:\Users\Cristian\source\repos\VS2017\Calendar\Calendar\Model\User.cs" />
        <File uid="40" fullPath="C:\Users\Cristian\source\repos\VS2017\Calendar\Calendar\Controller\AppointmentController.cs" />
      </Files>
      <Classes>
        <Class>
          <Summary numSequencePoints="165" visitedSequencePoints="0" numBranchPoints="37" visitedBranchPoints="0" sequenceCoverage="0" branchCoverage="0" maxCyclomaticComplexity="11" minCyclomaticComplexity="1" maxCrapScore="132" minCrapScore="2" visitedClasses="0" numClasses="1" visitedMethods="0" numMethods="19" />
          <FullName>Calendar.AppointmentWindow</FullName>
          <Methods>
            <Method visited="false" cyclomaticComplexity="1" nPathComplexity="0" sequenceCoverage="0" branchCoverage="0" crapScore="2" isConstructor="true" isStatic="false" isGetter="false" isSetter="false">
              <Summary numSequencePoints="7" visitedSequencePoints="0" numBranchPoints="1" visitedBranchPoints="0" sequenceCoverage="0" branchCoverage="0" maxCyclomaticComplexity="1" minCyclomaticComplexity="1" maxCrapScore="2" minCrapScore="2" visitedClasses="0" numClasses="0" visitedMethods="0" numMethods="1" />
              <MetadataToken>100663297</MetadataToken>
              <Name>System.Void Calendar.AppointmentWindow::.ctor(Calendar.Controller.AppointmentController)</Name>
              <FileRef uid="3" />
              <SequencePoints>
                <SequencePoint vc="0" uspid="19" ordinal="0" offset="0" sl="37" sc="9" el="37" ec="84" bec="0" bev="0" fileid="3" />
                <SequencePoint vc="0" uspid="20" ordinal="1" offset="7" sl="38" sc="9" el="38" ec="10" bec="0" bev="0" fileid="3" />
                <SequencePoint vc="0" uspid="21" ordinal="2" offset="8" sl="39" sc="13" el="39" ec="65" bec="0" bev="0" fileid="3" />
                <SequencePoint vc="0" uspid="22" ordinal="3" offset="15" sl="40" sc="13" el="40" ec="35" bec="0" bev="0" fileid="3" />
                <SequencePoint vc="0" uspid="23" ordinal="4" offset="22" sl="41" sc="13" el="41" ec="33" bec="0" bev="0" fileid="3" />
                <SequencePoint vc="0" uspid="24" ordinal="5" offset="29" sl="42" sc="13" el="42" ec="27" bec="0" bev="0" fileid="3" />
                <SequencePoint vc="0" uspid="25" ordinal="6" offset="36" sl="43" sc="9" el="43" ec="10" bec="0" bev="0" fileid="3" />
              </SequencePoints>
              <BranchPoints />
              <MethodPoint xsi:type="SequencePoint" vc="0" uspid="19" ordinal="0" offset="0" sl="37" sc="9" el="37" ec="84" bec="0" bev="0" fileid="3" />
            </Method>
            <Method visited="false" cyclomaticComplexity="1" nPathComplexity="0" sequenceCoverage="0" branchCoverage="0" crapScore="2" isConstructor="false" isStatic="false" isGetter="false" isSetter="false">
              <Summary numSequencePoints="4" visitedSequencePoints="0" numBranchPoints="1" visitedBranchPoints="0" sequenceCoverage="0" branchCoverage="0" maxCyclomaticComplexity="1" minCyclomaticComplexity="1" maxCrapScore="2" minCrapScore="2" visitedClasses="0" numClasses="0" visitedMethods="0" numMethods="1" />
              <MetadataToken>100663298</MetadataToken>
              <Name>System.Void Calendar.AppointmentWindow::InsertTimeOptions()</Name>
              <FileRef uid="3" />
              <SequencePoints>
                <SequencePoint vc="0" uspid="26" ordinal="0" offset="0" sl="46" sc="9" el="46" ec="10" bec="0" bev="0" fileid="3" />
                <SequencePoint vc="0" uspid="27" ordinal="1" offset="1" sl="47" sc="13" el="47" ec="34" bec="0" bev="0" fileid="3" />
                <SequencePoint vc="0" uspid="28" ordinal="2" offset="8" sl="48" sc="13" el="48" ec="36" bec="0" bev="0" fileid="3" />
                <SequencePoint vc="0" uspid="29" ordinal="3" offset="15" sl="49" sc="9" el="49" ec="10" bec="0" bev="0" fileid="3" />
              </SequencePoints>
              <BranchPoints />
              <MethodPoint xsi:type="SequencePoint" vc="0" uspid="26" ordinal="0" offset="0" sl="46" sc="9" el="46" ec="10" bec="0" bev="0" fileid="3" />
            </Method>
            <Method visited="false" cyclomaticComplexity="2" nPathComplexity="2" sequenceCoverage="0" branchCoverage="0" crapScore="6" isConstructor="false" isStatic="false" isGetter="false" isSetter="false">
              <Summary numSequencePoints="11" visitedSequencePoints="0" numBranchPoints="3" visitedBranchPoints="0" sequenceCoverage="0" branchCoverage="0" maxCyclomaticComplexity="2" minCyclomaticComplexity="2" maxCrapScore="6" minCrapScore="6" visitedClasses="0" numClasses="0" visitedMethods="0" numMethods="1" />
              <MetadataToken>100663299</MetadataToken>
              <Name>System.Void Calendar.AppointmentWindow::InsertHoursOptions()</Name>
              <FileRef uid="3" />
              <SequencePoints>
                <SequencePoint vc="0" uspid="30" ordinal="0" offset="0" sl="52" sc="9" el="52" ec="10" bec="0" bev="0" fileid="3" />
                <SequencePoint vc="0" uspid="31" ordinal="1" offset="1" sl="53" sc="18" el="53" ec="27" bec="0" bev="0" fileid="3" />
                <SequencePoint vc="0" uspid="32" ordinal="2" offset="5" sl="54" sc="13" el="54" ec="14" bec="0" bev="0" fileid="3" />
                <SequencePoint vc="0" uspid="33" ordinal="3" offset="6" sl="55" sc="17" el="58" ec="19" bec="0" bev="0" fileid="3" />
                <SequencePoint vc="0" uspid="34" ordinal="4" offset="25" sl="59" sc="17" el="59" ec="68" bec="0" bev="0" fileid="3" />
                <SequencePoint vc="0" uspid="35" ordinal="5" offset="43" sl="61" sc="17" el="64" ec="19" bec="0" bev="0" fileid="3" />
                <SequencePoint vc="0" uspid="36" ordinal="6" offset="62" sl="65" sc="17" el="65" ec="65" bec="0" bev="0" fileid="3" />
                <SequencePoint vc="0" uspid="37" ordinal="7" offset="80" sl="66" sc="13" el="66" ec="14" bec="0" bev="0" fileid="3" />
                <SequencePoint vc="0" uspid="38" ordinal="8" offset="81" sl="53" sc="48" el="53" ec="51" bec="0" bev="0" fileid="3" />
                <SequencePoint vc="0" uspid="39" ordinal="9" offset="85" sl="53" sc="29" el="53" ec="46" bec="2" bev="0" fileid="3" />
                <SequencePoint vc="0" uspid="40" ordinal="10" offset="94" sl="67" sc="9" el="67" ec="10" bec="0" bev="0" fileid="3" />
              </SequencePoints>
              <BranchPoints>
                <BranchPoint vc="0" uspid="41" ordinal="0" offset="92" sl="53" path="0" offsetend="94" fileid="3" />
                <BranchPoint vc="0" uspid="42" ordinal="1" offset="92" sl="53" path="1" offsetend="5" fileid="3" />
              </BranchPoints>
              <MethodPoint xsi:type="SequencePoint" vc="0" uspid="30" ordinal="0" offset="0" sl="52" sc="9" el="52" ec="10" bec="0" bev="0" fileid="3" />
            </Method>
            <Method visited="false" cyclomaticComplexity="2" nPathComplexity="2" sequenceCoverage="0" branchCoverage="0" crapScore="6" isConstructor="false" isStatic="false" isGetter="false" isSetter="false">
              <Summary numSequencePoints="11" visitedSequencePoints="0" numBranchPoints="3" visitedBranchPoints="0" sequenceCoverage="0" branchCoverage="0" maxCyclomaticComplexity="2" minCyclomaticComplexity="2" maxCrapScore="6" minCrapScore="6" visitedClasses="0" numClasses="0" visitedMethods="0" numMethods="1" />
              <MetadataToken>100663300</MetadataToken>
              <Name>System.Void Calendar.AppointmentWindow::InsertMinutesOptions()</Name>
              <FileRef uid="3" />
              <SequencePoints>
                <SequencePoint vc="0" uspid="43" ordinal="0" offset="0" sl="70" sc="9" el="70" ec="10" bec="0" bev="0" fileid="3" />
                <SequencePoint vc="0" uspid="44" ordinal="1" offset="1" sl="71" sc="18" el="71" ec="27" bec="0" bev="0" fileid="3" />
                <SequencePoint vc="0" uspid="45" ordinal="2" offset="5" sl="72" sc="13" el="72" ec="14" bec="0" bev="0" fileid="3" />
                <SequencePoint vc="0" uspid="46" ordinal="3" offset="6" sl="73" sc="17" el="76" ec="19" bec="0" bev="0" fileid="3" />
                <SequencePoint vc="0" uspid="47" ordinal="4" offset="25" sl="77" sc="17" el="77" ec="72" bec="0" bev="0" fileid="3" />
                <SequencePoint vc="0" uspid="48" ordinal="5" offset="43" sl="79" sc="17" el="82" ec="19" bec="0" bev="0" fileid="3" />
                <SequencePoint vc="0" uspid="49" ordinal="6" offset="62" sl="83" sc="17" el="83" ec="68" bec="0" bev="0" fileid="3" />
                <SequencePoint vc="0" uspid="50" ordinal="7" offset="80" sl="84" sc="13" el="84" ec="14" bec="0" bev="0" fileid="3" />
                <SequencePoint vc="0" uspid="51" ordinal="8" offset="81" sl="71" sc="51" el="71" ec="54" bec="0" bev="0" fileid="3" />
                <SequencePoint vc="0" uspid="52" ordinal="9" offset="85" sl="71" sc="29" el="71" ec="49" bec="2" bev="0" fileid="3" />
                <SequencePoint vc="0" uspid="53" ordinal="10" offset="94" sl="85" sc="9" el="85" ec="10" bec="0" bev="0" fileid="3" />
              </SequencePoints>
              <BranchPoints>
                <BranchPoint vc="0" uspid="54" ordinal="0" offset="92" sl="71" path="0" offsetend="94" fileid="3" />
                <BranchPoint vc="0" uspid="55" ordinal="1" offset="92" sl="71" path="1" offsetend="5" fileid="3" />
              </BranchPoints>
              <MethodPoint xsi:type="SequencePoint" vc="0" uspid="43" ordinal="0" offset="0" sl="70" sc="9" el="70" ec="10" bec="0" bev="0" fileid="3" />
            </Method>
            <Method visited="false" cyclomaticComplexity="2" nPathComplexity="2" sequenceCoverage="0" branchCoverage="0" crapScore="6" isConstructor="false" isStatic="false" isGetter="false" isSetter="false">
              <Summary numSequencePoints="9" visitedSequencePoints="0" numBranchPoints="3" visitedBranchPoints="0" sequenceCoverage="0" branchCoverage="0" maxCyclomaticComplexity="2" minCyclomaticComplexity="2" maxCrapScore="6" minCrapScore="6" visitedClasses="0" numClasses="0" visitedMethods="0" numMethods="1" />
              <MetadataToken>100663301</MetadataToken>
              <Name>System.Void Calendar.AppointmentWindow::RefreshForm()</Name>
              <FileRef uid="3" />
              <SequencePoints>
                <SequencePoint vc="0" uspid="56" ordinal="0" offset="0" sl="88" sc="9" el="88" ec="10" bec="0" bev="0" fileid="3" />
                <SequencePoint vc="0" uspid="57" ordinal="1" offset="1" sl="89" sc="13" el="89" ec="56" bec="0" bev="0" fileid="3" />
                <SequencePoint vc="0" uspid="58" ordinal="2" offset="13" sl="91" sc="13" el="91" ec="31" bec="0" bev="0" fileid="3" />
                <SequencePoint vc="0" uspid="59" ordinal="3" offset="20" sl="93" sc="13" el="93" ec="70" bec="2" bev="0" fileid="3" />
                <SequencePoint vc="0" uspid="60" ordinal="4" offset="35" sl="94" sc="13" el="94" ec="14" bec="0" bev="0" fileid="3" />
                <SequencePoint vc="0" uspid="61" ordinal="5" offset="36" sl="95" sc="17" el="95" ec="47" bec="0" bev="0" fileid="3" />
                <SequencePoint vc="0" uspid="62" ordinal="6" offset="43" sl="96" sc="17" el="96" ec="49" bec="0" bev="0" fileid="3" />
                <SequencePoint vc="0" uspid="63" ordinal="7" offset="50" sl="97" sc="13" el="97" ec="14" bec="0" bev="0" fileid="3" />
                <SequencePoint vc="0" uspid="64" ordinal="8" offset="51" sl="98" sc="9" el="98" ec="10" bec="0" bev="0" fileid="3" />
              </SequencePoints>
              <BranchPoints>
                <BranchPoint vc="0" uspid="65" ordinal="0" offset="33" sl="93" path="0" offsetend="35" fileid="3" />
                <BranchPoint vc="0" uspid="66" ordinal="1" offset="33" sl="93" path="1" offsetend="51" fileid="3" />
              </BranchPoints>
              <MethodPoint xsi:type="SequencePoint" vc="0" uspid="56" ordinal="0" offset="0" sl="88" sc="9" el="88" ec="10" bec="0" bev="0" fileid="3" />
            </Method>
            <Method visited="false" cyclomaticComplexity="1" nPathComplexity="0" sequenceCoverage="0" branchCoverage="0" crapScore="2" isConstructor="false" isStatic="false" isGetter="false" isSetter="false">
              <Summary numSequencePoints="17" visitedSequencePoints="0" numBranchPoints="1" visitedBranchPoints="0" sequenceCoverage="0" branchCoverage="0" maxCyclomaticComplexity="1" minCyclomaticComplexity="1" maxCrapScore="2" minCrapScore="2" visitedClasses="0" numClasses="0" visitedMethods="0" numMethods="1" />
              <MetadataToken>100663302</MetadataToken>
              <Name>System.Void Calendar.AppointmentWindow::RefreshUIFields()</Name>
              <FileRef uid="3" />
              <SequencePoints>
                <SequencePoint vc="0" uspid="67" ordinal="0" offset="0" sl="101" sc="9" el="101" ec="10" bec="0" bev="0" fileid="3" />
                <SequencePoint vc="0" uspid="68" ordinal="1" offset="1" sl="102" sc="13" el="102" ec="78" bec="0" bev="0" fileid="3" />
                <SequencePoint vc="0" uspid="69" ordinal="2" offset="13" sl="103" sc="13" el="103" ec="90" bec="0" bev="0" fileid="3" />
                <SequencePoint vc="0" uspid="70" ordinal="3" offset="25" sl="104" sc="13" el="104" ec="73" bec="0" bev="0" fileid="3" />
                <SequencePoint vc="0" uspid="71" ordinal="4" offset="32" sl="105" sc="13" el="105" ec="84" bec="0" bev="0" fileid="3" />
                <SequencePoint vc="0" uspid="72" ordinal="5" offset="53" sl="106" sc="13" el="106" ec="88" bec="0" bev="0" fileid="3" />
                <SequencePoint vc="0" uspid="73" ordinal="6" offset="75" sl="107" sc="13" el="107" ec="80" bec="0" bev="0" fileid="3" />
                <SequencePoint vc="0" uspid="74" ordinal="7" offset="97" sl="108" sc="13" el="108" ec="84" bec="0" bev="0" fileid="3" />
                <SequencePoint vc="0" uspid="75" ordinal="8" offset="119" sl="110" sc="13" el="110" ec="39" bec="0" bev="0" fileid="3" />
                <SequencePoint vc="0" uspid="76" ordinal="9" offset="132" sl="111" sc="13" el="111" ec="51" bec="0" bev="0" fileid="3" />
                <SequencePoint vc="0" uspid="77" ordinal="10" offset="145" sl="112" sc="13" el="112" ec="45" bec="0" bev="0" fileid="3" />
                <SequencePoint vc="0" uspid="78" ordinal="11" offset="158" sl="113" sc="13" el="113" ec="57" bec="0" bev="0" fileid="3" />
                <SequencePoint vc="0" uspid="79" ordinal="12" offset="171" sl="114" sc="13" el="114" ec="61" bec="0" bev="0" fileid="3" />
                <SequencePoint vc="0" uspid="80" ordinal="13" offset="185" sl="115" sc="13" el="115" ec="53" bec="0" bev="0" fileid="3" />
                <SequencePoint vc="0" uspid="81" ordinal="14" offset="199" sl="116" sc="13" el="116" ec="57" bec="0" bev="0" fileid="3" />
                <SequencePoint vc="0" uspid="82" ordinal="15" offset="213" sl="117" sc="13" el="117" ec="55" bec="0" bev="0" fileid="3" />
                <SequencePoint vc="0" uspid="83" ordinal="16" offset="220" sl="118" sc="9" el="118" ec="10" bec="0" bev="0" fileid="3" />
              </SequencePoints>
              <BranchPoints />
              <MethodPoint xsi:type="SequencePoint" vc="0" uspid="67" ordinal="0" offset="0" sl="101" sc="9" el="101" ec="10" bec="0" bev="0" fileid="3" />
            </Method>
            <Method visited="false" cyclomaticComplexity="2" nPathComplexity="2" sequenceCoverage="0" branchCoverage="0" crapScore="6" isConstructor="false" isStatic="false" isGetter="false" isSetter="false">
              <Summary numSequencePoints="7" visitedSequencePoints="0" numBranchPoints="3" visitedBranchPoints="0" sequenceCoverage="0" branchCoverage="0" maxCyclomaticComplexity="2" minCyclomaticComplexity="2" maxCrapScore="6" minCrapScore="6" visitedClasses="0" numClasses="0" visitedMethods="0" numMethods="1" />
              <MetadataToken>100663303</MetadataToken>
              <Name>System.Void Calendar.AppointmentWindow::SuscribeGuestNamesFieldSelectionChanged()</Name>
              <FileRef uid="3" />
              <SequencePoints>
                <SequencePoint vc="0" uspid="84" ordinal="0" offset="0" sl="121" sc="9" el="121" ec="10" bec="0" bev="0" fileid="3" />
                <SequencePoint vc="0" uspid="85" ordinal="1" offset="1" sl="122" sc="13" el="122" ec="57" bec="0" bev="0" fileid="3" />
                <SequencePoint vc="0" uspid="86" ordinal="2" offset="13" sl="123" sc="13" el="123" ec="68" bec="2" bev="0" fileid="3" />
                <SequencePoint vc="0" uspid="87" ordinal="3" offset="24" sl="124" sc="13" el="124" ec="14" bec="0" bev="0" fileid="3" />
                <SequencePoint vc="0" uspid="88" ordinal="4" offset="25" sl="125" sc="17" el="125" ec="84" bec="0" bev="0" fileid="3" />
                <SequencePoint vc="0" uspid="89" ordinal="5" offset="49" sl="126" sc="13" el="126" ec="14" bec="0" bev="0" fileid="3" />
                <SequencePoint vc="0" uspid="90" ordinal="6" offset="50" sl="127" sc="9" el="127" ec="10" bec="0" bev="0" fileid="3" />
              </SequencePoints>
              <BranchPoints>
                <BranchPoint vc="0" uspid="91" ordinal="0" offset="22" sl="123" path="0" offsetend="24" fileid="3" />
                <BranchPoint vc="0" uspid="92" ordinal="1" offset="22" sl="123" path="1" offsetend="50" fileid="3" />
              </BranchPoints>
              <MethodPoint xsi:type="SequencePoint" vc="0" uspid="84" ordinal="0" offset="0" sl="121" sc="9" el="121" ec="10" bec="0" bev="0" fileid="3" />
            </Method>
            <Method visited="false" cyclomaticComplexity="1" nPathComplexity="0" sequenceCoverage="0" branchCoverage="0" crapScore="2" isConstructor="false" isStatic="false" isGetter="false" isSetter="false">
              <Summary numSequencePoints="4" visitedSequencePoints="0" numBranchPoints="1" visitedBranchPoints="0" sequenceCoverage="0" branchCoverage="0" maxCyclomaticComplexity="1" minCyclomaticComplexity="1" maxCrapScore="2" minCrapScore="2" visitedClasses="0" numClasses="0" visitedMethods="0" numMethods="1" />
              <MetadataToken>100663304</MetadataToken>
              <Name>System.Void Calendar.AppointmentWindow::GuestNamesField_SelectionChanged(System.Object,System.Windows.RoutedEventArgs)</Name>
              <FileRef uid="3" />
              <SequencePoints>
                <SequencePoint vc="0" uspid="93" ordinal="0" offset="0" sl="130" sc="9" el="130" ec="10" bec="0" bev="0" fileid="3" />
                <SequencePoint vc="0" uspid="94" ordinal="1" offset="1" sl="131" sc="13" el="131" ec="80" bec="0" bev="0" fileid="3" />
                <SequencePoint vc="0" uspid="95" ordinal="2" offset="25" sl="132" sc="13" el="132" ec="47" bec="0" bev="0" fileid="3" />
                <SequencePoint vc="0" uspid="96" ordinal="3" offset="42" sl="133" sc="9" el="133" ec="10" bec="0" bev="0" fileid="3" />
              </SequencePoints>
              <BranchPoints />
              <MethodPoint xsi:type="SequencePoint" vc="0" uspid="93" ordinal="0" offset="0" sl="130" sc="9" el="130" ec="10" bec="0" bev="0" fileid="3" />
            </Method>
            <Method visited="false" cyclomaticComplexity="1" nPathComplexity="0" sequenceCoverage="0" branchCoverage="0" crapScore="2" isConstructor="false" isStatic="false" isGetter="false" isSetter="false">
              <Summary numSequencePoints="4" visitedSequencePoints="0" numBranchPoints="1" visitedBranchPoints="0" sequenceCoverage="0" branchCoverage="0" maxCyclomaticComplexity="1" minCyclomaticComplexity="1" maxCrapScore="2" minCrapScore="2" visitedClasses="0" numClasses="0" visitedMethods="0" numMethods="1" />
              <MetadataToken>100663305</MetadataToken>
              <Name>System.Void Calendar.AppointmentWindow::ResizeSaveButtonForEditForm()</Name>
              <FileRef uid="3" />
              <SequencePoints>
                <SequencePoint vc="0" uspid="97" ordinal="0" offset="0" sl="136" sc="9" el="136" ec="10" bec="0" bev="0" fileid="3" />
                <SequencePoint vc="0" uspid="98" ordinal="1" offset="1" sl="138" sc="13" el="138" ec="80" bec="0" bev="0" fileid="3" />
                <SequencePoint vc="0" uspid="99" ordinal="2" offset="24" sl="139" sc="13" el="139" ec="78" bec="0" bev="0" fileid="3" />
                <SequencePoint vc="0" uspid="100" ordinal="3" offset="47" sl="140" sc="9" el="140" ec="10" bec="0" bev="0" fileid="3" />
              </SequencePoints>
              <BranchPoints />
              <MethodPoint xsi:type="SequencePoint" vc="0" uspid="97" ordinal="0" offset="0" sl="136" sc="9" el="136" ec="10" bec="0" bev="0" fileid="3" />
            </Method>
            <Method visited="false" cyclomaticComplexity="1" nPathComplexity="0" sequenceCoverage="0" branchCoverage="0" crapScore="2" isConstructor="false" isStatic="false" isGetter="false" isSetter="false">
              <Summary numSequencePoints="8" visitedSequencePoints="0" numBranchPoints="1" visitedBranchPoints="0" sequenceCoverage="0" branchCoverage="0" maxCyclomaticComplexity="1" minCyclomaticComplexity="1" maxCrapScore="2" minCrapScore="2" visitedClasses="0" numClasses="0" visitedMethods="0" numMethods="1" />
              <MetadataToken>100663306</MetadataToken>
              <Name>System.Void Calendar.AppointmentWindow::InsertDeleteButtonForEditForm()</Name>
              <FileRef uid="3" />
              <SequencePoints>
                <SequencePoint vc="0" uspid="101" ordinal="0" offset="0" sl="143" sc="9" el="143" ec="10" bec="0" bev="0" fileid="3" />
                <SequencePoint vc="0" uspid="102" ordinal="1" offset="1" sl="149" sc="13" el="153" ec="15" bec="0" bev="0" fileid="3" />
                <SequencePoint vc="0" uspid="103" ordinal="2" offset="37" sl="154" sc="13" el="154" ec="84" bec="0" bev="0" fileid="3" />
                <SequencePoint vc="0" uspid="104" ordinal="3" offset="55" sl="155" sc="13" el="155" ec="76" bec="0" bev="0" fileid="3" />
                <SequencePoint vc="0" uspid="105" ordinal="4" offset="73" sl="156" sc="13" el="156" ec="70" bec="0" bev="0" fileid="3" />
                <SequencePoint vc="0" uspid="106" ordinal="5" offset="91" sl="157" sc="13" el="157" ec="54" bec="0" bev="0" fileid="3" />
                <SequencePoint vc="0" uspid="107" ordinal="6" offset="110" sl="159" sc="13" el="159" ec="45" bec="0" bev="0" fileid="3" />
                <SequencePoint vc="0" uspid="108" ordinal="7" offset="128" sl="160" sc="9" el="160" ec="10" bec="0" bev="0" fileid="3" />
              </SequencePoints>
              <BranchPoints />
              <MethodPoint xsi:type="SequencePoint" vc="0" uspid="101" ordinal="0" offset="0" sl="143" sc="9" el="143" ec="10" bec="0" bev="0" fileid="3" />
            </Method>
            <Method visited="false" cyclomaticComplexity="1" nPathComplexity="0" sequenceCoverage="0" branchCoverage="0" crapScore="2" isConstructor="false" isStatic="false" isGetter="false" isSetter="false">
              <Summary numSequencePoints="4" visitedSequencePoints="0" numBranchPoints="1" visitedBranchPoints="0" sequenceCoverage="0" branchCoverage="0" maxCyclomaticComplexity="1" minCyclomaticComplexity="1" maxCrapScore="2" minCrapScore="2" visitedClasses="0" numClasses="0" visitedMethods="0" numMethods="1" />
              <MetadataToken>100663307</MetadataToken>
              <Name>System.Void Calendar.AppointmentWindow::DeleteButton_Click(System.Object,System.Windows.RoutedEventArgs)</Name>
              <FileRef uid="3" />
              <SequencePoints>
                <SequencePoint vc="0" uspid="109" ordinal="0" offset="0" sl="163" sc="9" el="163" ec="10" bec="0" bev="0" fileid="3" />
                <SequencePoint vc="0" uspid="110" ordinal="1" offset="1" sl="164" sc="13" el="164" ec="61" bec="0" bev="0" fileid="3" />
                <SequencePoint vc="0" uspid="111" ordinal="2" offset="13" sl="165" sc="13" el="165" ec="26" bec="0" bev="0" fileid="3" />
                <SequencePoint vc="0" uspid="112" ordinal="3" offset="20" sl="166" sc="9" el="166" ec="10" bec="0" bev="0" fileid="3" />
              </SequencePoints>
              <BranchPoints />
              <MethodPoint xsi:type="SequencePoint" vc="0" uspid="109" ordinal="0" offset="0" sl="163" sc="9" el="163" ec="10" bec="0" bev="0" fileid="3" />
            </Method>
            <Method visited="false" cyclomaticComplexity="2" nPathComplexity="2" sequenceCoverage="0" branchCoverage="0" crapScore="6" isConstructor="false" isStatic="false" isGetter="false" isSetter="false">
              <Summary numSequencePoints="16" visitedSequencePoints="0" numBranchPoints="3" visitedBranchPoints="0" sequenceCoverage="0" branchCoverage="0" maxCyclomaticComplexity="2" minCyclomaticComplexity="2" maxCrapScore="6" minCrapScore="6" visitedClasses="0" numClasses="0" visitedMethods="0" numMethods="1" />
              <MetadataToken>100663308</MetadataToken>
              <Name>System.Void Calendar.AppointmentWindow::SaveButton_Click(System.Object,System.Windows.RoutedEventArgs)</Name>
              <FileRef uid="3" />
              <SequencePoints>
                <SequencePoint vc="0" uspid="113" ordinal="0" offset="0" sl="169" sc="9" el="169" ec="10" bec="0" bev="0" fileid="3" />
                <SequencePoint vc="0" uspid="114" ordinal="1" offset="1" sl="174" sc="13" el="174" ec="55" bec="0" bev="0" fileid="3" />
                <SequencePoint vc="0" uspid="115" ordinal="2" offset="13" sl="175" sc="13" el="175" ec="67" bec="0" bev="0" fileid="3" />
                <SequencePoint vc="0" uspid="116" ordinal="3" offset="25" sl="176" sc="13" el="176" ec="92" bec="0" bev="0" fileid="3" />
                <SequencePoint vc="0" uspid="117" ordinal="4" offset="43" sl="177" sc="13" el="177" ec="69" bec="0" bev="0" fileid="3" />
                <SequencePoint vc="0" uspid="118" ordinal="5" offset="55" sl="178" sc="13" el="178" ec="65" bec="0" bev="0" fileid="3" />
                <SequencePoint vc="0" uspid="119" ordinal="6" offset="68" sl="180" sc="13" el="180" ec="140" bec="0" bev="0" fileid="3" />
                <SequencePoint vc="0" uspid="120" ordinal="7" offset="86" sl="182" sc="13" el="182" ec="102" bec="2" bev="0" fileid="3" />
                <SequencePoint vc="0" uspid="121" ordinal="8" offset="105" sl="183" sc="13" el="183" ec="14" bec="0" bev="0" fileid="3" />
                <SequencePoint vc="0" uspid="122" ordinal="9" offset="106" sl="184" sc="17" el="184" ec="61" bec="0" bev="0" fileid="3" />
                <SequencePoint vc="0" uspid="123" ordinal="10" offset="118" sl="185" sc="17" el="185" ec="30" bec="0" bev="0" fileid="3" />
                <SequencePoint vc="0" uspid="124" ordinal="11" offset="125" sl="186" sc="13" el="186" ec="14" bec="0" bev="0" fileid="3" />
                <SequencePoint vc="0" uspid="125" ordinal="12" offset="128" sl="188" sc="13" el="188" ec="14" bec="0" bev="0" fileid="3" />
                <SequencePoint vc="0" uspid="126" ordinal="13" offset="129" sl="189" sc="17" el="189" ec="42" bec="0" bev="0" fileid="3" />
                <SequencePoint vc="0" uspid="127" ordinal="14" offset="136" sl="190" sc="13" el="190" ec="14" bec="0" bev="0" fileid="3" />
                <SequencePoint vc="0" uspid="128" ordinal="15" offset="137" sl="191" sc="9" el="191" ec="10" bec="0" bev="0" fileid="3" />
              </SequencePoints>
              <BranchPoints>
                <BranchPoint vc="0" uspid="129" ordinal="0" offset="103" sl="182" path="0" offsetend="105" fileid="3" />
                <BranchPoint vc="0" uspid="130" ordinal="1" offset="103" sl="182" path="1" offsetend="128" fileid="3" />
              </BranchPoints>
              <MethodPoint xsi:type="SequencePoint" vc="0" uspid="113" ordinal="0" offset="0" sl="169" sc="9" el="169" ec="10" bec="0" bev="0" fileid="3" />
            </Method>
            <Method visited="false" cyclomaticComplexity="2" nPathComplexity="0" sequenceCoverage="0" branchCoverage="0" crapScore="6" isConstructor="false" isStatic="false" isGetter="false" isSetter="false">
              <Summary numSequencePoints="11" visitedSequencePoints="0" numBranchPoints="1" visitedBranchPoints="0" sequenceCoverage="0" branchCoverage="0" maxCyclomaticComplexity="2" minCyclomaticComplexity="2" maxCrapScore="6" minCrapScore="6" visitedClasses="0" numClasses="0" visitedMethods="0" numMethods="1" />
              <MetadataToken>100663309</MetadataToken>
              <Name>System.Void Calendar.AppointmentWindow::ShowValidationMessages()</Name>
              <FileRef uid="3" />
              <SequencePoints>
                <SequencePoint vc="0" uspid="131" ordinal="0" offset="0" sl="194" sc="9" el="194" ec="10" bec="0" bev="0" fileid="3" />
                <SequencePoint vc="0" uspid="132" ordinal="1" offset="1" sl="196" sc="13" el="196" ec="43" bec="0" bev="0" fileid="3" />
                <SequencePoint vc="0" uspid="133" ordinal="2" offset="7" sl="198" sc="13" el="198" ec="20" bec="0" bev="0" fileid="3" />
                <SequencePoint vc="0" uspid="134" ordinal="3" offset="8" sl="198" sc="40" el="198" ec="80" bec="0" bev="0" fileid="3" />
                <SequencePoint vc="0" uspid="135" ordinal="4" offset="27" sl="198" sc="22" el="198" ec="36" bec="0" bev="0" fileid="3" />
                <SequencePoint vc="0" uspid="136" ordinal="5" offset="35" sl="199" sc="13" el="199" ec="14" bec="0" bev="0" fileid="3" />
                <SequencePoint vc="0" uspid="137" ordinal="6" offset="36" sl="200" sc="17" el="200" ec="121" bec="0" bev="0" fileid="3" />
                <SequencePoint vc="0" uspid="138" ordinal="7" offset="54" sl="201" sc="13" el="201" ec="14" bec="0" bev="0" fileid="3" />
                <SequencePoint vc="0" uspid="139" ordinal="8" offset="55" sl="198" sc="37" el="198" ec="39" bec="0" bev="0" fileid="3" />
                <SequencePoint vc="0" uspid="140" ordinal="9" offset="81" sl="203" sc="13" el="203" ec="48" bec="0" bev="0" fileid="3" />
                <SequencePoint vc="0" uspid="141" ordinal="10" offset="88" sl="204" sc="9" el="204" ec="10" bec="0" bev="0" fileid="3" />
              </SequencePoints>
              <BranchPoints />
              <MethodPoint xsi:type="SequencePoint" vc="0" uspid="131" ordinal="0" offset="0" sl="194" sc="9" el="194" ec="10" bec="0" bev="0" fileid="3" />
            </Method>
            <Method visited="false" cyclomaticComplexity="2" nPathComplexity="2" sequenceCoverage="0" branchCoverage="0" crapScore="6" isConstructor="false" isStatic="false" isGetter="false" isSetter="false">
              <Summary numSequencePoints="14" visitedSequencePoints="0" numBranchPoints="3" visitedBranchPoints="0" sequenceCoverage="0" branchCoverage="0" maxCyclomaticComplexity="2" minCyclomaticComplexity="2" maxCrapScore="6" minCrapScore="6" visitedClasses="0" numClasses="0" visitedMethods="0" numMethods="1" />
              <MetadataToken>100663310</MetadataToken>
              <Name>System.TimeSpan Calendar.AppointmentWindow::GetCandidateTime(System.String)</Name>
              <FileRef uid="3" />
              <SequencePoints>
                <SequencePoint vc="0" uspid="144" ordinal="0" offset="0" sl="207" sc="9" el="207" ec="10" bec="0" bev="0" fileid="3" />
                <SequencePoint vc="0" uspid="145" ordinal="1" offset="1" sl="210" sc="13" el="210" ec="61" bec="0" bev="0" fileid="3" />
                <SequencePoint vc="0" uspid="146" ordinal="2" offset="13" sl="211" sc="13" el="211" ec="65" bec="0" bev="0" fileid="3" />
                <SequencePoint vc="0" uspid="147" ordinal="3" offset="25" sl="212" sc="13" el="212" ec="57" bec="0" bev="0" fileid="3" />
                <SequencePoint vc="0" uspid="148" ordinal="4" offset="37" sl="213" sc="13" el="213" ec="61" bec="0" bev="0" fileid="3" />
                <SequencePoint vc="0" uspid="149" ordinal="5" offset="49" sl="215" sc="13" el="215" ec="68" bec="0" bev="0" fileid="3" />
                <SequencePoint vc="0" uspid="150" ordinal="6" offset="62" sl="216" sc="13" el="216" ec="37" bec="2" bev="0" fileid="3" />
                <SequencePoint vc="0" uspid="151" ordinal="7" offset="70" sl="217" sc="13" el="217" ec="14" bec="0" bev="0" fileid="3" />
                <SequencePoint vc="0" uspid="152" ordinal="8" offset="71" sl="218" sc="17" el="218" ec="91" bec="0" bev="0" fileid="3" />
                <SequencePoint vc="0" uspid="153" ordinal="9" offset="81" sl="219" sc="17" el="219" ec="34" bec="0" bev="0" fileid="3" />
                <SequencePoint vc="0" uspid="154" ordinal="10" offset="87" sl="222" sc="13" el="222" ec="14" bec="0" bev="0" fileid="3" />
                <SequencePoint vc="0" uspid="155" ordinal="11" offset="88" sl="223" sc="17" el="223" ec="85" bec="0" bev="0" fileid="3" />
                <SequencePoint vc="0" uspid="156" ordinal="12" offset="98" sl="224" sc="17" el="224" ec="32" bec="0" bev="0" fileid="3" />
                <SequencePoint vc="0" uspid="157" ordinal="13" offset="104" sl="226" sc="9" el="226" ec="10" bec="0" bev="0" fileid="3" />
              </SequencePoints>
              <BranchPoints>
                <BranchPoint vc="0" uspid="158" ordinal="0" offset="68" sl="216" path="0" offsetend="70" fileid="3" />
                <BranchPoint vc="0" uspid="159" ordinal="1" offset="68" sl="216" path="1" offsetend="87" fileid="3" />
              </BranchPoints>
              <MethodPoint xsi:type="SequencePoint" vc="0" uspid="144" ordinal="0" offset="0" sl="207" sc="9" el="207" ec="10" bec="0" bev="0" fileid="3" />
            </Method>
            <Method visited="false" cyclomaticComplexity="3" nPathComplexity="2" sequenceCoverage="0" branchCoverage="0" crapScore="12" isConstructor="false" isStatic="false" isGetter="false" isSetter="false">
              <Summary numSequencePoints="13" visitedSequencePoints="0" numBranchPoints="3" visitedBranchPoints="0" sequenceCoverage="0" branchCoverage="0" maxCyclomaticComplexity="3" minCyclomaticComplexity="3" maxCrapScore="12" minCrapScore="12" visitedClasses="0" numClasses="0" visitedMethods="0" numMethods="1" />
              <MetadataToken>100663311</MetadataToken>
              <Name>System.Collections.Generic.List`1&lt;System.String&gt; Calendar.AppointmentWindow::GetCandidateGuestNames(System.String)</Name>
              <FileRef uid="3" />
              <SequencePoints>
                <SequencePoint vc="0" uspid="160" ordinal="0" offset="6" sl="229" sc="9" el="229" ec="10" bec="0" bev="0" fileid="3" />
                <SequencePoint vc="0" uspid="161" ordinal="1" offset="7" sl="230" sc="13" el="230" ec="84" bec="0" bev="0" fileid="3" />
                <SequencePoint vc="0" uspid="162" ordinal="2" offset="30" sl="232" sc="13" el="232" ec="97" bec="0" bev="0" fileid="3" />
                <SequencePoint vc="0" uspid="163" ordinal="3" offset="62" sl="233" sc="13" el="233" ec="89" bec="0" bev="0" fileid="3" />
                <SequencePoint vc="0" uspid="164" ordinal="4" offset="81" sl="235" sc="18" el="235" ec="27" bec="0" bev="0" fileid="3" />
                <SequencePoint vc="0" uspid="165" ordinal="5" offset="85" sl="236" sc="13" el="236" ec="14" bec="0" bev="0" fileid="3" />
                <SequencePoint vc="0" uspid="166" ordinal="6" offset="86" sl="237" sc="17" el="237" ec="72" bec="0" bev="0" fileid="3" />
                <SequencePoint vc="0" uspid="167" ordinal="7" offset="106" sl="238" sc="13" el="238" ec="14" bec="0" bev="0" fileid="3" />
                <SequencePoint vc="0" uspid="168" ordinal="8" offset="107" sl="235" sc="60" el="235" ec="63" bec="0" bev="0" fileid="3" />
                <SequencePoint vc="0" uspid="169" ordinal="9" offset="111" sl="235" sc="29" el="235" ec="58" bec="2" bev="0" fileid="3" />
                <SequencePoint vc="0" uspid="170" ordinal="10" offset="124" sl="239" sc="13" el="239" ec="69" bec="0" bev="0" fileid="3" />
                <SequencePoint vc="0" uspid="171" ordinal="11" offset="162" sl="241" sc="13" el="241" ec="40" bec="0" bev="0" fileid="3" />
                <SequencePoint vc="0" uspid="172" ordinal="12" offset="167" sl="242" sc="9" el="242" ec="10" bec="0" bev="0" fileid="3" />
              </SequencePoints>
              <BranchPoints>
                <BranchPoint vc="0" uspid="173" ordinal="0" offset="122" sl="235" path="0" offsetend="124" fileid="3" />
                <BranchPoint vc="0" uspid="174" ordinal="1" offset="122" sl="235" path="1" offsetend="85" fileid="3" />
              </BranchPoints>
              <MethodPoint vc="0" uspid="177" ordinal="0" offset="0" />
            </Method>
            <Method visited="false" cyclomaticComplexity="3" nPathComplexity="4" sequenceCoverage="0" branchCoverage="0" crapScore="12" isConstructor="false" isStatic="false" isGetter="false" isSetter="false">
              <Summary numSequencePoints="20" visitedSequencePoints="0" numBranchPoints="5" visitedBranchPoints="0" sequenceCoverage="0" branchCoverage="0" maxCyclomaticComplexity="3" minCyclomaticComplexity="3" maxCrapScore="12" minCrapScore="12" visitedClasses="0" numClasses="0" visitedMethods="0" numMethods="1" />
              <MetadataToken>100663312</MetadataToken>
              <Name>System.String Calendar.AppointmentWindow::GetAppointmentGuestNamesInFieldFormat()</Name>
              <FileRef uid="3" />
              <SequencePoints>
                <SequencePoint vc="0" uspid="178" ordinal="0" offset="0" sl="245" sc="9" el="245" ec="10" bec="0" bev="0" fileid="3" />
                <SequencePoint vc="0" uspid="179" ordinal="1" offset="1" sl="247" sc="13" el="247" ec="42" bec="0" bev="0" fileid="3" />
                <SequencePoint vc="0" uspid="180" ordinal="2" offset="3" sl="248" sc="13" el="248" ec="60" bec="0" bev="0" fileid="3" />
                <SequencePoint vc="0" uspid="181" ordinal="3" offset="9" sl="249" sc="13" el="249" ec="101" bec="0" bev="0" fileid="3" />
                <SequencePoint vc="0" uspid="182" ordinal="4" offset="21" sl="251" sc="18" el="251" ec="27" bec="0" bev="0" fileid="3" />
                <SequencePoint vc="0" uspid="183" ordinal="5" offset="25" sl="252" sc="13" el="252" ec="14" bec="0" bev="0" fileid="3" />
                <SequencePoint vc="0" uspid="184" ordinal="6" offset="26" sl="253" sc="17" el="253" ec="68" bec="0" bev="0" fileid="3" />
                <SequencePoint vc="0" uspid="185" ordinal="7" offset="40" sl="254" sc="17" el="254" ec="38" bec="2" bev="0" fileid="3" />
                <SequencePoint vc="0" uspid="186" ordinal="8" offset="47" sl="255" sc="17" el="255" ec="18" bec="0" bev="0" fileid="3" />
                <SequencePoint vc="0" uspid="187" ordinal="9" offset="48" sl="256" sc="21" el="256" ec="44" bec="0" bev="0" fileid="3" />
                <SequencePoint vc="0" uspid="188" ordinal="10" offset="51" sl="257" sc="21" el="257" ec="46" bec="0" bev="0" fileid="3" />
                <SequencePoint vc="0" uspid="189" ordinal="11" offset="53" sl="258" sc="17" el="258" ec="18" bec="0" bev="0" fileid="3" />
                <SequencePoint vc="0" uspid="190" ordinal="12" offset="56" sl="260" sc="17" el="260" ec="18" bec="0" bev="0" fileid="3" />
                <SequencePoint vc="0" uspid="191" ordinal="13" offset="57" sl="261" sc="21" el="261" ec="117" bec="0" bev="0" fileid="3" />
                <SequencePoint vc="0" uspid="192" ordinal="14" offset="76" sl="262" sc="17" el="262" ec="18" bec="0" bev="0" fileid="3" />
                <SequencePoint vc="0" uspid="193" ordinal="15" offset="77" sl="263" sc="13" el="263" ec="14" bec="0" bev="0" fileid="3" />
                <SequencePoint vc="0" uspid="194" ordinal="16" offset="78" sl="251" sc="64" el="251" ec="67" bec="0" bev="0" fileid="3" />
                <SequencePoint vc="0" uspid="195" ordinal="17" offset="82" sl="251" sc="29" el="251" ec="62" bec="2" bev="0" fileid="3" />
                <SequencePoint vc="0" uspid="196" ordinal="18" offset="97" sl="265" sc="13" el="265" ec="31" bec="0" bev="0" fileid="3" />
                <SequencePoint vc="0" uspid="197" ordinal="19" offset="102" sl="266" sc="9" el="266" ec="10" bec="0" bev="0" fileid="3" />
              </SequencePoints>
              <BranchPoints>
                <BranchPoint vc="0" uspid="198" ordinal="0" offset="45" sl="254" path="0" offsetend="47" fileid="3" />
                <BranchPoint vc="0" uspid="199" ordinal="1" offset="45" sl="254" path="1" offsetend="56" fileid="3" />
                <BranchPoint vc="0" uspid="200" ordinal="2" offset="95" sl="251" path="0" offsetend="97" fileid="3" />
                <BranchPoint vc="0" uspid="201" ordinal="3" offset="95" sl="251" path="1" offsetend="25" fileid="3" />
              </BranchPoints>
              <MethodPoint xsi:type="SequencePoint" vc="0" uspid="178" ordinal="0" offset="0" sl="245" sc="9" el="245" ec="10" bec="0" bev="0" fileid="3" />
            </Method>
            <Method visited="false" cyclomaticComplexity="1" nPathComplexity="0" sequenceCoverage="0" branchCoverage="0" crapScore="2" isConstructor="false" isStatic="false" isGetter="false" isSetter="false">
              <Summary numSequencePoints="3" visitedSequencePoints="0" numBranchPoints="1" visitedBranchPoints="0" sequenceCoverage="0" branchCoverage="0" maxCyclomaticComplexity="1" minCyclomaticComplexity="1" maxCrapScore="2" minCrapScore="2" visitedClasses="0" numClasses="0" visitedMethods="0" numMethods="1" />
              <MetadataToken>100663313</MetadataToken>
              <Name>System.Boolean Calendar.AppointmentWindow::IsGuestNamesFieldStillPlaceHolder(System.String)</Name>
              <FileRef uid="3" />
              <SequencePoints>
                <SequencePoint vc="0" uspid="202" ordinal="0" offset="0" sl="269" sc="9" el="269" ec="10" bec="0" bev="0" fileid="3" />
                <SequencePoint vc="0" uspid="203" ordinal="1" offset="1" sl="270" sc="13" el="270" ec="70" bec="0" bev="0" fileid="3" />
                <SequencePoint vc="0" uspid="204" ordinal="2" offset="15" sl="271" sc="9" el="271" ec="10" bec="0" bev="0" fileid="3" />
              </SequencePoints>
              <BranchPoints />
              <MethodPoint xsi:type="SequencePoint" vc="0" uspid="202" ordinal="0" offset="0" sl="269" sc="9" el="269" ec="10" bec="0" bev="0" fileid="3" />
            </Method>
            <Method visited="false" cyclomaticComplexity="2" nPathComplexity="0" sequenceCoverage="0" branchCoverage="0" crapScore="6" isConstructor="false" isStatic="false" isGetter="false" isSetter="false">
              <Summary numSequencePoints="1" visitedSequencePoints="0" numBranchPoints="1" visitedBranchPoints="0" sequenceCoverage="0" branchCoverage="0" maxCyclomaticComplexity="2" minCyclomaticComplexity="2" maxCrapScore="6" minCrapScore="6" visitedClasses="0" numClasses="0" visitedMethods="0" numMethods="1" />
              <MetadataToken>100663314</MetadataToken>
              <Name>System.Void Calendar.AppointmentWindow::InitializeComponent()</Name>
              <FileRef uid="4" />
              <SequencePoints>
                <SequencePoint vc="0" uspid="205" ordinal="0" offset="33" sl="1" sc="13" el="1" ec="77" bec="0" bev="0" fileid="4" />
              </SequencePoints>
              <BranchPoints />
              <MethodPoint vc="0" uspid="208" ordinal="0" offset="0" />
            </Method>
            <Method visited="false" cyclomaticComplexity="11" nPathComplexity="0" sequenceCoverage="0" branchCoverage="0" crapScore="132" isConstructor="false" isStatic="false" isGetter="false" isSetter="false">
              <Summary numSequencePoints="1" visitedSequencePoints="0" numBranchPoints="1" visitedBranchPoints="0" sequenceCoverage="0" branchCoverage="0" maxCyclomaticComplexity="11" minCyclomaticComplexity="11" maxCrapScore="132" minCrapScore="132" visitedClasses="0" numClasses="0" visitedMethods="0" numMethods="1" />
              <MetadataToken>100663315</MetadataToken>
              <Name>System.Void Calendar.AppointmentWindow::System.Windows.Markup.IComponentConnector.Connect(System.Int32,System.Object)</Name>
              <FileRef uid="4" />
              <SequencePoints>
                <SequencePoint vc="0" uspid="209" ordinal="0" offset="182" sl="41" sc="13" el="41" ec="99" bec="0" bev="0" fileid="4" />
              </SequencePoints>
              <BranchPoints />
              <MethodPoint vc="0" uspid="220" ordinal="0" offset="0" />
            </Method>
          </Methods>
        </Class>
        <Class>
          <Summary numSequencePoints="1" visitedSequencePoints="0" numBranchPoints="1" visitedBranchPoints="0" sequenceCoverage="0" branchCoverage="0" maxCyclomaticComplexity="1" minCyclomaticComplexity="1" maxCrapScore="2" minCrapScore="2" visitedClasses="0" numClasses="1" visitedMethods="0" numMethods="1" />
          <FullName>Calendar.AppointmentWindow/&lt;&gt;c__DisplayClass18_0</FullName>
          <Methods>
            <Method visited="false" cyclomaticComplexity="1" nPathComplexity="0" sequenceCoverage="0" branchCoverage="0" crapScore="2" isConstructor="true" isStatic="false" isGetter="false" isSetter="false">
              <Summary numSequencePoints="0" visitedSequencePoints="0" numBranchPoints="0" visitedBranchPoints="0" sequenceCoverage="0" branchCoverage="0" maxCyclomaticComplexity="1" minCyclomaticComplexity="1" maxCrapScore="2" minCrapScore="2" visitedClasses="0" numClasses="0" visitedMethods="0" numMethods="0" />
              <MetadataToken>100663525</MetadataToken>
              <Name>System.Void Calendar.AppointmentWindow/&lt;&gt;c__DisplayClass18_0::.ctor()</Name>
              <SequencePoints />
              <BranchPoints />
              <MethodPoint vc="0" uspid="221" ordinal="0" offset="0" />
            </Method>
            <Method visited="false" cyclomaticComplexity="1" nPathComplexity="0" sequenceCoverage="0" branchCoverage="0" crapScore="2" isConstructor="false" isStatic="false" isGetter="false" isSetter="false">
              <Summary numSequencePoints="1" visitedSequencePoints="0" numBranchPoints="1" visitedBranchPoints="0" sequenceCoverage="0" branchCoverage="0" maxCyclomaticComplexity="1" minCyclomaticComplexity="1" maxCrapScore="2" minCrapScore="2" visitedClasses="0" numClasses="0" visitedMethods="0" numMethods="1" />
              <MetadataToken>100663526</MetadataToken>
              <Name>System.Boolean Calendar.AppointmentWindow/&lt;&gt;c__DisplayClass18_0::&lt;GetCandidateGuestNames&gt;b__0(System.String)</Name>
              <FileRef uid="3" />
              <SequencePoints>
                <SequencePoint vc="0" uspid="222" ordinal="0" offset="0" sl="233" sc="51" el="233" ec="87" bec="0" bev="0" fileid="3" />
              </SequencePoints>
              <BranchPoints />
              <MethodPoint xsi:type="SequencePoint" vc="0" uspid="222" ordinal="0" offset="0" sl="233" sc="51" el="233" ec="87" bec="0" bev="0" fileid="3" />
            </Method>
          </Methods>
        </Class>
        <Class>
          <Summary numSequencePoints="1" visitedSequencePoints="0" numBranchPoints="1" visitedBranchPoints="0" sequenceCoverage="0" branchCoverage="0" maxCyclomaticComplexity="1" minCyclomaticComplexity="1" maxCrapScore="2" minCrapScore="2" visitedClasses="0" numClasses="1" visitedMethods="0" numMethods="1" />
          <FullName>Calendar.AppointmentWindow/&lt;&gt;c</FullName>
          <Methods>
            <Method visited="false" cyclomaticComplexity="1" nPathComplexity="0" sequenceCoverage="0" branchCoverage="0" crapScore="2" isConstructor="true" isStatic="true" isGetter="false" isSetter="false">
              <Summary numSequencePoints="0" visitedSequencePoints="0" numBranchPoints="0" visitedBranchPoints="0" sequenceCoverage="0" branchCoverage="0" maxCyclomaticComplexity="1" minCyclomaticComplexity="1" maxCrapScore="2" minCrapScore="2" visitedClasses="0" numClasses="0" visitedMethods="0" numMethods="0" />
              <MetadataToken>100663527</MetadataToken>
              <Name>System.Void Calendar.AppointmentWindow/&lt;&gt;c::.cctor()</Name>
              <SequencePoints />
              <BranchPoints />
              <MethodPoint vc="0" uspid="223" ordinal="0" offset="0" />
            </Method>
            <Method visited="false" cyclomaticComplexity="1" nPathComplexity="0" sequenceCoverage="0" branchCoverage="0" crapScore="2" isConstructor="true" isStatic="false" isGetter="false" isSetter="false">
              <Summary numSequencePoints="0" visitedSequencePoints="0" numBranchPoints="0" visitedBranchPoints="0" sequenceCoverage="0" branchCoverage="0" maxCyclomaticComplexity="1" minCyclomaticComplexity="1" maxCrapScore="2" minCrapScore="2" visitedClasses="0" numClasses="0" visitedMethods="0" numMethods="0" />
              <MetadataToken>100663528</MetadataToken>
              <Name>System.Void Calendar.AppointmentWindow/&lt;&gt;c::.ctor()</Name>
              <SequencePoints />
              <BranchPoints />
              <MethodPoint vc="0" uspid="224" ordinal="0" offset="0" />
            </Method>
            <Method visited="false" cyclomaticComplexity="1" nPathComplexity="0" sequenceCoverage="0" branchCoverage="0" crapScore="2" isConstructor="false" isStatic="false" isGetter="false" isSetter="false">
              <Summary numSequencePoints="1" visitedSequencePoints="0" numBranchPoints="1" visitedBranchPoints="0" sequenceCoverage="0" branchCoverage="0" maxCyclomaticComplexity="1" minCyclomaticComplexity="1" maxCrapScore="2" minCrapScore="2" visitedClasses="0" numClasses="0" visitedMethods="0" numMethods="1" />
              <MetadataToken>100663529</MetadataToken>
              <Name>System.Boolean Calendar.AppointmentWindow/&lt;&gt;c::&lt;GetCandidateGuestNames&gt;b__18_1(System.String)</Name>
              <FileRef uid="3" />
              <SequencePoints>
                <SequencePoint vc="0" uspid="225" ordinal="0" offset="0" sl="239" sc="51" el="239" ec="67" bec="0" bev="0" fileid="3" />
              </SequencePoints>
              <BranchPoints />
              <MethodPoint xsi:type="SequencePoint" vc="0" uspid="225" ordinal="0" offset="0" sl="239" sc="51" el="239" ec="67" bec="0" bev="0" fileid="3" />
            </Method>
          </Methods>
        </Class>
        <Class>
          <Summary numSequencePoints="5" visitedSequencePoints="0" numBranchPoints="2" visitedBranchPoints="0" sequenceCoverage="0" branchCoverage="0" maxCyclomaticComplexity="3" minCyclomaticComplexity="1" maxCrapScore="12" minCrapScore="2" visitedClasses="0" numClasses="1" visitedMethods="0" numMethods="2" />
          <FullName>Calendar.CalendarLayout</FullName>
          <Methods>
            <Method visited="false" cyclomaticComplexity="1" nPathComplexity="0" sequenceCoverage="0" branchCoverage="0" crapScore="2" isConstructor="true" isStatic="false" isGetter="false" isSetter="false">
              <Summary numSequencePoints="4" visitedSequencePoints="0" numBranchPoints="1" visitedBranchPoints="0" sequenceCoverage="0" branchCoverage="0" maxCyclomaticComplexity="1" minCyclomaticComplexity="1" maxCrapScore="2" minCrapScore="2" visitedClasses="0" numClasses="0" visitedMethods="0" numMethods="1" />
              <MetadataToken>100663316</MetadataToken>
              <Name>System.Void Calendar.CalendarLayout::.ctor()</Name>
              <FileRef uid="7" />
              <SequencePoints>
                <SequencePoint vc="0" uspid="226" ordinal="0" offset="0" sl="23" sc="9" el="23" ec="32" bec="0" bev="0" fileid="7" />
                <SequencePoint vc="0" uspid="227" ordinal="1" offset="7" sl="24" sc="9" el="24" ec="10" bec="0" bev="0" fileid="7" />
                <SequencePoint vc="0" uspid="228" ordinal="2" offset="8" sl="25" sc="13" el="25" ec="35" bec="0" bev="0" fileid="7" />
                <SequencePoint vc="0" uspid="229" ordinal="3" offset="15" sl="26" sc="9" el="26" ec="10" bec="0" bev="0" fileid="7" />
              </SequencePoints>
              <BranchPoints />
              <MethodPoint xsi:type="SequencePoint" vc="0" uspid="226" ordinal="0" offset="0" sl="23" sc="9" el="23" ec="32" bec="0" bev="0" fileid="7" />
            </Method>
            <Method visited="false" cyclomaticComplexity="2" nPathComplexity="0" sequenceCoverage="0" branchCoverage="0" crapScore="6" isConstructor="false" isStatic="false" isGetter="false" isSetter="false">
              <Summary numSequencePoints="1" visitedSequencePoints="0" numBranchPoints="1" visitedBranchPoints="0" sequenceCoverage="0" branchCoverage="0" maxCyclomaticComplexity="2" minCyclomaticComplexity="2" maxCrapScore="6" minCrapScore="6" visitedClasses="0" numClasses="0" visitedMethods="0" numMethods="1" />
              <MetadataToken>100663317</MetadataToken>
              <Name>System.Void Calendar.CalendarLayout::InitializeComponent()</Name>
              <FileRef uid="8" />
              <SequencePoints>
                <SequencePoint vc="0" uspid="230" ordinal="0" offset="33" sl="1" sc="13" el="1" ec="77" bec="0" bev="0" fileid="8" />
              </SequencePoints>
              <BranchPoints />
              <MethodPoint vc="0" uspid="233" ordinal="0" offset="0" />
            </Method>
            <Method visited="false" cyclomaticComplexity="1" nPathComplexity="0" sequenceCoverage="0" branchCoverage="0" crapScore="2" isConstructor="false" isStatic="false" isGetter="false" isSetter="false">
              <Summary numSequencePoints="0" visitedSequencePoints="0" numBranchPoints="0" visitedBranchPoints="0" sequenceCoverage="0" branchCoverage="0" maxCyclomaticComplexity="1" minCyclomaticComplexity="1" maxCrapScore="2" minCrapScore="2" visitedClasses="0" numClasses="0" visitedMethods="0" numMethods="0" />
              <MetadataToken>100663318</MetadataToken>
              <Name>System.Delegate Calendar.CalendarLayout::_CreateDelegate(System.Type,System.String)</Name>
              <SequencePoints />
              <BranchPoints />
              <MethodPoint vc="0" uspid="234" ordinal="0" offset="0" />
            </Method>
            <Method visited="false" cyclomaticComplexity="3" nPathComplexity="0" sequenceCoverage="0" branchCoverage="0" crapScore="12" isConstructor="false" isStatic="false" isGetter="false" isSetter="false">
              <Summary numSequencePoints="0" visitedSequencePoints="0" numBranchPoints="0" visitedBranchPoints="0" sequenceCoverage="0" branchCoverage="0" maxCyclomaticComplexity="3" minCyclomaticComplexity="3" maxCrapScore="12" minCrapScore="12" visitedClasses="0" numClasses="0" visitedMethods="0" numMethods="0" />
              <MetadataToken>100663319</MetadataToken>
              <Name>System.Void Calendar.CalendarLayout::System.Windows.Markup.IComponentConnector.Connect(System.Int32,System.Object)</Name>
              <SequencePoints />
              <BranchPoints />
              <MethodPoint vc="0" uspid="235" ordinal="0" offset="0" />
            </Method>
          </Methods>
        </Class>
        <Class>
          <Summary numSequencePoints="87" visitedSequencePoints="0" numBranchPoints="22" visitedBranchPoints="0" sequenceCoverage="0" branchCoverage="0" maxCyclomaticComplexity="5" minCyclomaticComplexity="1" maxCrapScore="30" minCrapScore="2" visitedClasses="0" numClasses="1" visitedMethods="0" numMethods="16" />
          <FullName>Calendar.CalendarNavbar</FullName>
          <Methods>
            <Method visited="false" cyclomaticComplexity="1" nPathComplexity="0" sequenceCoverage="0" branchCoverage="0" crapScore="2" isConstructor="true" isStatic="false" isGetter="false" isSetter="false">
              <Summary numSequencePoints="6" visitedSequencePoints="0" numBranchPoints="1" visitedBranchPoints="0" sequenceCoverage="0" branchCoverage="0" maxCyclomaticComplexity="1" minCyclomaticComplexity="1" maxCrapScore="2" minCrapScore="2" visitedClasses="0" numClasses="0" visitedMethods="0" numMethods="1" />
              <MetadataToken>100663320</MetadataToken>
              <Name>System.Void Calendar.CalendarNavbar::.ctor()</Name>
              <FileRef uid="9" />
              <SequencePoints>
                <SequencePoint vc="0" uspid="236" ordinal="0" offset="0" sl="39" sc="9" el="39" ec="32" bec="0" bev="0" fileid="9" />
                <SequencePoint vc="0" uspid="237" ordinal="1" offset="7" sl="40" sc="9" el="40" ec="10" bec="0" bev="0" fileid="9" />
                <SequencePoint vc="0" uspid="238" ordinal="2" offset="8" sl="41" sc="13" el="41" ec="47" bec="0" bev="0" fileid="9" />
                <SequencePoint vc="0" uspid="239" ordinal="3" offset="14" sl="42" sc="13" el="42" ec="31" bec="0" bev="0" fileid="9" />
                <SequencePoint vc="0" uspid="240" ordinal="4" offset="21" sl="43" sc="13" el="43" ec="35" bec="0" bev="0" fileid="9" />
                <SequencePoint vc="0" uspid="241" ordinal="5" offset="28" sl="44" sc="9" el="44" ec="10" bec="0" bev="0" fileid="9" />
              </SequencePoints>
              <BranchPoints />
              <MethodPoint xsi:type="SequencePoint" vc="0" uspid="236" ordinal="0" offset="0" sl="39" sc="9" el="39" ec="32" bec="0" bev="0" fileid="9" />
            </Method>
            <Method visited="false" cyclomaticComplexity="1" nPathComplexity="0" sequenceCoverage="0" branchCoverage="0" crapScore="2" isConstructor="false" isStatic="false" isGetter="false" isSetter="false">
              <Summary numSequencePoints="4" visitedSequencePoints="0" numBranchPoints="1" visitedBranchPoints="0" sequenceCoverage="0" branchCoverage="0" maxCyclomaticComplexity="1" minCyclomaticComplexity="1" maxCrapScore="2" minCrapScore="2" visitedClasses="0" numClasses="0" visitedMethods="0" numMethods="1" />
              <MetadataToken>100663321</MetadataToken>
              <Name>System.Void Calendar.CalendarNavbar::CurrentCalendarViewOption_SelectionChanged(System.Object,System.Windows.Controls.SelectionChangedEventArgs)</Name>
              <FileRef uid="9" />
              <SequencePoints>
                <SequencePoint vc="0" uspid="242" ordinal="0" offset="0" sl="47" sc="9" el="47" ec="10" bec="0" bev="0" fileid="9" />
                <SequencePoint vc="0" uspid="243" ordinal="1" offset="1" sl="48" sc="13" el="48" ec="68" bec="0" bev="0" fileid="9" />
                <SequencePoint vc="0" uspid="244" ordinal="2" offset="13" sl="49" sc="13" el="49" ec="35" bec="0" bev="0" fileid="9" />
                <SequencePoint vc="0" uspid="245" ordinal="3" offset="20" sl="50" sc="9" el="50" ec="10" bec="0" bev="0" fileid="9" />
              </SequencePoints>
              <BranchPoints />
              <MethodPoint xsi:type="SequencePoint" vc="0" uspid="242" ordinal="0" offset="0" sl="47" sc="9" el="47" ec="10" bec="0" bev="0" fileid="9" />
            </Method>
            <Method visited="false" cyclomaticComplexity="1" nPathComplexity="0" sequenceCoverage="0" branchCoverage="0" crapScore="2" isConstructor="false" isStatic="false" isGetter="false" isSetter="false">
              <Summary numSequencePoints="3" visitedSequencePoints="0" numBranchPoints="1" visitedBranchPoints="0" sequenceCoverage="0" branchCoverage="0" maxCyclomaticComplexity="1" minCyclomaticComplexity="1" maxCrapScore="2" minCrapScore="2" visitedClasses="0" numClasses="0" visitedMethods="0" numMethods="1" />
              <MetadataToken>100663322</MetadataToken>
              <Name>System.Void Calendar.CalendarNavbar::BackwardNavigation_Click(System.Object,System.Windows.RoutedEventArgs)</Name>
              <FileRef uid="9" />
              <SequencePoints>
                <SequencePoint vc="0" uspid="246" ordinal="0" offset="0" sl="53" sc="9" el="53" ec="10" bec="0" bev="0" fileid="9" />
                <SequencePoint vc="0" uspid="247" ordinal="1" offset="1" sl="54" sc="13" el="54" ec="42" bec="0" bev="0" fileid="9" />
                <SequencePoint vc="0" uspid="248" ordinal="2" offset="9" sl="55" sc="9" el="55" ec="10" bec="0" bev="0" fileid="9" />
              </SequencePoints>
              <BranchPoints />
              <MethodPoint xsi:type="SequencePoint" vc="0" uspid="246" ordinal="0" offset="0" sl="53" sc="9" el="53" ec="10" bec="0" bev="0" fileid="9" />
            </Method>
            <Method visited="false" cyclomaticComplexity="1" nPathComplexity="0" sequenceCoverage="0" branchCoverage="0" crapScore="2" isConstructor="false" isStatic="false" isGetter="false" isSetter="false">
              <Summary numSequencePoints="3" visitedSequencePoints="0" numBranchPoints="1" visitedBranchPoints="0" sequenceCoverage="0" branchCoverage="0" maxCyclomaticComplexity="1" minCyclomaticComplexity="1" maxCrapScore="2" minCrapScore="2" visitedClasses="0" numClasses="0" visitedMethods="0" numMethods="1" />
              <MetadataToken>100663323</MetadataToken>
              <Name>System.Void Calendar.CalendarNavbar::ForwardNavigation_Click(System.Object,System.Windows.RoutedEventArgs)</Name>
              <FileRef uid="9" />
              <SequencePoints>
                <SequencePoint vc="0" uspid="249" ordinal="0" offset="0" sl="58" sc="9" el="58" ec="10" bec="0" bev="0" fileid="9" />
                <SequencePoint vc="0" uspid="250" ordinal="1" offset="1" sl="59" sc="13" el="59" ec="43" bec="0" bev="0" fileid="9" />
                <SequencePoint vc="0" uspid="251" ordinal="2" offset="9" sl="60" sc="9" el="60" ec="10" bec="0" bev="0" fileid="9" />
              </SequencePoints>
              <BranchPoints />
              <MethodPoint xsi:type="SequencePoint" vc="0" uspid="249" ordinal="0" offset="0" sl="58" sc="9" el="58" ec="10" bec="0" bev="0" fileid="9" />
            </Method>
            <Method visited="false" cyclomaticComplexity="2" nPathComplexity="2" sequenceCoverage="0" branchCoverage="0" crapScore="6" isConstructor="false" isStatic="false" isGetter="false" isSetter="false">
              <Summary numSequencePoints="11" visitedSequencePoints="0" numBranchPoints="3" visitedBranchPoints="0" sequenceCoverage="0" branchCoverage="0" maxCyclomaticComplexity="2" minCyclomaticComplexity="2" maxCrapScore="6" minCrapScore="6" visitedClasses="0" numClasses="0" visitedMethods="0" numMethods="1" />
              <MetadataToken>100663324</MetadataToken>
              <Name>System.Void Calendar.CalendarNavbar::MoveCalendar(System.Int32)</Name>
              <FileRef uid="9" />
              <SequencePoints>
                <SequencePoint vc="0" uspid="252" ordinal="0" offset="0" sl="63" sc="9" el="63" ec="10" bec="0" bev="0" fileid="9" />
                <SequencePoint vc="0" uspid="253" ordinal="1" offset="1" sl="64" sc="13" el="64" ec="65" bec="0" bev="0" fileid="9" />
                <SequencePoint vc="0" uspid="254" ordinal="2" offset="7" sl="65" sc="13" el="65" ec="82" bec="0" bev="0" fileid="9" />
                <SequencePoint vc="0" uspid="255" ordinal="3" offset="14" sl="66" sc="13" el="66" ec="55" bec="2" bev="0" fileid="9" />
                <SequencePoint vc="0" uspid="256" ordinal="4" offset="31" sl="69" sc="21" el="69" ec="102" bec="0" bev="0" fileid="9" />
                <SequencePoint vc="0" uspid="257" ordinal="5" offset="43" sl="70" sc="21" el="70" ec="27" bec="0" bev="0" fileid="9" />
                <SequencePoint vc="0" uspid="258" ordinal="6" offset="45" sl="72" sc="21" el="72" ec="81" bec="0" bev="0" fileid="9" />
                <SequencePoint vc="0" uspid="259" ordinal="7" offset="54" sl="73" sc="21" el="73" ec="27" bec="0" bev="0" fileid="9" />
                <SequencePoint vc="0" uspid="260" ordinal="8" offset="56" sl="75" sc="13" el="75" ec="56" bec="0" bev="0" fileid="9" />
[...]
            </Method>
            <Method visited="false" cyclomaticComplexity="1" nPathComplexity="0" sequenceCoverage="0" branchCoverage="0" crapScore="2" isConstructor="false" isStatic="false" isGetter="false" isSetter="false">
              <Summary numSequencePoints="5" visitedSequencePoints="0" numBranchPoints="1" visitedBranchPoints="0" sequenceCoverage="0" branchCoverage="0" maxCyclomaticComplexity="1" minCyclomaticComplexity="1" maxCrapScore="2" minCrapScore="2" visitedClasses="0" numClasses="0" visitedMethods="0" numMethods="1" />
              <MetadataToken>100663515</MetadataToken>
              <Name>System.Boolean Calendar.Controller.AppointmentController::IsNotBlankTitle(System.String)</Name>
              <FileRef uid="40" />
              <SequencePoints>
                <SequencePoint vc="0" uspid="1719" ordinal="0" offset="0" sl="233" sc="9" el="233" ec="10" bec="0" bev="0" fileid="40" />
                <SequencePoint vc="0" uspid="1720" ordinal="1" offset="1" sl="234" sc="13" el="234" ec="59" bec="0" bev="0" fileid="40" />
                <SequencePoint vc="0" uspid="1721" ordinal="2" offset="8" sl="235" sc="13" el="235" ec="63" bec="0" bev="0" fileid="40" />
                <SequencePoint vc="0" uspid="1722" ordinal="3" offset="18" sl="236" sc="13" el="236" ec="36" bec="0" bev="0" fileid="40" />
                <SequencePoint vc="0" uspid="1723" ordinal="4" offset="22" sl="237" sc="9" el="237" ec="10" bec="0" bev="0" fileid="40" />
              </SequencePoints>
              <BranchPoints />
              <MethodPoint xsi:type="SequencePoint" vc="0" uspid="1719" ordinal="0" offset="0" sl="233" sc="9" el="233" ec="10" bec="0" bev="0" fileid="40" />
            </Method>
            <Method visited="false" cyclomaticComplexity="1" nPathComplexity="0" sequenceCoverage="0" branchCoverage="0" crapScore="2" isConstructor="false" isStatic="false" isGetter="false" isSetter="false">
              <Summary numSequencePoints="4" visitedSequencePoints="0" numBranchPoints="1" visitedBranchPoints="0" sequenceCoverage="0" branchCoverage="0" maxCyclomaticComplexity="1" minCyclomaticComplexity="1" maxCrapScore="2" minCrapScore="2" visitedClasses="0" numClasses="0" visitedMethods="0" numMethods="1" />
              <MetadataToken>100663516</MetadataToken>
              <Name>System.Boolean Calendar.Controller.AppointmentController::IsValidEndTime()</Name>
              <FileRef uid="40" />
              <SequencePoints>
                <SequencePoint vc="0" uspid="1724" ordinal="0" offset="0" sl="240" sc="9" el="240" ec="10" bec="0" bev="0" fileid="40" />
                <SequencePoint vc="0" uspid="1725" ordinal="1" offset="1" sl="241" sc="13" el="241" ec="66" bec="0" bev="0" fileid="40" />
                <SequencePoint vc="0" uspid="1726" ordinal="2" offset="19" sl="242" sc="13" el="242" ec="36" bec="0" bev="0" fileid="40" />
                <SequencePoint vc="0" uspid="1727" ordinal="3" offset="23" sl="243" sc="9" el="243" ec="10" bec="0" bev="0" fileid="40" />
              </SequencePoints>
              <BranchPoints />
              <MethodPoint xsi:type="SequencePoint" vc="0" uspid="1724" ordinal="0" offset="0" sl="240" sc="9" el="240" ec="10" bec="0" bev="0" fileid="40" />
            </Method>
            <Method visited="false" cyclomaticComplexity="1" nPathComplexity="0" sequenceCoverage="0" branchCoverage="0" crapScore="2" isConstructor="false" isStatic="false" isGetter="false" isSetter="false">
              <Summary numSequencePoints="3" visitedSequencePoints="0" numBranchPoints="1" visitedBranchPoints="0" sequenceCoverage="0" branchCoverage="0" maxCyclomaticComplexity="1" minCyclomaticComplexity="1" maxCrapScore="2" minCrapScore="2" visitedClasses="0" numClasses="0" visitedMethods="0" numMethods="1" />
              <MetadataToken>100663517</MetadataToken>
              <Name>System.Collections.Generic.List`1&lt;Calendar.Model.User&gt; Calendar.Controller.AppointmentController::GetSourceAppointmentGuests()</Name>
              <FileRef uid="40" />
              <SequencePoints>
                <SequencePoint vc="0" uspid="1728" ordinal="0" offset="0" sl="246" sc="9" el="246" ec="10" bec="0" bev="0" fileid="40" />
                <SequencePoint vc="0" uspid="1729" ordinal="1" offset="1" sl="247" sc="13" el="247" ec="45" bec="0" bev="0" fileid="40" />
                <SequencePoint vc="0" uspid="1730" ordinal="2" offset="15" sl="248" sc="9" el="248" ec="10" bec="0" bev="0" fileid="40" />
              </SequencePoints>
              <BranchPoints />
              <MethodPoint xsi:type="SequencePoint" vc="0" uspid="1728" ordinal="0" offset="0" sl="246" sc="9" el="246" ec="10" bec="0" bev="0" fileid="40" />
            </Method>
            <Method visited="false" cyclomaticComplexity="1" nPathComplexity="0" sequenceCoverage="0" branchCoverage="0" crapScore="2" isConstructor="false" isStatic="false" isGetter="false" isSetter="false">
              <Summary numSequencePoints="3" visitedSequencePoints="0" numBranchPoints="1" visitedBranchPoints="0" sequenceCoverage="0" branchCoverage="0" maxCyclomaticComplexity="1" minCyclomaticComplexity="1" maxCrapScore="2" minCrapScore="2" visitedClasses="0" numClasses="0" visitedMethods="0" numMethods="1" />
              <MetadataToken>100663518</MetadataToken>
              <Name>System.String Calendar.Controller.AppointmentController::GetSourceAppointmentTitle()</Name>
              <FileRef uid="40" />
              <SequencePoints>
                <SequencePoint vc="0" uspid="1731" ordinal="0" offset="0" sl="251" sc="9" el="251" ec="10" bec="0" bev="0" fileid="40" />
                <SequencePoint vc="0" uspid="1732" ordinal="1" offset="1" sl="252" sc="13" el="252" ec="44" bec="0" bev="0" fileid="40" />
                <SequencePoint vc="0" uspid="1733" ordinal="2" offset="15" sl="253" sc="9" el="253" ec="10" bec="0" bev="0" fileid="40" />
              </SequencePoints>
              <BranchPoints />
              <MethodPoint xsi:type="SequencePoint" vc="0" uspid="1731" ordinal="0" offset="0" sl="251" sc="9" el="251" ec="10" bec="0" bev="0" fileid="40" />
            </Method>
            <Method visited="false" cyclomaticComplexity="1" nPathComplexity="0" sequenceCoverage="0" branchCoverage="0" crapScore="2" isConstructor="false" isStatic="false" isGetter="false" isSetter="false">
              <Summary numSequencePoints="3" visitedSequencePoints="0" numBranchPoints="1" visitedBranchPoints="0" sequenceCoverage="0" branchCoverage="0" maxCyclomaticComplexity="1" minCyclomaticComplexity="1" maxCrapScore="2" minCrapScore="2" visitedClasses="0" numClasses="0" visitedMethods="0" numMethods="1" />
              <MetadataToken>100663519</MetadataToken>
              <Name>System.String Calendar.Controller.AppointmentController::GetSourceAppointmentDescription()</Name>
              <FileRef uid="40" />
              <SequencePoints>
                <SequencePoint vc="0" uspid="1734" ordinal="0" offset="0" sl="256" sc="9" el="256" ec="10" bec="0" bev="0" fileid="40" />
                <SequencePoint vc="0" uspid="1735" ordinal="1" offset="1" sl="257" sc="13" el="257" ec="50" bec="0" bev="0" fileid="40" />
                <SequencePoint vc="0" uspid="1736" ordinal="2" offset="15" sl="258" sc="9" el="258" ec="10" bec="0" bev="0" fileid="40" />
              </SequencePoints>
              <BranchPoints />
              <MethodPoint xsi:type="SequencePoint" vc="0" uspid="1734" ordinal="0" offset="0" sl="256" sc="9" el="256" ec="10" bec="0" bev="0" fileid="40" />
            </Method>
            <Method visited="false" cyclomaticComplexity="1" nPathComplexity="0" sequenceCoverage="0" branchCoverage="0" crapScore="2" isConstructor="false" isStatic="false" isGetter="false" isSetter="false">
              <Summary numSequencePoints="3" visitedSequencePoints="0" numBranchPoints="1" visitedBranchPoints="0" sequenceCoverage="0" branchCoverage="0" maxCyclomaticComplexity="1" minCyclomaticComplexity="1" maxCrapScore="2" minCrapScore="2" visitedClasses="0" numClasses="0" visitedMethods="0" numMethods="1" />
              <MetadataToken>100663520</MetadataToken>
              <Name>System.DateTime Calendar.Controller.AppointmentController::GetSourceAppointmentStart()</Name>
              <FileRef uid="40" />
              <SequencePoints>
                <SequencePoint vc="0" uspid="1737" ordinal="0" offset="0" sl="261" sc="9" el="261" ec="10" bec="0" bev="0" fileid="40" />
                <SequencePoint vc="0" uspid="1738" ordinal="1" offset="1" sl="262" sc="13" el="262" ec="44" bec="0" bev="0" fileid="40" />
                <SequencePoint vc="0" uspid="1739" ordinal="2" offset="15" sl="263" sc="9" el="263" ec="10" bec="0" bev="0" fileid="40" />
              </SequencePoints>
              <BranchPoints />
              <MethodPoint xsi:type="SequencePoint" vc="0" uspid="1737" ordinal="0" offset="0" sl="261" sc="9" el="261" ec="10" bec="0" bev="0" fileid="40" />
            </Method>
            <Method visited="false" cyclomaticComplexity="1" nPathComplexity="0" sequenceCoverage="0" branchCoverage="0" crapScore="2" isConstructor="false" isStatic="false" isGetter="false" isSetter="false">
              <Summary numSequencePoints="3" visitedSequencePoints="0" numBranchPoints="1" visitedBranchPoints="0" sequenceCoverage="0" branchCoverage="0" maxCyclomaticComplexity="1" minCyclomaticComplexity="1" maxCrapScore="2" minCrapScore="2" visitedClasses="0" numClasses="0" visitedMethods="0" numMethods="1" />
              <MetadataToken>100663521</MetadataToken>
              <Name>System.DateTime Calendar.Controller.AppointmentController::GetSourceAppointmentEnd()</Name>
              <FileRef uid="40" />
              <SequencePoints>
                <SequencePoint vc="0" uspid="1740" ordinal="0" offset="0" sl="266" sc="9" el="266" ec="10" bec="0" bev="0" fileid="40" />
                <SequencePoint vc="0" uspid="1741" ordinal="1" offset="1" sl="267" sc="13" el="267" ec="42" bec="0" bev="0" fileid="40" />
                <SequencePoint vc="0" uspid="1742" ordinal="2" offset="15" sl="268" sc="9" el="268" ec="10" bec="0" bev="0" fileid="40" />
              </SequencePoints>
              <BranchPoints />
              <MethodPoint xsi:type="SequencePoint" vc="0" uspid="1740" ordinal="0" offset="0" sl="266" sc="9" el="266" ec="10" bec="0" bev="0" fileid="40" />
            </Method>
            <Method visited="false" cyclomaticComplexity="1" nPathComplexity="0" sequenceCoverage="0" branchCoverage="0" crapScore="2" isConstructor="false" isStatic="false" isGetter="false" isSetter="false">
              <Summary numSequencePoints="3" visitedSequencePoints="0" numBranchPoints="1" visitedBranchPoints="0" sequenceCoverage="0" branchCoverage="0" maxCyclomaticComplexity="1" minCyclomaticComplexity="1" maxCrapScore="2" minCrapScore="2" visitedClasses="0" numClasses="0" visitedMethods="0" numMethods="1" />
              <MetadataToken>100663522</MetadataToken>
              <Name>System.Void Calendar.Controller.AppointmentController::ClearOldValidationMessages()</Name>
              <FileRef uid="40" />
              <SequencePoints>
                <SequencePoint vc="0" uspid="1743" ordinal="0" offset="0" sl="271" sc="9" el="271" ec="10" bec="0" bev="0" fileid="40" />
                <SequencePoint vc="0" uspid="1744" ordinal="1" offset="1" sl="272" sc="13" el="272" ec="40" bec="0" bev="0" fileid="40" />
                <SequencePoint vc="0" uspid="1745" ordinal="2" offset="13" sl="273" sc="9" el="273" ec="10" bec="0" bev="0" fileid="40" />
              </SequencePoints>
              <BranchPoints />
              <MethodPoint xsi:type="SequencePoint" vc="0" uspid="1743" ordinal="0" offset="0" sl="271" sc="9" el="271" ec="10" bec="0" bev="0" fileid="40" />
            </Method>
            <Method visited="false" cyclomaticComplexity="1" nPathComplexity="0" sequenceCoverage="0" branchCoverage="0" crapScore="2" isConstructor="false" isStatic="false" isGetter="false" isSetter="false">
              <Summary numSequencePoints="1" visitedSequencePoints="0" numBranchPoints="1" visitedBranchPoints="0" sequenceCoverage="0" branchCoverage="0" maxCyclomaticComplexity="1" minCyclomaticComplexity="1" maxCrapScore="2" minCrapScore="2" visitedClasses="0" numClasses="0" visitedMethods="0" numMethods="1" />
              <MetadataToken>100663523</MetadataToken>
              <Name>System.Boolean Calendar.Controller.AppointmentController::&lt;SaveAppointmentData&gt;b__22_1(Calendar.Model.User)</Name>
              <FileRef uid="40" />
              <SequencePoints>
                <SequencePoint vc="0" uspid="1746" ordinal="0" offset="0" sl="89" sc="57" el="89" ec="114" bec="0" bev="0" fileid="40" />
              </SequencePoints>
              <BranchPoints />
              <MethodPoint xsi:type="SequencePoint" vc="0" uspid="1746" ordinal="0" offset="0" sl="89" sc="57" el="89" ec="114" bec="0" bev="0" fileid="40" />
            </Method>
            <Method visited="false" cyclomaticComplexity="1" nPathComplexity="0" sequenceCoverage="0" branchCoverage="0" crapScore="2" isConstructor="false" isStatic="false" isGetter="false" isSetter="false">
              <Summary numSequencePoints="1" visitedSequencePoints="0" numBranchPoints="1" visitedBranchPoints="0" sequenceCoverage="0" branchCoverage="0" maxCyclomaticComplexity="1" minCyclomaticComplexity="1" maxCrapScore="2" minCrapScore="2" visitedClasses="0" numClasses="0" visitedMethods="0" numMethods="1" />
              <MetadataToken>100663524</MetadataToken>
              <Name>System.Boolean Calendar.Controller.AppointmentController::&lt;ExistingAppointmentCollision&gt;b__30_1(Calendar.Model.User)</Name>
              <FileRef uid="40" />
              <SequencePoints>
                <SequencePoint vc="0" uspid="1747" ordinal="0" offset="0" sl="172" sc="72" el="172" ec="120" bec="0" bev="0" fileid="40" />
              </SequencePoints>
              <BranchPoints />
              <MethodPoint xsi:type="SequencePoint" vc="0" uspid="1747" ordinal="0" offset="0" sl="172" sc="72" el="172" ec="120" bec="0" bev="0" fileid="40" />
            </Method>
          </Methods>
        </Class>
        <Class>
          <Summary numSequencePoints="3" visitedSequencePoints="0" numBranchPoints="3" visitedBranchPoints="0" sequenceCoverage="0" branchCoverage="0" maxCyclomaticComplexity="1" minCyclomaticComplexity="1" maxCrapScore="2" minCrapScore="2" visitedClasses="0" numClasses="1" visitedMethods="0" numMethods="3" />
          <FullName>Calendar.Controller.AppointmentController/&lt;&gt;c</FullName>
          <Methods>
            <Method visited="false" cyclomaticComplexity="1" nPathComplexity="0" sequenceCoverage="0" branchCoverage="0" crapScore="2" isConstructor="true" isStatic="true" isGetter="false" isSetter="false">
              <Summary numSequencePoints="0" visitedSequencePoints="0" numBranchPoints="0" visitedBranchPoints="0" sequenceCoverage="0" branchCoverage="0" maxCyclomaticComplexity="1" minCyclomaticComplexity="1" maxCrapScore="2" minCrapScore="2" visitedClasses="0" numClasses="0" visitedMethods="0" numMethods="0" />
              <MetadataToken>100663542</MetadataToken>
              <Name>System.Void Calendar.Controller.AppointmentController/&lt;&gt;c::.cctor()</Name>
              <SequencePoints />
              <BranchPoints />
              <MethodPoint vc="0" uspid="1748" ordinal="0" offset="0" />
            </Method>
            <Method visited="false" cyclomaticComplexity="1" nPathComplexity="0" sequenceCoverage="0" branchCoverage="0" crapScore="2" isConstructor="true" isStatic="false" isGetter="false" isSetter="false">
              <Summary numSequencePoints="0" visitedSequencePoints="0" numBranchPoints="0" visitedBranchPoints="0" sequenceCoverage="0" branchCoverage="0" maxCyclomaticComplexity="1" minCyclomaticComplexity="1" maxCrapScore="2" minCrapScore="2" visitedClasses="0" numClasses="0" visitedMethods="0" numMethods="0" />
              <MetadataToken>100663543</MetadataToken>
              <Name>System.Void Calendar.Controller.AppointmentController/&lt;&gt;c::.ctor()</Name>
              <SequencePoints />
              <BranchPoints />
              <MethodPoint vc="0" uspid="1749" ordinal="0" offset="0" />
            </Method>
            <Method visited="false" cyclomaticComplexity="1" nPathComplexity="0" sequenceCoverage="0" branchCoverage="0" crapScore="2" isConstructor="false" isStatic="false" isGetter="false" isSetter="false">
              <Summary numSequencePoints="1" visitedSequencePoints="0" numBranchPoints="1" visitedBranchPoints="0" sequenceCoverage="0" branchCoverage="0" maxCyclomaticComplexity="1" minCyclomaticComplexity="1" maxCrapScore="2" minCrapScore="2" visitedClasses="0" numClasses="0" visitedMethods="0" numMethods="1" />
              <MetadataToken>100663544</MetadataToken>
              <Name>System.Boolean Calendar.Controller.AppointmentController/&lt;&gt;c::&lt;SaveAppointmentData&gt;b__22_0(Calendar.Model.User)</Name>
              <FileRef uid="40" />
              <SequencePoints>
                <SequencePoint vc="0" uspid="1750" ordinal="0" offset="0" sl="88" sc="57" el="88" ec="79" bec="0" bev="0" fileid="40" />
              </SequencePoints>
              <BranchPoints />
              <MethodPoint xsi:type="SequencePoint" vc="0" uspid="1750" ordinal="0" offset="0" sl="88" sc="57" el="88" ec="79" bec="0" bev="0" fileid="40" />
            </Method>
            <Method visited="false" cyclomaticComplexity="1" nPathComplexity="0" sequenceCoverage="0" branchCoverage="0" crapScore="2" isConstructor="false" isStatic="false" isGetter="false" isSetter="false">
              <Summary numSequencePoints="1" visitedSequencePoints="0" numBranchPoints="1" visitedBranchPoints="0" sequenceCoverage="0" branchCoverage="0" maxCyclomaticComplexity="1" minCyclomaticComplexity="1" maxCrapScore="2" minCrapScore="2" visitedClasses="0" numClasses="0" visitedMethods="0" numMethods="1" />
              <MetadataToken>100663545</MetadataToken>
              <Name>System.Boolean Calendar.Controller.AppointmentController/&lt;&gt;c::&lt;ExistsNullGuest&gt;b__25_0(System.String)</Name>
              <FileRef uid="40" />
              <SequencePoints>
                <SequencePoint vc="0" uspid="1751" ordinal="0" offset="0" sl="128" sc="64" el="128" ec="114" bec="0" bev="0" fileid="40" />
              </SequencePoints>
              <BranchPoints />
              <MethodPoint xsi:type="SequencePoint" vc="0" uspid="1751" ordinal="0" offset="0" sl="128" sc="64" el="128" ec="114" bec="0" bev="0" fileid="40" />
            </Method>
            <Method visited="false" cyclomaticComplexity="1" nPathComplexity="0" sequenceCoverage="0" branchCoverage="0" crapScore="2" isConstructor="false" isStatic="false" isGetter="false" isSetter="false">
              <Summary numSequencePoints="1" visitedSequencePoints="0" numBranchPoints="1" visitedBranchPoints="0" sequenceCoverage="0" branchCoverage="0" maxCyclomaticComplexity="1" minCyclomaticComplexity="1" maxCrapScore="2" minCrapScore="2" visitedClasses="0" numClasses="0" visitedMethods="0" numMethods="1" />
              <MetadataToken>100663546</MetadataToken>
              <Name>System.Boolean Calendar.Controller.AppointmentController/&lt;&gt;c::&lt;ExistingAppointmentCollision&gt;b__30_0(Calendar.Model.User)</Name>
              <FileRef uid="40" />
              <SequencePoints>
                <SequencePoint vc="0" uspid="1752" ordinal="0" offset="0" sl="171" sc="80" el="171" ec="93" bec="0" bev="0" fileid="40" />
              </SequencePoints>
              <BranchPoints />
              <MethodPoint xsi:type="SequencePoint" vc="0" uspid="1752" ordinal="0" offset="0" sl="171" sc="80" el="171" ec="93" bec="0" bev="0" fileid="40" />
            </Method>
          </Methods>
        </Class>
      </Classes>
      <TrackedMethods />
    </Module>
  </Modules>
</CoverageSession>